OpenROAD 41a51eaf4ca2171c92ff38afb91eb37bbd3f36da 
This program is licensed under the BSD-3 license. See the LICENSE file for details.
Components of this program may be licensed under more restrictive licenses which must be honored.
[INFO]: Reading ODB at '/openlane/designs/compute_core/runs/run_4*4/results/cts/compute_core.odb'…
define_corners Slowest Typical Fastest
read_liberty -corner Slowest /root/.ciel/sky130A/libs.ref/sky130_fd_sc_hd/lib/sky130_fd_sc_hd__ss_100C_1v60.lib
read_liberty -corner Typical /root/.ciel/sky130A/libs.ref/sky130_fd_sc_hd/lib/sky130_fd_sc_hd__tt_025C_1v80.lib
read_liberty -corner Fastest /root/.ciel/sky130A/libs.ref/sky130_fd_sc_hd/lib/sky130_fd_sc_hd__ff_n40C_1v95.lib
Using 1e-12 for capacitance...
Using 1e+03 for resistance...
Using 1e-09 for time...
Using 1e+00 for voltage...
Using 1e-03 for current...
Using 1e-09 for power...
Using 1e-06 for distance...
Reading design constraints file at '/openlane/designs/compute_core/runs/run_4*4/results/cts/compute_core.sdc'…
[INFO]: Setting RC values...
[INFO RSZ-0045] Inserted 97 buffers, 1 to split loads.
[INFO RSZ-0041] Resized 194 instances.
[WARNING RSZ-0062] Unable to repair all setup violations.
[INFO RSZ-0046] Found 2289 endpoints with hold violations.
[INFO RSZ-0032] Inserted 2311 hold buffers.
Placement Analysis
---------------------------------
total displacement      10501.2 u
average displacement        0.3 u
max displacement           19.3 u
original HPWL          694007.7 u
legalized HPWL         717586.5 u
delta HPWL                    3 %

[INFO DPL-0020] Mirrored 9902 instances
[INFO DPL-0021] HPWL before          717586.5 u
[INFO DPL-0022] HPWL after           697385.5 u
[INFO DPL-0023] HPWL delta               -2.8 %
Setting global connections for newly added cells…
Writing OpenROAD database to '/openlane/designs/compute_core/runs/run_4*4/tmp/cts/14-compute_core.resized.odb'…
Writing netlist to '/openlane/designs/compute_core/runs/run_4*4/tmp/cts/14-compute_core.resized.nl.v'…
Writing powered netlist to '/openlane/designs/compute_core/runs/run_4*4/tmp/cts/14-compute_core.resized.pnl.v'…
Writing layout to '/openlane/designs/compute_core/runs/run_4*4/tmp/cts/14-compute_core.resized.def'…
Writing timing constraints to '/openlane/designs/compute_core/runs/run_4*4/tmp/cts/14-compute_core.resized.sdc'…
area_report

===========================================================================
report_design_area
============================================================================
Design area 251865 u^2 44% utilization.
area_report_end
