
===========================================================================
 report_power
============================================================================
======================= Fastest Corner ===================================

Group                  Internal  Switching    Leakage      Total
                          Power      Power      Power      Power (Watts)
----------------------------------------------------------------
Sequential             2.02e-02   8.62e-03   3.71e-06   2.88e-02  19.1%
Combinational          5.85e-02   6.38e-02   2.36e-07   1.22e-01  80.9%
Macro                  0.00e+00   0.00e+00   0.00e+00   0.00e+00   0.0%
Pad                    0.00e+00   0.00e+00   0.00e+00   0.00e+00   0.0%
----------------------------------------------------------------
Total                  7.87e-02   7.24e-02   3.94e-06   1.51e-01 100.0%
                          52.1%      47.9%       0.0%

======================= Slowest Corner ===================================

Group                  Internal  Switching    Leakage      Total
                          Power      Power      Power      Power (Watts)
----------------------------------------------------------------
Sequential             1.38e-02   5.65e-03   4.61e-05   1.95e-02  18.8%
Combinational          4.22e-02   4.20e-02   1.12e-04   8.43e-02  81.2%
Macro                  0.00e+00   0.00e+00   0.00e+00   0.00e+00   0.0%
Pad                    0.00e+00   0.00e+00   0.00e+00   0.00e+00   0.0%
----------------------------------------------------------------
Total                  5.60e-02   4.76e-02   1.58e-04   1.04e-01 100.0%
                          54.0%      45.9%       0.2%

======================= Typical Corner ===================================

Group                  Internal  Switching    Leakage      Total
                          Power      Power      Power      Power (Watts)
----------------------------------------------------------------
Sequential             1.75e-02   7.23e-03   3.69e-06   2.48e-02  18.9%
Combinational          5.23e-02   5.37e-02   1.30e-07   1.06e-01  81.1%
Macro                  0.00e+00   0.00e+00   0.00e+00   0.00e+00   0.0%
Pad                    0.00e+00   0.00e+00   0.00e+00   0.00e+00   0.0%
----------------------------------------------------------------
Total                  6.98e-02   6.10e-02   3.82e-06   1.31e-01 100.0%
                          53.4%      46.6%       0.0%

