
===========================================================================
report_checks -unconstrained
===========================================================================
======================= Fastest Corner ===================================

Startpoint: rst_n (input port clocked by clk)
Endpoint: _37845_ (recovery check against rising-edge clock clk)
Path Group: asynchronous
Path Type: max
Corner: Fastest

Fanout     Cap    Slew   Delay    Time   Description
-----------------------------------------------------------------------------
                          0.00    0.00   clock clk (rise edge)
                          0.00    0.00   clock network delay (propagated)
                          2.00    2.00 ^ input external delay
                  0.02    0.01    2.01 ^ rst_n (in)
     1    0.00                           rst_n (net)
                  0.02    0.00    2.01 ^ hold104/A (sky130_fd_sc_hd__dlygate4sd3_1)
                  0.04    0.38    2.39 ^ hold104/X (sky130_fd_sc_hd__dlygate4sd3_1)
     1    0.00                           net520 (net)
                  0.04    0.00    2.39 ^ input132/A (sky130_fd_sc_hd__clkbuf_2)
                  0.12    0.14    2.53 ^ input132/X (sky130_fd_sc_hd__clkbuf_2)
     2    0.03                           net132 (net)
                  0.12    0.00    2.53 ^ fanout356/A (sky130_fd_sc_hd__buf_4)
                  0.23    0.24    2.77 ^ fanout356/X (sky130_fd_sc_hd__buf_4)
     5    0.11                           net356 (net)
                  0.23    0.02    2.78 ^ fanout347/A (sky130_fd_sc_hd__buf_2)
                  0.15    0.19    2.98 ^ fanout347/X (sky130_fd_sc_hd__buf_2)
     5    0.04                           net347 (net)
                  0.15    0.00    2.98 ^ fanout346/A (sky130_fd_sc_hd__buf_4)
                  0.16    0.20    3.17 ^ fanout346/X (sky130_fd_sc_hd__buf_4)
    10    0.08                           net346 (net)
                  0.16    0.00    3.18 ^ fanout345/A (sky130_fd_sc_hd__clkbuf_4)
                  0.11    0.18    3.36 ^ fanout345/X (sky130_fd_sc_hd__clkbuf_4)
     8    0.04                           net345 (net)
                  0.11    0.00    3.36 ^ fanout344/A (sky130_fd_sc_hd__clkbuf_4)
                  0.12    0.18    3.54 ^ fanout344/X (sky130_fd_sc_hd__clkbuf_4)
    10    0.05                           net344 (net)
                  0.12    0.00    3.54 ^ fanout343/A (sky130_fd_sc_hd__clkbuf_4)
                  0.13    0.19    3.74 ^ fanout343/X (sky130_fd_sc_hd__clkbuf_4)
    10    0.06                           net343 (net)
                  0.13    0.00    3.74 ^ _37845_/RESET_B (sky130_fd_sc_hd__dfrtp_1)
                                  3.74   data arrival time

                         10.00   10.00   clock clk (rise edge)
                          0.00   10.00   clock source latency
                  0.37    0.25   10.25 ^ clk (in)
     2    0.11                           clk (net)
                  0.37    0.00   10.25 ^ clkbuf_0_clk/A (sky130_fd_sc_hd__clkbuf_16)
                  0.13    0.20   10.45 ^ clkbuf_0_clk/X (sky130_fd_sc_hd__clkbuf_16)
     4    0.15                           clknet_0_clk (net)
                  0.13    0.01   10.45 ^ clkbuf_2_1_0_clk/A (sky130_fd_sc_hd__clkbuf_8)
                  0.25    0.25   10.70 ^ clkbuf_2_1_0_clk/X (sky130_fd_sc_hd__clkbuf_8)
     8    0.19                           clknet_2_1_0_clk (net)
                  0.25    0.01   10.71 ^ clkbuf_5_8__f_clk/A (sky130_fd_sc_hd__clkbuf_16)
                  0.13    0.19   10.90 ^ clkbuf_5_8__f_clk/X (sky130_fd_sc_hd__clkbuf_16)
    12    0.15                           clknet_5_8__leaf_clk (net)
                  0.13    0.00   10.90 ^ clkbuf_leaf_85_clk/A (sky130_fd_sc_hd__clkbuf_16)
                  0.03    0.10   11.01 ^ clkbuf_leaf_85_clk/X (sky130_fd_sc_hd__clkbuf_16)
     6    0.02                           clknet_leaf_85_clk (net)
                  0.03    0.00   11.01 ^ _37845_/CLK (sky130_fd_sc_hd__dfrtp_1)
                         -0.25   10.76   clock uncertainty
                          0.00   10.76   clock reconvergence pessimism
                          0.12   10.88   library recovery time
                                 10.88   data required time
-----------------------------------------------------------------------------
                                 10.88   data required time
                                 -3.74   data arrival time
-----------------------------------------------------------------------------
                                  7.14   slack (MET)


Startpoint: x_in_flat[29] (input port clocked by clk)
Endpoint: _40375_ (rising edge-triggered flip-flop clocked by clk)
Path Group: clk
Path Type: max
Corner: Fastest

Fanout     Cap    Slew   Delay    Time   Description
-----------------------------------------------------------------------------
                          0.00    0.00   clock clk (rise edge)
                          0.00    0.00   clock network delay (propagated)
                          2.00    2.00 v input external delay
                  0.01    0.00    2.00 v x_in_flat[29] (in)
     1    0.00                           x_in_flat[29] (net)
                  0.01    0.00    2.00 v input156/A (sky130_fd_sc_hd__buf_4)
                  0.08    0.13    2.14 v input156/X (sky130_fd_sc_hd__buf_4)
     4    0.08                           net156 (net)
                  0.09    0.02    2.16 v _36007_/B (sky130_fd_sc_hd__or4_1)
                  0.06    0.33    2.48 v _36007_/X (sky130_fd_sc_hd__or4_1)
     1    0.01                           _13642_ (net)
                  0.06    0.00    2.48 v _36008_/B1 (sky130_fd_sc_hd__o22a_4)
                  0.12    0.24    2.72 v _36008_/X (sky130_fd_sc_hd__o22a_4)
     6    0.12                           _13643_ (net)
                  0.13    0.01    2.74 v _36009_/A (sky130_fd_sc_hd__buf_2)
                  0.08    0.17    2.91 v _36009_/X (sky130_fd_sc_hd__buf_2)
    10    0.04                           _13644_ (net)
                  0.08    0.00    2.91 v _36035_/B (sky130_fd_sc_hd__and2_1)
                  0.03    0.12    3.03 v _36035_/X (sky130_fd_sc_hd__and2_1)
     1    0.00                           _13667_ (net)
                  0.03    0.00    3.03 v _36036_/A (sky130_fd_sc_hd__clkbuf_4)
                  0.07    0.14    3.17 v _36036_/X (sky130_fd_sc_hd__clkbuf_4)
    10    0.05                           _13668_ (net)
                  0.07    0.00    3.18 v _36067_/B (sky130_fd_sc_hd__and4b_1)
                  0.05    0.16    3.33 v _36067_/X (sky130_fd_sc_hd__and4b_1)
     3    0.01                           _13697_ (net)
                  0.05    0.00    3.33 v _36098_/B (sky130_fd_sc_hd__or2_1)
                  0.05    0.16    3.49 v _36098_/X (sky130_fd_sc_hd__or2_1)
     2    0.01                           _13727_ (net)
                  0.05    0.00    3.49 v _36099_/B (sky130_fd_sc_hd__xnor2_1)
                  0.05    0.10    3.59 v _36099_/Y (sky130_fd_sc_hd__xnor2_1)
     2    0.01                           _13728_ (net)
                  0.05    0.00    3.59 v _36100_/B (sky130_fd_sc_hd__or2_1)
                  0.05    0.16    3.75 v _36100_/X (sky130_fd_sc_hd__or2_1)
     3    0.01                           _13729_ (net)
                  0.05    0.00    3.75 v _36134_/A (sky130_fd_sc_hd__xnor2_1)
                  0.17    0.18    3.93 ^ _36134_/Y (sky130_fd_sc_hd__xnor2_1)
     2    0.01                           _13762_ (net)
                  0.17    0.00    3.93 ^ _36141_/A (sky130_fd_sc_hd__xor2_1)
                  0.15    0.15    4.08 ^ _36141_/X (sky130_fd_sc_hd__xor2_1)
     2    0.01                           _13769_ (net)
                  0.15    0.00    4.08 ^ _36142_/B (sky130_fd_sc_hd__xnor2_1)
                  0.15    0.11    4.19 ^ _36142_/Y (sky130_fd_sc_hd__xnor2_1)
     2    0.01                           _13770_ (net)
                  0.15    0.00    4.19 ^ _36145_/A (sky130_fd_sc_hd__xor2_1)
                  0.14    0.15    4.34 ^ _36145_/X (sky130_fd_sc_hd__xor2_1)
     2    0.01                           _13773_ (net)
                  0.14    0.00    4.34 ^ _36146_/B (sky130_fd_sc_hd__xnor2_1)
                  0.16    0.12    4.46 ^ _36146_/Y (sky130_fd_sc_hd__xnor2_1)
     2    0.01                           _13774_ (net)
                  0.16    0.00    4.46 ^ _36147_/B1 (sky130_fd_sc_hd__o21ai_2)
                  0.05    0.04    4.50 v _36147_/Y (sky130_fd_sc_hd__o21ai_2)
     3    0.01                           _13775_ (net)
                  0.05    0.00    4.50 v _36192_/A2 (sky130_fd_sc_hd__a211o_1)
                  0.06    0.23    4.73 v _36192_/X (sky130_fd_sc_hd__a211o_1)
     3    0.01                           _13819_ (net)
                  0.06    0.00    4.73 v _36241_/A2 (sky130_fd_sc_hd__a211o_1)
                  0.06    0.23    4.96 v _36241_/X (sky130_fd_sc_hd__a211o_1)
     3    0.01                           _13867_ (net)
                  0.06    0.00    4.96 v _36296_/A2 (sky130_fd_sc_hd__a21o_1)
                  0.05    0.15    5.12 v _36296_/X (sky130_fd_sc_hd__a21o_1)
     3    0.01                           _13921_ (net)
                  0.05    0.00    5.12 v _36345_/A2 (sky130_fd_sc_hd__a21o_1)
                  0.04    0.14    5.26 v _36345_/X (sky130_fd_sc_hd__a21o_1)
     3    0.01                           _13969_ (net)
                  0.04    0.00    5.26 v _36407_/A2 (sky130_fd_sc_hd__a21o_1)
                  0.05    0.14    5.41 v _36407_/X (sky130_fd_sc_hd__a21o_1)
     3    0.01                           _14030_ (net)
                  0.05    0.00    5.41 v _36459_/A2 (sky130_fd_sc_hd__a21o_1)
                  0.05    0.15    5.55 v _36459_/X (sky130_fd_sc_hd__a21o_1)
     3    0.01                           _14081_ (net)
                  0.05    0.00    5.55 v _36510_/A2 (sky130_fd_sc_hd__a21o_1)
                  0.05    0.15    5.70 v _36510_/X (sky130_fd_sc_hd__a21o_1)
     3    0.01                           _14131_ (net)
                  0.05    0.00    5.70 v _36550_/A2 (sky130_fd_sc_hd__a21o_1)
                  0.05    0.15    5.85 v _36550_/X (sky130_fd_sc_hd__a21o_1)
     3    0.01                           _14170_ (net)
                  0.05    0.00    5.85 v _36585_/A2 (sky130_fd_sc_hd__a21o_1)
                  0.05    0.15    6.00 v _36585_/X (sky130_fd_sc_hd__a21o_1)
     3    0.01                           _14204_ (net)
                  0.05    0.00    6.00 v _36615_/A2 (sky130_fd_sc_hd__a21o_1)
                  0.04    0.14    6.15 v _36615_/X (sky130_fd_sc_hd__a21o_1)
     3    0.01                           _14233_ (net)
                  0.04    0.00    6.15 v _36642_/A2 (sky130_fd_sc_hd__a21o_1)
                  0.05    0.14    6.29 v _36642_/X (sky130_fd_sc_hd__a21o_1)
     3    0.01                           _14259_ (net)
                  0.05    0.00    6.29 v _36664_/A1 (sky130_fd_sc_hd__a21o_1)
                  0.04    0.13    6.42 v _36664_/X (sky130_fd_sc_hd__a21o_1)
     3    0.01                           _14280_ (net)
                  0.04    0.00    6.42 v _36680_/A1 (sky130_fd_sc_hd__a21o_1)
                  0.04    0.13    6.54 v _36680_/X (sky130_fd_sc_hd__a21o_1)
     3    0.01                           _14295_ (net)
                  0.04    0.00    6.54 v _36688_/A1 (sky130_fd_sc_hd__a21oi_1)
                  0.13    0.13    6.67 ^ _36688_/Y (sky130_fd_sc_hd__a21oi_1)
     2    0.01                           _14302_ (net)
                  0.13    0.00    6.67 ^ _36690_/A1_N (sky130_fd_sc_hd__a2bb2o_1)
                  0.03    0.14    6.81 v _36690_/X (sky130_fd_sc_hd__a2bb2o_1)
     1    0.00                           _02800_ (net)
                  0.03    0.00    6.81 v _40375_/D (sky130_fd_sc_hd__dfxtp_1)
                                  6.81   data arrival time

                         10.00   10.00   clock clk (rise edge)
                          0.00   10.00   clock source latency
                  0.37    0.25   10.25 ^ clk (in)
     2    0.11                           clk (net)
                  0.37    0.00   10.25 ^ clkbuf_0_clk/A (sky130_fd_sc_hd__clkbuf_16)
                  0.13    0.20   10.45 ^ clkbuf_0_clk/X (sky130_fd_sc_hd__clkbuf_16)
     4    0.15                           clknet_0_clk (net)
                  0.13    0.01   10.45 ^ clkbuf_2_0_0_clk/A (sky130_fd_sc_hd__clkbuf_8)
                  0.26    0.26   10.71 ^ clkbuf_2_0_0_clk/X (sky130_fd_sc_hd__clkbuf_8)
     8    0.20                           clknet_2_0_0_clk (net)
                  0.26    0.01   10.72 ^ clkbuf_5_4__f_clk/A (sky130_fd_sc_hd__clkbuf_16)
                  0.12    0.19   10.90 ^ clkbuf_5_4__f_clk/X (sky130_fd_sc_hd__clkbuf_16)
    12    0.15                           clknet_5_4__leaf_clk (net)
                  0.12    0.00   10.91 ^ clkbuf_leaf_375_clk/A (sky130_fd_sc_hd__clkbuf_16)
                  0.04    0.11   11.01 ^ clkbuf_leaf_375_clk/X (sky130_fd_sc_hd__clkbuf_16)
     8    0.03                           clknet_leaf_375_clk (net)
                  0.04    0.00   11.02 ^ _40375_/CLK (sky130_fd_sc_hd__dfxtp_1)
                         -0.25   10.77   clock uncertainty
                          0.00   10.77   clock reconvergence pessimism
                         -0.07   10.70   library setup time
                                 10.70   data required time
-----------------------------------------------------------------------------
                                 10.70   data required time
                                 -6.81   data arrival time
-----------------------------------------------------------------------------
                                  3.89   slack (MET)



======================= Slowest Corner ===================================

Startpoint: rst_n (input port clocked by clk)
Endpoint: _37845_ (recovery check against rising-edge clock clk)
Path Group: asynchronous
Path Type: max
Corner: Slowest

Fanout     Cap    Slew   Delay    Time   Description
-----------------------------------------------------------------------------
                          0.00    0.00   clock clk (rise edge)
                          0.00    0.00   clock network delay (propagated)
                          2.00    2.00 ^ input external delay
                  0.03    0.02    2.02 ^ rst_n (in)
     1    0.00                           rst_n (net)
                  0.03    0.00    2.02 ^ hold104/A (sky130_fd_sc_hd__dlygate4sd3_1)
                  0.09    1.07    3.09 ^ hold104/X (sky130_fd_sc_hd__dlygate4sd3_1)
     1    0.00                           net520 (net)
                  0.09    0.00    3.09 ^ input132/A (sky130_fd_sc_hd__clkbuf_2)
                  0.24    0.34    3.43 ^ input132/X (sky130_fd_sc_hd__clkbuf_2)
     2    0.03                           net132 (net)
                  0.24    0.00    3.43 ^ fanout356/A (sky130_fd_sc_hd__buf_4)
                  0.48    0.61    4.04 ^ fanout356/X (sky130_fd_sc_hd__buf_4)
     5    0.11                           net356 (net)
                  0.48    0.02    4.06 ^ fanout347/A (sky130_fd_sc_hd__buf_2)
                  0.31    0.56    4.62 ^ fanout347/X (sky130_fd_sc_hd__buf_2)
     5    0.04                           net347 (net)
                  0.31    0.00    4.62 ^ fanout346/A (sky130_fd_sc_hd__buf_4)
                  0.33    0.53    5.15 ^ fanout346/X (sky130_fd_sc_hd__buf_4)
    10    0.07                           net346 (net)
                  0.33    0.00    5.15 ^ fanout345/A (sky130_fd_sc_hd__clkbuf_4)
                  0.21    0.49    5.65 ^ fanout345/X (sky130_fd_sc_hd__clkbuf_4)
     8    0.04                           net345 (net)
                  0.21    0.00    5.65 ^ fanout344/A (sky130_fd_sc_hd__clkbuf_4)
                  0.24    0.46    6.11 ^ fanout344/X (sky130_fd_sc_hd__clkbuf_4)
    10    0.05                           net344 (net)
                  0.24    0.00    6.11 ^ fanout343/A (sky130_fd_sc_hd__clkbuf_4)
                  0.26    0.49    6.60 ^ fanout343/X (sky130_fd_sc_hd__clkbuf_4)
    10    0.05                           net343 (net)
                  0.26    0.00    6.60 ^ _37845_/RESET_B (sky130_fd_sc_hd__dfrtp_1)
                                  6.60   data arrival time

                         10.00   10.00   clock clk (rise edge)
                          0.00   10.00   clock source latency
                  0.80    0.53   10.53 ^ clk (in)
     2    0.11                           clk (net)
                  0.80    0.00   10.53 ^ clkbuf_0_clk/A (sky130_fd_sc_hd__clkbuf_16)
                  0.26    0.62   11.16 ^ clkbuf_0_clk/X (sky130_fd_sc_hd__clkbuf_16)
     4    0.15                           clknet_0_clk (net)
                  0.26    0.01   11.16 ^ clkbuf_2_1_0_clk/A (sky130_fd_sc_hd__clkbuf_8)
                  0.51    0.61   11.77 ^ clkbuf_2_1_0_clk/X (sky130_fd_sc_hd__clkbuf_8)
     8    0.19                           clknet_2_1_0_clk (net)
                  0.51    0.01   11.77 ^ clkbuf_5_8__f_clk/A (sky130_fd_sc_hd__clkbuf_16)
                  0.25    0.53   12.30 ^ clkbuf_5_8__f_clk/X (sky130_fd_sc_hd__clkbuf_16)
    12    0.15                           clknet_5_8__leaf_clk (net)
                  0.25    0.00   12.31 ^ clkbuf_leaf_85_clk/A (sky130_fd_sc_hd__clkbuf_16)
                  0.07    0.29   12.59 ^ clkbuf_leaf_85_clk/X (sky130_fd_sc_hd__clkbuf_16)
     6    0.02                           clknet_leaf_85_clk (net)
                  0.07    0.00   12.59 ^ _37845_/CLK (sky130_fd_sc_hd__dfrtp_1)
                         -0.25   12.34   clock uncertainty
                          0.00   12.34   clock reconvergence pessimism
                          0.39   12.73   library recovery time
                                 12.73   data required time
-----------------------------------------------------------------------------
                                 12.73   data required time
                                 -6.60   data arrival time
-----------------------------------------------------------------------------
                                  6.13   slack (MET)


Startpoint: _40120_ (rising edge-triggered flip-flop clocked by clk)
Endpoint: _39910_ (rising edge-triggered flip-flop clocked by clk)
Path Group: clk
Path Type: max
Corner: Slowest

Fanout     Cap    Slew   Delay    Time   Description
-----------------------------------------------------------------------------
                          0.00    0.00   clock clk (rise edge)
                          0.00    0.00   clock source latency
                  0.80    0.59    0.59 ^ clk (in)
     2    0.11                           clk (net)
                  0.80    0.00    0.59 ^ clkbuf_0_clk/A (sky130_fd_sc_hd__clkbuf_16)
                  0.26    0.69    1.28 ^ clkbuf_0_clk/X (sky130_fd_sc_hd__clkbuf_16)
     4    0.15                           clknet_0_clk (net)
                  0.26    0.00    1.28 ^ clkbuf_2_3_0_clk/A (sky130_fd_sc_hd__clkbuf_8)
                  0.50    0.67    1.95 ^ clkbuf_2_3_0_clk/X (sky130_fd_sc_hd__clkbuf_8)
     8    0.19                           clknet_2_3_0_clk (net)
                  0.50    0.01    1.96 ^ clkbuf_5_26__f_clk/A (sky130_fd_sc_hd__clkbuf_16)
                  0.29    0.62    2.57 ^ clkbuf_5_26__f_clk/X (sky130_fd_sc_hd__clkbuf_16)
    13    0.18                           clknet_5_26__leaf_clk (net)
                  0.29    0.01    2.58 ^ clkbuf_leaf_163_clk/A (sky130_fd_sc_hd__clkbuf_16)
                  0.10    0.36    2.94 ^ clkbuf_leaf_163_clk/X (sky130_fd_sc_hd__clkbuf_16)
    13    0.04                           clknet_leaf_163_clk (net)
                  0.10    0.00    2.94 ^ _40120_/CLK (sky130_fd_sc_hd__dfrtp_1)
                  0.12    0.84    3.78 v _40120_/Q (sky130_fd_sc_hd__dfrtp_1)
     2    0.01                           col_deskew_out[1].genblk1.u_deskew_buf.gen_delay.ptr[1] (net)
                  0.12    0.00    3.78 v _32122_/A (sky130_fd_sc_hd__buf_6)
                  0.07    0.28    4.06 v _32122_/X (sky130_fd_sc_hd__buf_6)
     6    0.03                           _10221_ (net)
                  0.07    0.00    4.06 v _32127_/A (sky130_fd_sc_hd__nor3b_4)
                  0.38    0.47    4.53 ^ _32127_/Y (sky130_fd_sc_hd__nor3b_4)
     3    0.02                           _10226_ (net)
                  0.38    0.00    4.53 ^ _32129_/C1 (sky130_fd_sc_hd__a2111oi_4)
                  0.13    0.20    4.73 v _32129_/Y (sky130_fd_sc_hd__a2111oi_4)
     2    0.01                           _10228_ (net)
                  0.13    0.00    4.73 v max_cap300/A (sky130_fd_sc_hd__buf_4)
                  0.07    0.32    5.05 v max_cap300/X (sky130_fd_sc_hd__buf_4)
     3    0.02                           net300 (net)
                  0.07    0.00    5.05 v wire298/A (sky130_fd_sc_hd__clkbuf_2)
                  0.18    0.31    5.36 v wire298/X (sky130_fd_sc_hd__clkbuf_2)
     3    0.02                           net298 (net)
                  0.18    0.00    5.36 v _32140_/A2 (sky130_fd_sc_hd__a2111oi_2)
                  1.01    1.17    6.53 ^ _32140_/Y (sky130_fd_sc_hd__a2111oi_2)
     1    0.02                           _10239_ (net)
                  1.01    0.00    6.53 ^ wire287/A (sky130_fd_sc_hd__clkbuf_2)
                  0.23    0.66    7.19 ^ wire287/X (sky130_fd_sc_hd__clkbuf_2)
     3    0.03                           net287 (net)
                  0.23    0.00    7.19 ^ _32141_/B (sky130_fd_sc_hd__and2_4)
                  0.24    0.52    7.71 ^ _32141_/X (sky130_fd_sc_hd__and2_4)
     3    0.05                           _10240_ (net)
                  0.24    0.01    7.72 ^ _32157_/A1 (sky130_fd_sc_hd__a21boi_4)
                  0.11    0.20    7.92 v _32157_/Y (sky130_fd_sc_hd__a21boi_4)
     4    0.02                           _10256_ (net)
                  0.11    0.00    7.92 v _32200_/A (sky130_fd_sc_hd__buf_4)
                  0.10    0.33    8.25 v _32200_/X (sky130_fd_sc_hd__buf_4)
    10    0.03                           _10296_ (net)
                  0.10    0.00    8.25 v _32342_/B (sky130_fd_sc_hd__and3_1)
                  0.12    0.41    8.67 v _32342_/X (sky130_fd_sc_hd__and3_1)
     3    0.01                           _10433_ (net)
                  0.12    0.00    8.67 v _32344_/B1 (sky130_fd_sc_hd__a21o_1)
                  0.09    0.34    9.01 v _32344_/X (sky130_fd_sc_hd__a21o_1)
     2    0.01                           _10435_ (net)
                  0.09    0.00    9.01 v _32347_/A2 (sky130_fd_sc_hd__a21o_1)
                  0.12    0.40    9.41 v _32347_/X (sky130_fd_sc_hd__a21o_1)
     3    0.01                           _10438_ (net)
                  0.12    0.00    9.41 v _32353_/B (sky130_fd_sc_hd__and3_1)
                  0.10    0.41    9.82 v _32353_/X (sky130_fd_sc_hd__and3_1)
     2    0.01                           _10444_ (net)
                  0.10    0.00    9.82 v _32356_/A (sky130_fd_sc_hd__or3_4)
                  0.15    0.86   10.68 v _32356_/X (sky130_fd_sc_hd__or3_4)
     4    0.02                           _10447_ (net)
                  0.15    0.00   10.68 v _32367_/A1 (sky130_fd_sc_hd__a21o_1)
                  0.13    0.41   11.09 v _32367_/X (sky130_fd_sc_hd__a21o_1)
     2    0.01                           _10458_ (net)
                  0.13    0.00   11.09 v _32369_/A2 (sky130_fd_sc_hd__a211oi_2)
                  0.41    0.54   11.63 ^ _32369_/Y (sky130_fd_sc_hd__a211oi_2)
     2    0.01                           _10460_ (net)
                  0.41    0.00   11.63 ^ _32370_/C (sky130_fd_sc_hd__nor3_2)
                  0.11    0.22   11.85 v _32370_/Y (sky130_fd_sc_hd__nor3_2)
     3    0.01                           _10461_ (net)
                  0.11    0.00   11.85 v _32419_/A2 (sky130_fd_sc_hd__o211a_4)
                  0.10    0.51   12.36 v _32419_/X (sky130_fd_sc_hd__o211a_4)
     5    0.02                           _10509_ (net)
                  0.10    0.00   12.36 v _32422_/A (sky130_fd_sc_hd__or4bb_4)
                  0.16    1.12   13.49 v _32422_/X (sky130_fd_sc_hd__or4bb_4)
     2    0.01                           _10512_ (net)
                  0.16    0.00   13.49 v _32428_/C1 (sky130_fd_sc_hd__o211a_1)
                  0.12    0.30   13.79 v _32428_/X (sky130_fd_sc_hd__o211a_1)
     3    0.01                           _10518_ (net)
                  0.12    0.00   13.79 v _32481_/B (sky130_fd_sc_hd__or3_4)
                  0.12    0.77   14.56 v _32481_/X (sky130_fd_sc_hd__or3_4)
     2    0.01                           _10570_ (net)
                  0.12    0.00   14.56 v _32540_/A2 (sky130_fd_sc_hd__a21o_1)
                  0.11    0.41   14.97 v _32540_/X (sky130_fd_sc_hd__a21o_1)
     3    0.01                           _10628_ (net)
                  0.11    0.00   14.97 v _32595_/A2 (sky130_fd_sc_hd__a21o_1)
                  0.12    0.41   15.38 v _32595_/X (sky130_fd_sc_hd__a21o_1)
     2    0.01                           _10682_ (net)
                  0.12    0.00   15.38 v _32647_/A2 (sky130_fd_sc_hd__a21oi_2)
                  0.27    0.36   15.73 ^ _32647_/Y (sky130_fd_sc_hd__a21oi_2)
     3    0.01                           _10733_ (net)
                  0.27    0.00   15.74 ^ _32692_/A2 (sky130_fd_sc_hd__o21ai_2)
                  0.17    0.27   16.00 v _32692_/Y (sky130_fd_sc_hd__o21ai_2)
     3    0.02                           _10777_ (net)
                  0.17    0.00   16.00 v _32734_/A2 (sky130_fd_sc_hd__a21o_1)
                  0.12    0.44   16.44 v _32734_/X (sky130_fd_sc_hd__a21o_1)
     3    0.01                           _10818_ (net)
                  0.12    0.00   16.44 v _32771_/A2 (sky130_fd_sc_hd__a21boi_2)
                  0.24    0.34   16.78 ^ _32771_/Y (sky130_fd_sc_hd__a21boi_2)
     3    0.01                           _10854_ (net)
                  0.24    0.00   16.78 ^ _32804_/A2 (sky130_fd_sc_hd__o21ai_2)
                  0.12    0.20   16.98 v _32804_/Y (sky130_fd_sc_hd__o21ai_2)
     3    0.01                           _10886_ (net)
                  0.12    0.00   16.98 v _32833_/A2 (sky130_fd_sc_hd__a21o_1)
                  0.12    0.41   17.39 v _32833_/X (sky130_fd_sc_hd__a21o_1)
     2    0.01                           _10914_ (net)
                  0.12    0.00   17.39 v _32860_/A2 (sky130_fd_sc_hd__a21oi_2)
                  0.34    0.41   17.80 ^ _32860_/Y (sky130_fd_sc_hd__a21oi_2)
     3    0.02                           _10940_ (net)
                  0.34    0.00   17.80 ^ _32861_/B (sky130_fd_sc_hd__nor2_2)
                  0.09    0.17   17.98 v _32861_/Y (sky130_fd_sc_hd__nor2_2)
     3    0.01                           _10941_ (net)
                  0.09    0.00   17.98 v _32875_/A2 (sky130_fd_sc_hd__o31a_1)
                  0.09    0.55   18.53 v _32875_/X (sky130_fd_sc_hd__o31a_1)
     1    0.00                           _10954_ (net)
                  0.09    0.00   18.53 v _32876_/B2 (sky130_fd_sc_hd__a22o_1)
                  0.07    0.37   18.90 v _32876_/X (sky130_fd_sc_hd__a22o_1)
     1    0.00                           _02335_ (net)
                  0.07    0.00   18.90 v _39910_/D (sky130_fd_sc_hd__dfxtp_1)
                                 18.90   data arrival time

                         10.00   10.00   clock clk (rise edge)
                          0.00   10.00   clock source latency
                  0.80    0.53   10.53 ^ clk (in)
     2    0.11                           clk (net)
                  0.80    0.00   10.53 ^ clkbuf_0_clk/A (sky130_fd_sc_hd__clkbuf_16)
                  0.26    0.62   11.16 ^ clkbuf_0_clk/X (sky130_fd_sc_hd__clkbuf_16)
     4    0.15                           clknet_0_clk (net)
                  0.26    0.01   11.16 ^ clkbuf_2_1_0_clk/A (sky130_fd_sc_hd__clkbuf_8)
                  0.51    0.61   11.77 ^ clkbuf_2_1_0_clk/X (sky130_fd_sc_hd__clkbuf_8)
     8    0.19                           clknet_2_1_0_clk (net)
                  0.51    0.01   11.77 ^ clkbuf_5_11__f_clk/A (sky130_fd_sc_hd__clkbuf_16)
                  0.28    0.55   12.32 ^ clkbuf_5_11__f_clk/X (sky130_fd_sc_hd__clkbuf_16)
    15    0.17                           clknet_5_11__leaf_clk (net)
                  0.28    0.01   12.33 ^ clkbuf_leaf_92_clk/A (sky130_fd_sc_hd__clkbuf_16)
                  0.07    0.30   12.63 ^ clkbuf_leaf_92_clk/X (sky130_fd_sc_hd__clkbuf_16)
     6    0.02                           clknet_leaf_92_clk (net)
                  0.07    0.00   12.63 ^ _39910_/CLK (sky130_fd_sc_hd__dfxtp_1)
                         -0.25   12.38   clock uncertainty
                          0.12   12.50   clock reconvergence pessimism
                         -0.27   12.23   library setup time
                                 12.23   data required time
-----------------------------------------------------------------------------
                                 12.23   data required time
                                -18.90   data arrival time
-----------------------------------------------------------------------------
                                 -6.67   slack (VIOLATED)



======================= Typical Corner ===================================

Startpoint: rst_n (input port clocked by clk)
Endpoint: _37845_ (recovery check against rising-edge clock clk)
Path Group: asynchronous
Path Type: max
Corner: Typical

Fanout     Cap    Slew   Delay    Time   Description
-----------------------------------------------------------------------------
                          0.00    0.00   clock clk (rise edge)
                          0.00    0.00   clock network delay (propagated)
                          2.00    2.00 ^ input external delay
                  0.02    0.01    2.01 ^ rst_n (in)
     1    0.00                           rst_n (net)
                  0.02    0.00    2.01 ^ hold104/A (sky130_fd_sc_hd__dlygate4sd3_1)
                  0.05    0.55    2.56 ^ hold104/X (sky130_fd_sc_hd__dlygate4sd3_1)
     1    0.00                           net520 (net)
                  0.05    0.00    2.56 ^ input132/A (sky130_fd_sc_hd__clkbuf_2)
                  0.16    0.20    2.76 ^ input132/X (sky130_fd_sc_hd__clkbuf_2)
     2    0.03                           net132 (net)
                  0.16    0.00    2.76 ^ fanout356/A (sky130_fd_sc_hd__buf_4)
                  0.30    0.34    3.10 ^ fanout356/X (sky130_fd_sc_hd__buf_4)
     5    0.11                           net356 (net)
                  0.30    0.02    3.12 ^ fanout347/A (sky130_fd_sc_hd__buf_2)
                  0.20    0.30    3.42 ^ fanout347/X (sky130_fd_sc_hd__buf_2)
     5    0.04                           net347 (net)
                  0.20    0.00    3.42 ^ fanout346/A (sky130_fd_sc_hd__buf_4)
                  0.21    0.30    3.72 ^ fanout346/X (sky130_fd_sc_hd__buf_4)
    10    0.08                           net346 (net)
                  0.21    0.00    3.72 ^ fanout345/A (sky130_fd_sc_hd__clkbuf_4)
                  0.14    0.28    4.00 ^ fanout345/X (sky130_fd_sc_hd__clkbuf_4)
     8    0.04                           net345 (net)
                  0.14    0.00    4.00 ^ fanout344/A (sky130_fd_sc_hd__clkbuf_4)
                  0.16    0.27    4.27 ^ fanout344/X (sky130_fd_sc_hd__clkbuf_4)
    10    0.05                           net344 (net)
                  0.16    0.00    4.27 ^ fanout343/A (sky130_fd_sc_hd__clkbuf_4)
                  0.18    0.29    4.56 ^ fanout343/X (sky130_fd_sc_hd__clkbuf_4)
    10    0.06                           net343 (net)
                  0.18    0.00    4.56 ^ _37845_/RESET_B (sky130_fd_sc_hd__dfrtp_1)
                                  4.56   data arrival time

                         10.00   10.00   clock clk (rise edge)
                          0.00   10.00   clock source latency
                  0.50    0.33   10.33 ^ clk (in)
     2    0.11                           clk (net)
                  0.50    0.00   10.33 ^ clkbuf_0_clk/A (sky130_fd_sc_hd__clkbuf_16)
                  0.17    0.32   10.65 ^ clkbuf_0_clk/X (sky130_fd_sc_hd__clkbuf_16)
     4    0.15                           clknet_0_clk (net)
                  0.17    0.01   10.66 ^ clkbuf_2_1_0_clk/A (sky130_fd_sc_hd__clkbuf_8)
                  0.33    0.36   11.02 ^ clkbuf_2_1_0_clk/X (sky130_fd_sc_hd__clkbuf_8)
     8    0.19                           clknet_2_1_0_clk (net)
                  0.33    0.01   11.02 ^ clkbuf_5_8__f_clk/A (sky130_fd_sc_hd__clkbuf_16)
                  0.16    0.29   11.31 ^ clkbuf_5_8__f_clk/X (sky130_fd_sc_hd__clkbuf_16)
    12    0.15                           clknet_5_8__leaf_clk (net)
                  0.16    0.00   11.32 ^ clkbuf_leaf_85_clk/A (sky130_fd_sc_hd__clkbuf_16)
                  0.04    0.16   11.47 ^ clkbuf_leaf_85_clk/X (sky130_fd_sc_hd__clkbuf_16)
     6    0.02                           clknet_leaf_85_clk (net)
                  0.04    0.00   11.47 ^ _37845_/CLK (sky130_fd_sc_hd__dfrtp_1)
                         -0.25   11.22   clock uncertainty
                          0.00   11.22   clock reconvergence pessimism
                          0.20   11.42   library recovery time
                                 11.42   data required time
-----------------------------------------------------------------------------
                                 11.42   data required time
                                 -4.56   data arrival time
-----------------------------------------------------------------------------
                                  6.86   slack (MET)


Startpoint: _40119_ (rising edge-triggered flip-flop clocked by clk)
Endpoint: _39910_ (rising edge-triggered flip-flop clocked by clk)
Path Group: clk
Path Type: max
Corner: Typical

Fanout     Cap    Slew   Delay    Time   Description
-----------------------------------------------------------------------------
                          0.00    0.00   clock clk (rise edge)
                          0.00    0.00   clock source latency
                  0.50    0.37    0.37 ^ clk (in)
     2    0.11                           clk (net)
                  0.50    0.00    0.37 ^ clkbuf_0_clk/A (sky130_fd_sc_hd__clkbuf_16)
                  0.17    0.36    0.72 ^ clkbuf_0_clk/X (sky130_fd_sc_hd__clkbuf_16)
     4    0.15                           clknet_0_clk (net)
                  0.17    0.00    0.73 ^ clkbuf_2_3_0_clk/A (sky130_fd_sc_hd__clkbuf_8)
                  0.33    0.39    1.12 ^ clkbuf_2_3_0_clk/X (sky130_fd_sc_hd__clkbuf_8)
     8    0.19                           clknet_2_3_0_clk (net)
                  0.33    0.01    1.13 ^ clkbuf_5_26__f_clk/A (sky130_fd_sc_hd__clkbuf_16)
                  0.19    0.34    1.47 ^ clkbuf_5_26__f_clk/X (sky130_fd_sc_hd__clkbuf_16)
    13    0.18                           clknet_5_26__leaf_clk (net)
                  0.19    0.01    1.47 ^ clkbuf_leaf_162_clk/A (sky130_fd_sc_hd__clkbuf_16)
                  0.06    0.20    1.67 ^ clkbuf_leaf_162_clk/X (sky130_fd_sc_hd__clkbuf_16)
    11    0.04                           clknet_leaf_162_clk (net)
                  0.06    0.00    1.67 ^ _40119_/CLK (sky130_fd_sc_hd__dfrtp_1)
                  0.07    0.41    2.08 v _40119_/Q (sky130_fd_sc_hd__dfrtp_1)
     2    0.01                           col_deskew_out[1].genblk1.u_deskew_buf.gen_delay.ptr[0] (net)
                  0.07    0.00    2.08 v _32124_/A (sky130_fd_sc_hd__buf_6)
                  0.06    0.16    2.25 v _32124_/X (sky130_fd_sc_hd__buf_6)
    10    0.05                           _10223_ (net)
                  0.06    0.00    2.25 v _32127_/B (sky130_fd_sc_hd__nor3b_4)
                  0.24    0.27    2.52 ^ _32127_/Y (sky130_fd_sc_hd__nor3b_4)
     3    0.02                           _10226_ (net)
                  0.24    0.00    2.52 ^ _32129_/C1 (sky130_fd_sc_hd__a2111oi_4)
                  0.07    0.09    2.60 v _32129_/Y (sky130_fd_sc_hd__a2111oi_4)
     2    0.01                           _10228_ (net)
                  0.07    0.00    2.60 v max_cap300/A (sky130_fd_sc_hd__buf_4)
                  0.04    0.17    2.77 v max_cap300/X (sky130_fd_sc_hd__buf_4)
     3    0.02                           net300 (net)
                  0.04    0.00    2.78 v wire298/A (sky130_fd_sc_hd__clkbuf_2)
                  0.10    0.17    2.94 v wire298/X (sky130_fd_sc_hd__clkbuf_2)
     3    0.02                           net298 (net)
                  0.10    0.00    2.94 v _32140_/A2 (sky130_fd_sc_hd__a2111oi_2)
                  0.62    0.68    3.63 ^ _32140_/Y (sky130_fd_sc_hd__a2111oi_2)
     1    0.02                           _10239_ (net)
                  0.62    0.00    3.63 ^ wire287/A (sky130_fd_sc_hd__clkbuf_2)
                  0.15    0.31    3.94 ^ wire287/X (sky130_fd_sc_hd__clkbuf_2)
     3    0.03                           net287 (net)
                  0.15    0.00    3.94 ^ _32141_/B (sky130_fd_sc_hd__and2_4)
                  0.15    0.26    4.21 ^ _32141_/X (sky130_fd_sc_hd__and2_4)
     3    0.05                           _10240_ (net)
                  0.15    0.01    4.21 ^ _32209_/A1 (sky130_fd_sc_hd__a21oi_4)
                  0.08    0.11    4.32 v _32209_/Y (sky130_fd_sc_hd__a21oi_4)
     6    0.02                           _10305_ (net)
                  0.08    0.00    4.32 v _32210_/A (sky130_fd_sc_hd__buf_6)
                  0.03    0.15    4.47 v _32210_/X (sky130_fd_sc_hd__buf_6)
     5    0.02                           _10306_ (net)
                  0.03    0.00    4.47 v rebuffer2/A (sky130_fd_sc_hd__clkbuf_1)
                  0.06    0.12    4.59 v rebuffer2/X (sky130_fd_sc_hd__clkbuf_1)
     3    0.01                           net2831 (net)
                  0.06    0.00    4.59 v _32387_/A1 (sky130_fd_sc_hd__a22o_1)
                  0.05    0.23    4.82 v _32387_/X (sky130_fd_sc_hd__a22o_1)
     2    0.01                           _10477_ (net)
                  0.05    0.00    4.82 v _32389_/A2 (sky130_fd_sc_hd__a22o_1)
                  0.06    0.26    5.08 v _32389_/X (sky130_fd_sc_hd__a22o_1)
     2    0.01                           _10479_ (net)
                  0.06    0.00    5.08 v _32393_/A1 (sky130_fd_sc_hd__a21o_1)
                  0.05    0.18    5.26 v _32393_/X (sky130_fd_sc_hd__a21o_1)
     2    0.01                           _10483_ (net)
                  0.05    0.00    5.26 v _32402_/A2 (sky130_fd_sc_hd__a21o_1)
                  0.05    0.20    5.46 v _32402_/X (sky130_fd_sc_hd__a21o_1)
     2    0.01                           _10492_ (net)
                  0.05    0.00    5.46 v _32405_/A2 (sky130_fd_sc_hd__a21oi_1)
                  0.31    0.30    5.77 ^ _32405_/Y (sky130_fd_sc_hd__a21oi_1)
     2    0.01                           _10495_ (net)
                  0.31    0.00    5.77 ^ _32413_/B (sky130_fd_sc_hd__nor3b_2)
                  0.09    0.13    5.90 v _32413_/Y (sky130_fd_sc_hd__nor3b_2)
     3    0.01                           _10503_ (net)
                  0.09    0.00    5.90 v _32416_/B1 (sky130_fd_sc_hd__a211o_1)
                  0.08    0.34    6.24 v _32416_/X (sky130_fd_sc_hd__a211o_1)
     3    0.01                           _10506_ (net)
                  0.08    0.00    6.24 v _32418_/A1 (sky130_fd_sc_hd__a21bo_1)
                  0.07    0.22    6.46 v _32418_/X (sky130_fd_sc_hd__a21bo_1)
     2    0.01                           _10508_ (net)
                  0.07    0.00    6.46 v _32419_/C1 (sky130_fd_sc_hd__o211a_4)
                  0.06    0.18    6.64 v _32419_/X (sky130_fd_sc_hd__o211a_4)
     5    0.02                           _10509_ (net)
                  0.06    0.00    6.64 v _32422_/A (sky130_fd_sc_hd__or4bb_4)
                  0.09    0.56    7.20 v _32422_/X (sky130_fd_sc_hd__or4bb_4)
     2    0.01                           _10512_ (net)
                  0.09    0.00    7.20 v _32428_/C1 (sky130_fd_sc_hd__o211a_1)
                  0.07    0.16    7.36 v _32428_/X (sky130_fd_sc_hd__o211a_1)
     3    0.01                           _10518_ (net)
                  0.07    0.00    7.36 v _32481_/B (sky130_fd_sc_hd__or3_4)
                  0.07    0.39    7.75 v _32481_/X (sky130_fd_sc_hd__or3_4)
     2    0.01                           _10570_ (net)
                  0.07    0.00    7.75 v _32540_/A2 (sky130_fd_sc_hd__a21o_1)
                  0.06    0.22    7.97 v _32540_/X (sky130_fd_sc_hd__a21o_1)
     3    0.01                           _10628_ (net)
                  0.06    0.00    7.97 v _32595_/A2 (sky130_fd_sc_hd__a21o_1)
                  0.06    0.22    8.19 v _32595_/X (sky130_fd_sc_hd__a21o_1)
     2    0.01                           _10682_ (net)
                  0.06    0.00    8.19 v _32647_/A2 (sky130_fd_sc_hd__a21oi_2)
                  0.17    0.21    8.39 ^ _32647_/Y (sky130_fd_sc_hd__a21oi_2)
     3    0.01                           _10733_ (net)
                  0.17    0.00    8.39 ^ _32692_/A2 (sky130_fd_sc_hd__o21ai_2)
                  0.09    0.12    8.52 v _32692_/Y (sky130_fd_sc_hd__o21ai_2)
     3    0.02                           _10777_ (net)
                  0.09    0.00    8.52 v _32734_/A2 (sky130_fd_sc_hd__a21o_1)
                  0.06    0.23    8.75 v _32734_/X (sky130_fd_sc_hd__a21o_1)
     3    0.01                           _10818_ (net)
                  0.06    0.00    8.75 v _32771_/A2 (sky130_fd_sc_hd__a21boi_2)
                  0.15    0.20    8.95 ^ _32771_/Y (sky130_fd_sc_hd__a21boi_2)
     3    0.01                           _10854_ (net)
                  0.15    0.00    8.95 ^ _32804_/A2 (sky130_fd_sc_hd__o21ai_2)
                  0.06    0.09    9.04 v _32804_/Y (sky130_fd_sc_hd__o21ai_2)
     3    0.01                           _10886_ (net)
                  0.06    0.00    9.04 v _32833_/A2 (sky130_fd_sc_hd__a21o_1)
                  0.06    0.22    9.26 v _32833_/X (sky130_fd_sc_hd__a21o_1)
     2    0.01                           _10914_ (net)
                  0.06    0.00    9.26 v _32860_/A2 (sky130_fd_sc_hd__a21oi_2)
                  0.21    0.24    9.50 ^ _32860_/Y (sky130_fd_sc_hd__a21oi_2)
     3    0.02                           _10940_ (net)
                  0.21    0.00    9.50 ^ _32861_/B (sky130_fd_sc_hd__nor2_2)
                  0.05    0.07    9.57 v _32861_/Y (sky130_fd_sc_hd__nor2_2)
     3    0.01                           _10941_ (net)
                  0.05    0.00    9.57 v _32875_/A2 (sky130_fd_sc_hd__o31a_1)
                  0.05    0.29    9.86 v _32875_/X (sky130_fd_sc_hd__o31a_1)
     1    0.00                           _10954_ (net)
                  0.05    0.00    9.86 v _32876_/B2 (sky130_fd_sc_hd__a22o_1)
                  0.04    0.20   10.06 v _32876_/X (sky130_fd_sc_hd__a22o_1)
     1    0.00                           _02335_ (net)
                  0.04    0.00   10.06 v _39910_/D (sky130_fd_sc_hd__dfxtp_1)
                                 10.06   data arrival time

                         10.00   10.00   clock clk (rise edge)
                          0.00   10.00   clock source latency
                  0.50    0.33   10.33 ^ clk (in)
     2    0.11                           clk (net)
                  0.50    0.00   10.33 ^ clkbuf_0_clk/A (sky130_fd_sc_hd__clkbuf_16)
                  0.17    0.32   10.65 ^ clkbuf_0_clk/X (sky130_fd_sc_hd__clkbuf_16)
     4    0.15                           clknet_0_clk (net)
                  0.17    0.01   10.66 ^ clkbuf_2_1_0_clk/A (sky130_fd_sc_hd__clkbuf_8)
                  0.33    0.36   11.02 ^ clkbuf_2_1_0_clk/X (sky130_fd_sc_hd__clkbuf_8)
     8    0.19                           clknet_2_1_0_clk (net)
                  0.33    0.01   11.02 ^ clkbuf_5_11__f_clk/A (sky130_fd_sc_hd__clkbuf_16)
                  0.19    0.30   11.33 ^ clkbuf_5_11__f_clk/X (sky130_fd_sc_hd__clkbuf_16)
    15    0.17                           clknet_5_11__leaf_clk (net)
                  0.19    0.01   11.33 ^ clkbuf_leaf_92_clk/A (sky130_fd_sc_hd__clkbuf_16)
                  0.04    0.17   11.50 ^ clkbuf_leaf_92_clk/X (sky130_fd_sc_hd__clkbuf_16)
     6    0.02                           clknet_leaf_92_clk (net)
                  0.04    0.00   11.50 ^ _39910_/CLK (sky130_fd_sc_hd__dfxtp_1)
                         -0.25   11.25   clock uncertainty
                          0.07   11.32   clock reconvergence pessimism
                         -0.11   11.21   library setup time
                                 11.21   data required time
-----------------------------------------------------------------------------
                                 11.21   data required time
                                -10.06   data arrival time
-----------------------------------------------------------------------------
                                  1.15   slack (MET)




===========================================================================
report_checks --slack_max -0.01
============================================================================
======================= Fastest Corner ===================================

No paths found.

======================= Slowest Corner ===================================

Startpoint: _40120_ (rising edge-triggered flip-flop clocked by clk)
Endpoint: _39910_ (rising edge-triggered flip-flop clocked by clk)
Path Group: clk
Path Type: max
Corner: Slowest

Fanout     Cap    Slew   Delay    Time   Description
-----------------------------------------------------------------------------
                          0.00    0.00   clock clk (rise edge)
                          0.00    0.00   clock source latency
                  0.80    0.59    0.59 ^ clk (in)
     2    0.11                           clk (net)
                  0.80    0.00    0.59 ^ clkbuf_0_clk/A (sky130_fd_sc_hd__clkbuf_16)
                  0.26    0.69    1.28 ^ clkbuf_0_clk/X (sky130_fd_sc_hd__clkbuf_16)
     4    0.15                           clknet_0_clk (net)
                  0.26    0.00    1.28 ^ clkbuf_2_3_0_clk/A (sky130_fd_sc_hd__clkbuf_8)
                  0.50    0.67    1.95 ^ clkbuf_2_3_0_clk/X (sky130_fd_sc_hd__clkbuf_8)
     8    0.19                           clknet_2_3_0_clk (net)
                  0.50    0.01    1.96 ^ clkbuf_5_26__f_clk/A (sky130_fd_sc_hd__clkbuf_16)
                  0.29    0.62    2.57 ^ clkbuf_5_26__f_clk/X (sky130_fd_sc_hd__clkbuf_16)
    13    0.18                           clknet_5_26__leaf_clk (net)
                  0.29    0.01    2.58 ^ clkbuf_leaf_163_clk/A (sky130_fd_sc_hd__clkbuf_16)
                  0.10    0.36    2.94 ^ clkbuf_leaf_163_clk/X (sky130_fd_sc_hd__clkbuf_16)
    13    0.04                           clknet_leaf_163_clk (net)
                  0.10    0.00    2.94 ^ _40120_/CLK (sky130_fd_sc_hd__dfrtp_1)
                  0.12    0.84    3.78 v _40120_/Q (sky130_fd_sc_hd__dfrtp_1)
     2    0.01                           col_deskew_out[1].genblk1.u_deskew_buf.gen_delay.ptr[1] (net)
                  0.12    0.00    3.78 v _32122_/A (sky130_fd_sc_hd__buf_6)
                  0.07    0.28    4.06 v _32122_/X (sky130_fd_sc_hd__buf_6)
     6    0.03                           _10221_ (net)
                  0.07    0.00    4.06 v _32127_/A (sky130_fd_sc_hd__nor3b_4)
                  0.38    0.47    4.53 ^ _32127_/Y (sky130_fd_sc_hd__nor3b_4)
     3    0.02                           _10226_ (net)
                  0.38    0.00    4.53 ^ _32129_/C1 (sky130_fd_sc_hd__a2111oi_4)
                  0.13    0.20    4.73 v _32129_/Y (sky130_fd_sc_hd__a2111oi_4)
     2    0.01                           _10228_ (net)
                  0.13    0.00    4.73 v max_cap300/A (sky130_fd_sc_hd__buf_4)
                  0.07    0.32    5.05 v max_cap300/X (sky130_fd_sc_hd__buf_4)
     3    0.02                           net300 (net)
                  0.07    0.00    5.05 v wire298/A (sky130_fd_sc_hd__clkbuf_2)
                  0.18    0.31    5.36 v wire298/X (sky130_fd_sc_hd__clkbuf_2)
     3    0.02                           net298 (net)
                  0.18    0.00    5.36 v _32140_/A2 (sky130_fd_sc_hd__a2111oi_2)
                  1.01    1.17    6.53 ^ _32140_/Y (sky130_fd_sc_hd__a2111oi_2)
     1    0.02                           _10239_ (net)
                  1.01    0.00    6.53 ^ wire287/A (sky130_fd_sc_hd__clkbuf_2)
                  0.23    0.66    7.19 ^ wire287/X (sky130_fd_sc_hd__clkbuf_2)
     3    0.03                           net287 (net)
                  0.23    0.00    7.19 ^ _32141_/B (sky130_fd_sc_hd__and2_4)
                  0.24    0.52    7.71 ^ _32141_/X (sky130_fd_sc_hd__and2_4)
     3    0.05                           _10240_ (net)
                  0.24    0.01    7.72 ^ _32157_/A1 (sky130_fd_sc_hd__a21boi_4)
                  0.11    0.20    7.92 v _32157_/Y (sky130_fd_sc_hd__a21boi_4)
     4    0.02                           _10256_ (net)
                  0.11    0.00    7.92 v _32200_/A (sky130_fd_sc_hd__buf_4)
                  0.10    0.33    8.25 v _32200_/X (sky130_fd_sc_hd__buf_4)
    10    0.03                           _10296_ (net)
                  0.10    0.00    8.25 v _32342_/B (sky130_fd_sc_hd__and3_1)
                  0.12    0.41    8.67 v _32342_/X (sky130_fd_sc_hd__and3_1)
     3    0.01                           _10433_ (net)
                  0.12    0.00    8.67 v _32344_/B1 (sky130_fd_sc_hd__a21o_1)
                  0.09    0.34    9.01 v _32344_/X (sky130_fd_sc_hd__a21o_1)
     2    0.01                           _10435_ (net)
                  0.09    0.00    9.01 v _32347_/A2 (sky130_fd_sc_hd__a21o_1)
                  0.12    0.40    9.41 v _32347_/X (sky130_fd_sc_hd__a21o_1)
     3    0.01                           _10438_ (net)
                  0.12    0.00    9.41 v _32353_/B (sky130_fd_sc_hd__and3_1)
                  0.10    0.41    9.82 v _32353_/X (sky130_fd_sc_hd__and3_1)
     2    0.01                           _10444_ (net)
                  0.10    0.00    9.82 v _32356_/A (sky130_fd_sc_hd__or3_4)
                  0.15    0.86   10.68 v _32356_/X (sky130_fd_sc_hd__or3_4)
     4    0.02                           _10447_ (net)
                  0.15    0.00   10.68 v _32367_/A1 (sky130_fd_sc_hd__a21o_1)
                  0.13    0.41   11.09 v _32367_/X (sky130_fd_sc_hd__a21o_1)
     2    0.01                           _10458_ (net)
                  0.13    0.00   11.09 v _32369_/A2 (sky130_fd_sc_hd__a211oi_2)
                  0.41    0.54   11.63 ^ _32369_/Y (sky130_fd_sc_hd__a211oi_2)
     2    0.01                           _10460_ (net)
                  0.41    0.00   11.63 ^ _32370_/C (sky130_fd_sc_hd__nor3_2)
                  0.11    0.22   11.85 v _32370_/Y (sky130_fd_sc_hd__nor3_2)
     3    0.01                           _10461_ (net)
                  0.11    0.00   11.85 v _32419_/A2 (sky130_fd_sc_hd__o211a_4)
                  0.10    0.51   12.36 v _32419_/X (sky130_fd_sc_hd__o211a_4)
     5    0.02                           _10509_ (net)
                  0.10    0.00   12.36 v _32422_/A (sky130_fd_sc_hd__or4bb_4)
                  0.16    1.12   13.49 v _32422_/X (sky130_fd_sc_hd__or4bb_4)
     2    0.01                           _10512_ (net)
                  0.16    0.00   13.49 v _32428_/C1 (sky130_fd_sc_hd__o211a_1)
                  0.12    0.30   13.79 v _32428_/X (sky130_fd_sc_hd__o211a_1)
     3    0.01                           _10518_ (net)
                  0.12    0.00   13.79 v _32481_/B (sky130_fd_sc_hd__or3_4)
                  0.12    0.77   14.56 v _32481_/X (sky130_fd_sc_hd__or3_4)
     2    0.01                           _10570_ (net)
                  0.12    0.00   14.56 v _32540_/A2 (sky130_fd_sc_hd__a21o_1)
                  0.11    0.41   14.97 v _32540_/X (sky130_fd_sc_hd__a21o_1)
     3    0.01                           _10628_ (net)
                  0.11    0.00   14.97 v _32595_/A2 (sky130_fd_sc_hd__a21o_1)
                  0.12    0.41   15.38 v _32595_/X (sky130_fd_sc_hd__a21o_1)
     2    0.01                           _10682_ (net)
                  0.12    0.00   15.38 v _32647_/A2 (sky130_fd_sc_hd__a21oi_2)
                  0.27    0.36   15.73 ^ _32647_/Y (sky130_fd_sc_hd__a21oi_2)
     3    0.01                           _10733_ (net)
                  0.27    0.00   15.74 ^ _32692_/A2 (sky130_fd_sc_hd__o21ai_2)
                  0.17    0.27   16.00 v _32692_/Y (sky130_fd_sc_hd__o21ai_2)
     3    0.02                           _10777_ (net)
                  0.17    0.00   16.00 v _32734_/A2 (sky130_fd_sc_hd__a21o_1)
                  0.12    0.44   16.44 v _32734_/X (sky130_fd_sc_hd__a21o_1)
     3    0.01                           _10818_ (net)
                  0.12    0.00   16.44 v _32771_/A2 (sky130_fd_sc_hd__a21boi_2)
                  0.24    0.34   16.78 ^ _32771_/Y (sky130_fd_sc_hd__a21boi_2)
     3    0.01                           _10854_ (net)
                  0.24    0.00   16.78 ^ _32804_/A2 (sky130_fd_sc_hd__o21ai_2)
                  0.12    0.20   16.98 v _32804_/Y (sky130_fd_sc_hd__o21ai_2)
     3    0.01                           _10886_ (net)
                  0.12    0.00   16.98 v _32833_/A2 (sky130_fd_sc_hd__a21o_1)
                  0.12    0.41   17.39 v _32833_/X (sky130_fd_sc_hd__a21o_1)
     2    0.01                           _10914_ (net)
                  0.12    0.00   17.39 v _32860_/A2 (sky130_fd_sc_hd__a21oi_2)
                  0.34    0.41   17.80 ^ _32860_/Y (sky130_fd_sc_hd__a21oi_2)
     3    0.02                           _10940_ (net)
                  0.34    0.00   17.80 ^ _32861_/B (sky130_fd_sc_hd__nor2_2)
                  0.09    0.17   17.98 v _32861_/Y (sky130_fd_sc_hd__nor2_2)
     3    0.01                           _10941_ (net)
                  0.09    0.00   17.98 v _32875_/A2 (sky130_fd_sc_hd__o31a_1)
                  0.09    0.55   18.53 v _32875_/X (sky130_fd_sc_hd__o31a_1)
     1    0.00                           _10954_ (net)
                  0.09    0.00   18.53 v _32876_/B2 (sky130_fd_sc_hd__a22o_1)
                  0.07    0.37   18.90 v _32876_/X (sky130_fd_sc_hd__a22o_1)
     1    0.00                           _02335_ (net)
                  0.07    0.00   18.90 v _39910_/D (sky130_fd_sc_hd__dfxtp_1)
                                 18.90   data arrival time

                         10.00   10.00   clock clk (rise edge)
                          0.00   10.00   clock source latency
                  0.80    0.53   10.53 ^ clk (in)
     2    0.11                           clk (net)
                  0.80    0.00   10.53 ^ clkbuf_0_clk/A (sky130_fd_sc_hd__clkbuf_16)
                  0.26    0.62   11.16 ^ clkbuf_0_clk/X (sky130_fd_sc_hd__clkbuf_16)
     4    0.15                           clknet_0_clk (net)
                  0.26    0.01   11.16 ^ clkbuf_2_1_0_clk/A (sky130_fd_sc_hd__clkbuf_8)
                  0.51    0.61   11.77 ^ clkbuf_2_1_0_clk/X (sky130_fd_sc_hd__clkbuf_8)
     8    0.19                           clknet_2_1_0_clk (net)
                  0.51    0.01   11.77 ^ clkbuf_5_11__f_clk/A (sky130_fd_sc_hd__clkbuf_16)
                  0.28    0.55   12.32 ^ clkbuf_5_11__f_clk/X (sky130_fd_sc_hd__clkbuf_16)
    15    0.17                           clknet_5_11__leaf_clk (net)
                  0.28    0.01   12.33 ^ clkbuf_leaf_92_clk/A (sky130_fd_sc_hd__clkbuf_16)
                  0.07    0.30   12.63 ^ clkbuf_leaf_92_clk/X (sky130_fd_sc_hd__clkbuf_16)
     6    0.02                           clknet_leaf_92_clk (net)
                  0.07    0.00   12.63 ^ _39910_/CLK (sky130_fd_sc_hd__dfxtp_1)
                         -0.25   12.38   clock uncertainty
                          0.12   12.50   clock reconvergence pessimism
                         -0.27   12.23   library setup time
                                 12.23   data required time
-----------------------------------------------------------------------------
                                 12.23   data required time
                                -18.90   data arrival time
-----------------------------------------------------------------------------
                                 -6.67   slack (VIOLATED)



======================= Typical Corner ===================================

No paths found.


===========================================================================
 report_check_types -max_slew -max_cap -max_fanout -violators
============================================================================
======================= Fastest Corner ===================================

max fanout

Pin                                   Limit Fanout  Slack
---------------------------------------------------------
input52/X                                10     25    -15 (VIOLATED)
input111/X                               10     24    -14 (VIOLATED)
input15/X                                10     24    -14 (VIOLATED)
input14/X                                10     22    -12 (VIOLATED)
input116/X                               10     16     -6 (VIOLATED)
input36/X                                10     16     -6 (VIOLATED)
clkbuf_5_11__f_clk/X                     10     15     -5 (VIOLATED)
clkbuf_5_19__f_clk/X                     10     15     -5 (VIOLATED)
clkbuf_5_25__f_clk/X                     10     15     -5 (VIOLATED)
clkbuf_5_3__f_clk/X                      10     15     -5 (VIOLATED)
clkbuf_leaf_181_clk/X                    10     15     -5 (VIOLATED)
clkbuf_leaf_248_clk/X                    10     15     -5 (VIOLATED)
clkbuf_leaf_56_clk/X                     10     15     -5 (VIOLATED)
clkbuf_5_24__f_clk/X                     10     14     -4 (VIOLATED)
clkbuf_5_27__f_clk/X                     10     14     -4 (VIOLATED)
clkbuf_5_28__f_clk/X                     10     14     -4 (VIOLATED)
clkbuf_5_30__f_clk/X                     10     14     -4 (VIOLATED)
clkbuf_5_9__f_clk/X                      10     14     -4 (VIOLATED)
clkbuf_leaf_116_clk/X                    10     14     -4 (VIOLATED)
clkbuf_leaf_157_clk/X                    10     14     -4 (VIOLATED)
clkbuf_leaf_207_clk/X                    10     14     -4 (VIOLATED)
clkbuf_leaf_273_clk/X                    10     14     -4 (VIOLATED)
clkbuf_leaf_317_clk/X                    10     14     -4 (VIOLATED)
clkbuf_leaf_361_clk/X                    10     14     -4 (VIOLATED)
clkbuf_leaf_41_clk/X                     10     14     -4 (VIOLATED)
input24/X                                10     14     -4 (VIOLATED)
_18787_/Y                                10     13     -3 (VIOLATED)
_22398_/X                                10     13     -3 (VIOLATED)
clkbuf_5_16__f_clk/X                     10     13     -3 (VIOLATED)
clkbuf_5_21__f_clk/X                     10     13     -3 (VIOLATED)
clkbuf_5_22__f_clk/X                     10     13     -3 (VIOLATED)
clkbuf_5_23__f_clk/X                     10     13     -3 (VIOLATED)
clkbuf_5_26__f_clk/X                     10     13     -3 (VIOLATED)
clkbuf_leaf_113_clk/X                    10     13     -3 (VIOLATED)
clkbuf_leaf_12_clk/X                     10     13     -3 (VIOLATED)
clkbuf_leaf_163_clk/X                    10     13     -3 (VIOLATED)
clkbuf_leaf_178_clk/X                    10     13     -3 (VIOLATED)
clkbuf_leaf_205_clk/X                    10     13     -3 (VIOLATED)
clkbuf_leaf_209_clk/X                    10     13     -3 (VIOLATED)
clkbuf_leaf_22_clk/X                     10     13     -3 (VIOLATED)
clkbuf_leaf_250_clk/X                    10     13     -3 (VIOLATED)
clkbuf_leaf_261_clk/X                    10     13     -3 (VIOLATED)
clkbuf_leaf_310_clk/X                    10     13     -3 (VIOLATED)
clkbuf_leaf_315_clk/X                    10     13     -3 (VIOLATED)
clkbuf_leaf_318_clk/X                    10     13     -3 (VIOLATED)
clkbuf_leaf_347_clk/X                    10     13     -3 (VIOLATED)
clkbuf_leaf_357_clk/X                    10     13     -3 (VIOLATED)
clkbuf_leaf_48_clk/X                     10     13     -3 (VIOLATED)
clkbuf_leaf_52_clk/X                     10     13     -3 (VIOLATED)
clkbuf_leaf_84_clk/X                     10     13     -3 (VIOLATED)
_37590_/Q                                10     12     -2 (VIOLATED)
clkbuf_5_13__f_clk/X                     10     12     -2 (VIOLATED)
clkbuf_5_1__f_clk/X                      10     12     -2 (VIOLATED)
clkbuf_5_29__f_clk/X                     10     12     -2 (VIOLATED)
clkbuf_5_31__f_clk/X                     10     12     -2 (VIOLATED)
clkbuf_5_4__f_clk/X                      10     12     -2 (VIOLATED)
clkbuf_5_8__f_clk/X                      10     12     -2 (VIOLATED)
clkbuf_leaf_114_clk/X                    10     12     -2 (VIOLATED)
clkbuf_leaf_123_clk/X                    10     12     -2 (VIOLATED)
clkbuf_leaf_145_clk/X                    10     12     -2 (VIOLATED)
clkbuf_leaf_151_clk/X                    10     12     -2 (VIOLATED)
clkbuf_leaf_159_clk/X                    10     12     -2 (VIOLATED)
clkbuf_leaf_182_clk/X                    10     12     -2 (VIOLATED)
clkbuf_leaf_253_clk/X                    10     12     -2 (VIOLATED)
clkbuf_leaf_25_clk/X                     10     12     -2 (VIOLATED)
clkbuf_leaf_271_clk/X                    10     12     -2 (VIOLATED)
clkbuf_leaf_272_clk/X                    10     12     -2 (VIOLATED)
clkbuf_leaf_338_clk/X                    10     12     -2 (VIOLATED)
clkbuf_leaf_350_clk/X                    10     12     -2 (VIOLATED)
clkbuf_leaf_364_clk/X                    10     12     -2 (VIOLATED)
clkbuf_leaf_369_clk/X                    10     12     -2 (VIOLATED)
clkbuf_leaf_66_clk/X                     10     12     -2 (VIOLATED)
input46/X                                10     12     -2 (VIOLATED)
_22195_/X                                10     11        (VIOLATED)
_38189_/Q                                10     11        (VIOLATED)
_38193_/Q                                10     11        (VIOLATED)
clkbuf_5_14__f_clk/X                     10     11        (VIOLATED)
clkbuf_5_15__f_clk/X                     10     11        (VIOLATED)
clkbuf_5_17__f_clk/X                     10     11        (VIOLATED)
clkbuf_5_18__f_clk/X                     10     11        (VIOLATED)
clkbuf_5_20__f_clk/X                     10     11        (VIOLATED)
clkbuf_leaf_115_clk/X                    10     11        (VIOLATED)
clkbuf_leaf_122_clk/X                    10     11        (VIOLATED)
clkbuf_leaf_142_clk/X                    10     11        (VIOLATED)
clkbuf_leaf_162_clk/X                    10     11        (VIOLATED)
clkbuf_leaf_180_clk/X                    10     11        (VIOLATED)
clkbuf_leaf_211_clk/X                    10     11        (VIOLATED)
clkbuf_leaf_244_clk/X                    10     11        (VIOLATED)
clkbuf_leaf_247_clk/X                    10     11        (VIOLATED)
clkbuf_leaf_275_clk/X                    10     11        (VIOLATED)
clkbuf_leaf_277_clk/X                    10     11        (VIOLATED)
clkbuf_leaf_283_clk/X                    10     11        (VIOLATED)
clkbuf_leaf_289_clk/X                    10     11        (VIOLATED)
clkbuf_leaf_292_clk/X                    10     11        (VIOLATED)
clkbuf_leaf_300_clk/X                    10     11        (VIOLATED)
clkbuf_leaf_333_clk/X                    10     11        (VIOLATED)
clkbuf_leaf_340_clk/X                    10     11        (VIOLATED)
clkbuf_leaf_365_clk/X                    10     11        (VIOLATED)
clkbuf_leaf_36_clk/X                     10     11        (VIOLATED)
clkbuf_leaf_372_clk/X                    10     11        (VIOLATED)
clkbuf_leaf_377_clk/X                    10     11        (VIOLATED)
clkbuf_leaf_46_clk/X                     10     11        (VIOLATED)
clkbuf_leaf_4_clk/X                      10     11        (VIOLATED)
clkbuf_leaf_58_clk/X                     10     11        (VIOLATED)
clkbuf_leaf_5_clk/X                      10     11        (VIOLATED)
clkbuf_leaf_61_clk/X                     10     11        (VIOLATED)
clkbuf_leaf_65_clk/X                     10     11        (VIOLATED)
clkbuf_leaf_67_clk/X                     10     11        (VIOLATED)
clkbuf_leaf_86_clk/X                     10     11        (VIOLATED)
input115/X                               10     11        (VIOLATED)


======================= Slowest Corner ===================================

max slew

Pin                                    Limit    Slew   Slack
------------------------------------------------------------
_36735_/B1                              0.75    1.01   -0.26 (VIOLATED)
_36733_/Y                               0.75    1.01   -0.26 (VIOLATED)
wire287/A                               0.75    1.01   -0.26 (VIOLATED)
_32140_/Y                               0.75    1.01   -0.26 (VIOLATED)
_23898_/A                               0.75    0.93   -0.18 (VIOLATED)
_23086_/B                               0.75    0.93   -0.18 (VIOLATED)
_23085_/Y                               0.75    0.93   -0.18 (VIOLATED)
_25500_/B                               0.75    0.91   -0.16 (VIOLATED)
_25499_/Y                               0.75    0.91   -0.16 (VIOLATED)
_26266_/A                               0.75    0.91   -0.16 (VIOLATED)
ANTENNA_200/DIODE                       0.75    0.88   -0.13 (VIOLATED)
output211/A                             0.75    0.88   -0.13 (VIOLATED)
ANTENNA_192/DIODE                       0.75    0.88   -0.13 (VIOLATED)
ANTENNA_193/DIODE                       0.75    0.88   -0.13 (VIOLATED)
ANTENNA_194/DIODE                       0.75    0.88   -0.13 (VIOLATED)
ANTENNA_195/DIODE                       0.75    0.88   -0.13 (VIOLATED)
ANTENNA_196/DIODE                       0.75    0.88   -0.13 (VIOLATED)
ANTENNA_201/DIODE                       0.75    0.88   -0.13 (VIOLATED)
ANTENNA_198/DIODE                       0.75    0.88   -0.13 (VIOLATED)
ANTENNA_197/DIODE                       0.75    0.88   -0.13 (VIOLATED)
ANTENNA_199/DIODE                       0.75    0.88   -0.13 (VIOLATED)
_25475_/B                               0.75    0.88   -0.13 (VIOLATED)
_26278_/A                               0.75    0.88   -0.13 (VIOLATED)
_25474_/Y                               0.75    0.88   -0.13 (VIOLATED)
_18946_/B2                              0.75    0.86   -0.11 (VIOLATED)
_37590_/Q                               0.75    0.86   -0.11 (VIOLATED)
wire286/A                               0.75    0.85   -0.10 (VIOLATED)
_32145_/Y                               0.75    0.85   -0.10 (VIOLATED)
_25494_/B                               0.75    0.83   -0.08 (VIOLATED)
_26269_/A                               0.75    0.83   -0.08 (VIOLATED)
_25493_/Y                               0.75    0.83   -0.08 (VIOLATED)
_25489_/B                               0.75    0.81   -0.06 (VIOLATED)
_26272_/A                               0.75    0.81   -0.06 (VIOLATED)
_25488_/Y                               0.75    0.81   -0.06 (VIOLATED)
wire285/A                               0.75    0.81   -0.06 (VIOLATED)
_32149_/Y                               0.75    0.81   -0.06 (VIOLATED)
_23901_/A                               0.75    0.81   -0.06 (VIOLATED)
_23078_/B                               0.75    0.81   -0.06 (VIOLATED)
_23181_/B                               0.75    0.81   -0.06 (VIOLATED)
_23077_/Y                               0.75    0.81   -0.06 (VIOLATED)
_25509_/B                               0.75    0.81   -0.06 (VIOLATED)
_26260_/A                               0.75    0.81   -0.06 (VIOLATED)
_25508_/Y                               0.75    0.81   -0.06 (VIOLATED)
output229/A                             0.75    0.80   -0.05 (VIOLATED)
ANTENNA_204/DIODE                       0.75    0.80   -0.05 (VIOLATED)
ANTENNA_205/DIODE                       0.75    0.80   -0.05 (VIOLATED)
clkbuf_0_clk/A                          0.75    0.80   -0.05 (VIOLATED)
ANTENNA_13/DIODE                        0.75    0.80   -0.05 (VIOLATED)
clk                                     0.75    0.80   -0.05 (VIOLATED)
_23886_/A                               0.75    0.80   -0.05 (VIOLATED)
_23116_/B                               0.75    0.80   -0.05 (VIOLATED)
_23115_/Y                               0.75    0.80   -0.05 (VIOLATED)
_19029_/B2                              0.75    0.79   -0.04 (VIOLATED)
_37601_/Q                               0.75    0.79   -0.04 (VIOLATED)
_33060_/B                               0.75    0.79   -0.04 (VIOLATED)
_33078_/A                               0.75    0.79   -0.04 (VIOLATED)
_33136_/A1                              0.75    0.79   -0.04 (VIOLATED)
_33370_/A                               0.75    0.79   -0.04 (VIOLATED)
_33365_/A                               0.75    0.79   -0.04 (VIOLATED)
_33059_/Y                               0.75    0.79   -0.04 (VIOLATED)
_25480_/B                               0.75    0.78   -0.03 (VIOLATED)
_26275_/A                               0.75    0.78   -0.03 (VIOLATED)
_25479_/Y                               0.75    0.78   -0.03 (VIOLATED)
_25505_/B                               0.75    0.78   -0.03 (VIOLATED)
_25504_/Y                               0.75    0.78   -0.03 (VIOLATED)
_26263_/A                               0.75    0.78   -0.03 (VIOLATED)
_36718_/A                               0.75    0.77   -0.02 (VIOLATED)
ANTENNA_7/DIODE                         0.75    0.77   -0.02 (VIOLATED)
_36727_/C                               0.75    0.77   -0.02 (VIOLATED)
ANTENNA_8/DIODE                         0.75    0.77   -0.02 (VIOLATED)
_36715_/X                               0.75    0.77   -0.02 (VIOLATED)
output218/A                             0.75    0.77   -0.02 (VIOLATED)
_23892_/A                               0.75    0.77   -0.02 (VIOLATED)
_23224_/B                               0.75    0.77   -0.02 (VIOLATED)
_23126_/B                               0.75    0.77   -0.02 (VIOLATED)
_23125_/Y                               0.75    0.77   -0.02 (VIOLATED)
output220/A                             0.75    0.76   -0.01 (VIOLATED)
_18967_/B2                              0.75    0.76   -0.01 (VIOLATED)
_37596_/Q                               0.75    0.76   -0.01 (VIOLATED)
_23917_/A                               0.75    0.76   -0.01 (VIOLATED)
_23160_/B                               0.75    0.76   -0.01 (VIOLATED)
_23164_/A2                              0.75    0.76   -0.01 (VIOLATED)
_23165_/A2                              0.75    0.76   -0.01 (VIOLATED)
_23062_/B                               0.75    0.76   -0.01 (VIOLATED)
_23060_/Y                               0.75    0.76   -0.01 (VIOLATED)
_18960_/A1                              0.75    0.75   -0.00 (VIOLATED)
_18967_/A1                              0.75    0.75   -0.00 (VIOLATED)
_18935_/A1                              0.75    0.75   -0.00 (VIOLATED)
_18946_/A1                              0.75    0.75   -0.00 (VIOLATED)
_18953_/A1                              0.75    0.75   -0.00 (VIOLATED)
_18936_/A                               0.75    0.75   -0.00 (VIOLATED)
_18926_/Y                               0.75    0.75   -0.00 (VIOLATED)
_33173_/A1                              0.75    0.75   -0.00 (VIOLATED)
_33084_/B                               0.75    0.75   -0.00 (VIOLATED)
_33085_/A                               0.75    0.75   -0.00 (VIOLATED)
_33115_/C                               0.75    0.75   -0.00 (VIOLATED)
_33517_/B                               0.75    0.75   -0.00 (VIOLATED)
_33416_/A1                              0.75    0.75   -0.00 (VIOLATED)
_33083_/Y                               0.75    0.75   -0.00 (VIOLATED)
_36733_/C                               0.75    0.75   -0.00 (VIOLATED)
_36734_/C                               0.75    0.75   -0.00 (VIOLATED)
_36732_/Y                               0.75    0.75   -0.00 (VIOLATED)

max fanout

Pin                                   Limit Fanout  Slack
---------------------------------------------------------
input52/X                                10     25    -15 (VIOLATED)
input111/X                               10     24    -14 (VIOLATED)
input15/X                                10     24    -14 (VIOLATED)
input14/X                                10     22    -12 (VIOLATED)
input116/X                               10     16     -6 (VIOLATED)
input36/X                                10     16     -6 (VIOLATED)
clkbuf_5_11__f_clk/X                     10     15     -5 (VIOLATED)
clkbuf_5_19__f_clk/X                     10     15     -5 (VIOLATED)
clkbuf_5_25__f_clk/X                     10     15     -5 (VIOLATED)
clkbuf_5_3__f_clk/X                      10     15     -5 (VIOLATED)
clkbuf_leaf_181_clk/X                    10     15     -5 (VIOLATED)
clkbuf_leaf_248_clk/X                    10     15     -5 (VIOLATED)
clkbuf_leaf_56_clk/X                     10     15     -5 (VIOLATED)
clkbuf_5_24__f_clk/X                     10     14     -4 (VIOLATED)
clkbuf_5_27__f_clk/X                     10     14     -4 (VIOLATED)
clkbuf_5_28__f_clk/X                     10     14     -4 (VIOLATED)
clkbuf_5_30__f_clk/X                     10     14     -4 (VIOLATED)
clkbuf_5_9__f_clk/X                      10     14     -4 (VIOLATED)
clkbuf_leaf_116_clk/X                    10     14     -4 (VIOLATED)
clkbuf_leaf_157_clk/X                    10     14     -4 (VIOLATED)
clkbuf_leaf_207_clk/X                    10     14     -4 (VIOLATED)
clkbuf_leaf_273_clk/X                    10     14     -4 (VIOLATED)
clkbuf_leaf_317_clk/X                    10     14     -4 (VIOLATED)
clkbuf_leaf_361_clk/X                    10     14     -4 (VIOLATED)
clkbuf_leaf_41_clk/X                     10     14     -4 (VIOLATED)
input24/X                                10     14     -4 (VIOLATED)
_18787_/Y                                10     13     -3 (VIOLATED)
_22398_/X                                10     13     -3 (VIOLATED)
clkbuf_5_16__f_clk/X                     10     13     -3 (VIOLATED)
clkbuf_5_21__f_clk/X                     10     13     -3 (VIOLATED)
clkbuf_5_22__f_clk/X                     10     13     -3 (VIOLATED)
clkbuf_5_23__f_clk/X                     10     13     -3 (VIOLATED)
clkbuf_5_26__f_clk/X                     10     13     -3 (VIOLATED)
clkbuf_leaf_113_clk/X                    10     13     -3 (VIOLATED)
clkbuf_leaf_12_clk/X                     10     13     -3 (VIOLATED)
clkbuf_leaf_163_clk/X                    10     13     -3 (VIOLATED)
clkbuf_leaf_178_clk/X                    10     13     -3 (VIOLATED)
clkbuf_leaf_205_clk/X                    10     13     -3 (VIOLATED)
clkbuf_leaf_209_clk/X                    10     13     -3 (VIOLATED)
clkbuf_leaf_22_clk/X                     10     13     -3 (VIOLATED)
clkbuf_leaf_250_clk/X                    10     13     -3 (VIOLATED)
clkbuf_leaf_261_clk/X                    10     13     -3 (VIOLATED)
clkbuf_leaf_310_clk/X                    10     13     -3 (VIOLATED)
clkbuf_leaf_315_clk/X                    10     13     -3 (VIOLATED)
clkbuf_leaf_318_clk/X                    10     13     -3 (VIOLATED)
clkbuf_leaf_347_clk/X                    10     13     -3 (VIOLATED)
clkbuf_leaf_357_clk/X                    10     13     -3 (VIOLATED)
clkbuf_leaf_48_clk/X                     10     13     -3 (VIOLATED)
clkbuf_leaf_52_clk/X                     10     13     -3 (VIOLATED)
clkbuf_leaf_84_clk/X                     10     13     -3 (VIOLATED)
_37590_/Q                                10     12     -2 (VIOLATED)
clkbuf_5_13__f_clk/X                     10     12     -2 (VIOLATED)
clkbuf_5_1__f_clk/X                      10     12     -2 (VIOLATED)
clkbuf_5_29__f_clk/X                     10     12     -2 (VIOLATED)
clkbuf_5_31__f_clk/X                     10     12     -2 (VIOLATED)
clkbuf_5_4__f_clk/X                      10     12     -2 (VIOLATED)
clkbuf_5_8__f_clk/X                      10     12     -2 (VIOLATED)
clkbuf_leaf_114_clk/X                    10     12     -2 (VIOLATED)
clkbuf_leaf_123_clk/X                    10     12     -2 (VIOLATED)
clkbuf_leaf_145_clk/X                    10     12     -2 (VIOLATED)
clkbuf_leaf_151_clk/X                    10     12     -2 (VIOLATED)
clkbuf_leaf_159_clk/X                    10     12     -2 (VIOLATED)
clkbuf_leaf_182_clk/X                    10     12     -2 (VIOLATED)
clkbuf_leaf_253_clk/X                    10     12     -2 (VIOLATED)
clkbuf_leaf_25_clk/X                     10     12     -2 (VIOLATED)
clkbuf_leaf_271_clk/X                    10     12     -2 (VIOLATED)
clkbuf_leaf_272_clk/X                    10     12     -2 (VIOLATED)
clkbuf_leaf_338_clk/X                    10     12     -2 (VIOLATED)
clkbuf_leaf_350_clk/X                    10     12     -2 (VIOLATED)
clkbuf_leaf_364_clk/X                    10     12     -2 (VIOLATED)
clkbuf_leaf_369_clk/X                    10     12     -2 (VIOLATED)
clkbuf_leaf_66_clk/X                     10     12     -2 (VIOLATED)
input46/X                                10     12     -2 (VIOLATED)
_22195_/X                                10     11        (VIOLATED)
_38189_/Q                                10     11        (VIOLATED)
_38193_/Q                                10     11        (VIOLATED)
clkbuf_5_14__f_clk/X                     10     11        (VIOLATED)
clkbuf_5_15__f_clk/X                     10     11        (VIOLATED)
clkbuf_5_17__f_clk/X                     10     11        (VIOLATED)
clkbuf_5_18__f_clk/X                     10     11        (VIOLATED)
clkbuf_5_20__f_clk/X                     10     11        (VIOLATED)
clkbuf_leaf_115_clk/X                    10     11        (VIOLATED)
clkbuf_leaf_122_clk/X                    10     11        (VIOLATED)
clkbuf_leaf_142_clk/X                    10     11        (VIOLATED)
clkbuf_leaf_162_clk/X                    10     11        (VIOLATED)
clkbuf_leaf_180_clk/X                    10     11        (VIOLATED)
clkbuf_leaf_211_clk/X                    10     11        (VIOLATED)
clkbuf_leaf_244_clk/X                    10     11        (VIOLATED)
clkbuf_leaf_247_clk/X                    10     11        (VIOLATED)
clkbuf_leaf_275_clk/X                    10     11        (VIOLATED)
clkbuf_leaf_277_clk/X                    10     11        (VIOLATED)
clkbuf_leaf_283_clk/X                    10     11        (VIOLATED)
clkbuf_leaf_289_clk/X                    10     11        (VIOLATED)
clkbuf_leaf_292_clk/X                    10     11        (VIOLATED)
clkbuf_leaf_300_clk/X                    10     11        (VIOLATED)
clkbuf_leaf_333_clk/X                    10     11        (VIOLATED)
clkbuf_leaf_340_clk/X                    10     11        (VIOLATED)
clkbuf_leaf_365_clk/X                    10     11        (VIOLATED)
clkbuf_leaf_36_clk/X                     10     11        (VIOLATED)
clkbuf_leaf_372_clk/X                    10     11        (VIOLATED)
clkbuf_leaf_377_clk/X                    10     11        (VIOLATED)
clkbuf_leaf_46_clk/X                     10     11        (VIOLATED)
clkbuf_leaf_4_clk/X                      10     11        (VIOLATED)
clkbuf_leaf_58_clk/X                     10     11        (VIOLATED)
clkbuf_leaf_5_clk/X                      10     11        (VIOLATED)
clkbuf_leaf_61_clk/X                     10     11        (VIOLATED)
clkbuf_leaf_65_clk/X                     10     11        (VIOLATED)
clkbuf_leaf_67_clk/X                     10     11        (VIOLATED)
clkbuf_leaf_86_clk/X                     10     11        (VIOLATED)
input115/X                               10     11        (VIOLATED)


======================= Typical Corner ===================================

max fanout

Pin                                   Limit Fanout  Slack
---------------------------------------------------------
input52/X                                10     25    -15 (VIOLATED)
input111/X                               10     24    -14 (VIOLATED)
input15/X                                10     24    -14 (VIOLATED)
input14/X                                10     22    -12 (VIOLATED)
input116/X                               10     16     -6 (VIOLATED)
input36/X                                10     16     -6 (VIOLATED)
clkbuf_5_11__f_clk/X                     10     15     -5 (VIOLATED)
clkbuf_5_19__f_clk/X                     10     15     -5 (VIOLATED)
clkbuf_5_25__f_clk/X                     10     15     -5 (VIOLATED)
clkbuf_5_3__f_clk/X                      10     15     -5 (VIOLATED)
clkbuf_leaf_181_clk/X                    10     15     -5 (VIOLATED)
clkbuf_leaf_248_clk/X                    10     15     -5 (VIOLATED)
clkbuf_leaf_56_clk/X                     10     15     -5 (VIOLATED)
clkbuf_5_24__f_clk/X                     10     14     -4 (VIOLATED)
clkbuf_5_27__f_clk/X                     10     14     -4 (VIOLATED)
clkbuf_5_28__f_clk/X                     10     14     -4 (VIOLATED)
clkbuf_5_30__f_clk/X                     10     14     -4 (VIOLATED)
clkbuf_5_9__f_clk/X                      10     14     -4 (VIOLATED)
clkbuf_leaf_116_clk/X                    10     14     -4 (VIOLATED)
clkbuf_leaf_157_clk/X                    10     14     -4 (VIOLATED)
clkbuf_leaf_207_clk/X                    10     14     -4 (VIOLATED)
clkbuf_leaf_273_clk/X                    10     14     -4 (VIOLATED)
clkbuf_leaf_317_clk/X                    10     14     -4 (VIOLATED)
clkbuf_leaf_361_clk/X                    10     14     -4 (VIOLATED)
clkbuf_leaf_41_clk/X                     10     14     -4 (VIOLATED)
input24/X                                10     14     -4 (VIOLATED)
_18787_/Y                                10     13     -3 (VIOLATED)
_22398_/X                                10     13     -3 (VIOLATED)
clkbuf_5_16__f_clk/X                     10     13     -3 (VIOLATED)
clkbuf_5_21__f_clk/X                     10     13     -3 (VIOLATED)
clkbuf_5_22__f_clk/X                     10     13     -3 (VIOLATED)
clkbuf_5_23__f_clk/X                     10     13     -3 (VIOLATED)
clkbuf_5_26__f_clk/X                     10     13     -3 (VIOLATED)
clkbuf_leaf_113_clk/X                    10     13     -3 (VIOLATED)
clkbuf_leaf_12_clk/X                     10     13     -3 (VIOLATED)
clkbuf_leaf_163_clk/X                    10     13     -3 (VIOLATED)
clkbuf_leaf_178_clk/X                    10     13     -3 (VIOLATED)
clkbuf_leaf_205_clk/X                    10     13     -3 (VIOLATED)
clkbuf_leaf_209_clk/X                    10     13     -3 (VIOLATED)
clkbuf_leaf_22_clk/X                     10     13     -3 (VIOLATED)
clkbuf_leaf_250_clk/X                    10     13     -3 (VIOLATED)
clkbuf_leaf_261_clk/X                    10     13     -3 (VIOLATED)
clkbuf_leaf_310_clk/X                    10     13     -3 (VIOLATED)
clkbuf_leaf_315_clk/X                    10     13     -3 (VIOLATED)
clkbuf_leaf_318_clk/X                    10     13     -3 (VIOLATED)
clkbuf_leaf_347_clk/X                    10     13     -3 (VIOLATED)
clkbuf_leaf_357_clk/X                    10     13     -3 (VIOLATED)
clkbuf_leaf_48_clk/X                     10     13     -3 (VIOLATED)
clkbuf_leaf_52_clk/X                     10     13     -3 (VIOLATED)
clkbuf_leaf_84_clk/X                     10     13     -3 (VIOLATED)
_37590_/Q                                10     12     -2 (VIOLATED)
clkbuf_5_13__f_clk/X                     10     12     -2 (VIOLATED)
clkbuf_5_1__f_clk/X                      10     12     -2 (VIOLATED)
clkbuf_5_29__f_clk/X                     10     12     -2 (VIOLATED)
clkbuf_5_31__f_clk/X                     10     12     -2 (VIOLATED)
clkbuf_5_4__f_clk/X                      10     12     -2 (VIOLATED)
clkbuf_5_8__f_clk/X                      10     12     -2 (VIOLATED)
clkbuf_leaf_114_clk/X                    10     12     -2 (VIOLATED)
clkbuf_leaf_123_clk/X                    10     12     -2 (VIOLATED)
clkbuf_leaf_145_clk/X                    10     12     -2 (VIOLATED)
clkbuf_leaf_151_clk/X                    10     12     -2 (VIOLATED)
clkbuf_leaf_159_clk/X                    10     12     -2 (VIOLATED)
clkbuf_leaf_182_clk/X                    10     12     -2 (VIOLATED)
clkbuf_leaf_253_clk/X                    10     12     -2 (VIOLATED)
clkbuf_leaf_25_clk/X                     10     12     -2 (VIOLATED)
clkbuf_leaf_271_clk/X                    10     12     -2 (VIOLATED)
clkbuf_leaf_272_clk/X                    10     12     -2 (VIOLATED)
clkbuf_leaf_338_clk/X                    10     12     -2 (VIOLATED)
clkbuf_leaf_350_clk/X                    10     12     -2 (VIOLATED)
clkbuf_leaf_364_clk/X                    10     12     -2 (VIOLATED)
clkbuf_leaf_369_clk/X                    10     12     -2 (VIOLATED)
clkbuf_leaf_66_clk/X                     10     12     -2 (VIOLATED)
input46/X                                10     12     -2 (VIOLATED)
_22195_/X                                10     11        (VIOLATED)
_38189_/Q                                10     11        (VIOLATED)
_38193_/Q                                10     11        (VIOLATED)
clkbuf_5_14__f_clk/X                     10     11        (VIOLATED)
clkbuf_5_15__f_clk/X                     10     11        (VIOLATED)
clkbuf_5_17__f_clk/X                     10     11        (VIOLATED)
clkbuf_5_18__f_clk/X                     10     11        (VIOLATED)
clkbuf_5_20__f_clk/X                     10     11        (VIOLATED)
clkbuf_leaf_115_clk/X                    10     11        (VIOLATED)
clkbuf_leaf_122_clk/X                    10     11        (VIOLATED)
clkbuf_leaf_142_clk/X                    10     11        (VIOLATED)
clkbuf_leaf_162_clk/X                    10     11        (VIOLATED)
clkbuf_leaf_180_clk/X                    10     11        (VIOLATED)
clkbuf_leaf_211_clk/X                    10     11        (VIOLATED)
clkbuf_leaf_244_clk/X                    10     11        (VIOLATED)
clkbuf_leaf_247_clk/X                    10     11        (VIOLATED)
clkbuf_leaf_275_clk/X                    10     11        (VIOLATED)
clkbuf_leaf_277_clk/X                    10     11        (VIOLATED)
clkbuf_leaf_283_clk/X                    10     11        (VIOLATED)
clkbuf_leaf_289_clk/X                    10     11        (VIOLATED)
clkbuf_leaf_292_clk/X                    10     11        (VIOLATED)
clkbuf_leaf_300_clk/X                    10     11        (VIOLATED)
clkbuf_leaf_333_clk/X                    10     11        (VIOLATED)
clkbuf_leaf_340_clk/X                    10     11        (VIOLATED)
clkbuf_leaf_365_clk/X                    10     11        (VIOLATED)
clkbuf_leaf_36_clk/X                     10     11        (VIOLATED)
clkbuf_leaf_372_clk/X                    10     11        (VIOLATED)
clkbuf_leaf_377_clk/X                    10     11        (VIOLATED)
clkbuf_leaf_46_clk/X                     10     11        (VIOLATED)
clkbuf_leaf_4_clk/X                      10     11        (VIOLATED)
clkbuf_leaf_58_clk/X                     10     11        (VIOLATED)
clkbuf_leaf_5_clk/X                      10     11        (VIOLATED)
clkbuf_leaf_61_clk/X                     10     11        (VIOLATED)
clkbuf_leaf_65_clk/X                     10     11        (VIOLATED)
clkbuf_leaf_67_clk/X                     10     11        (VIOLATED)
clkbuf_leaf_86_clk/X                     10     11        (VIOLATED)
input115/X                               10     11        (VIOLATED)



===========================================================================
report_parasitic_annotation -report_unannotated
============================================================================
Found 0 unannotated drivers.
Found 0 partially unannotated drivers.

===========================================================================
max slew violation count 102
max fanout violation count 110
max cap violation count 0
============================================================================

===========================================================================
check_setup -verbose -unconstrained_endpoints -multiple_clock -no_clock -no_input_delay -loops -generated_clocks
===========================================================================
