
===========================================================================
report_checks -unconstrained
===========================================================================
======================= Fastest Corner ===================================

Startpoint: rst_n (input port clocked by clk)
Endpoint: _37845_ (recovery check against rising-edge clock clk)
Path Group: asynchronous
Path Type: max
Corner: Fastest

Fanout     Cap    Slew   Delay    Time   Description
-----------------------------------------------------------------------------
                          0.00    0.00   clock clk (rise edge)
                          0.00    0.00   clock network delay (propagated)
                          2.00    2.00 ^ input external delay
                  0.01    0.01    2.01 ^ rst_n (in)
     1    0.00                           rst_n (net)
                  0.01    0.00    2.01 ^ hold104/A (sky130_fd_sc_hd__dlygate4sd3_1)
                  0.04    0.38    2.39 ^ hold104/X (sky130_fd_sc_hd__dlygate4sd3_1)
     1    0.00                           net520 (net)
                  0.04    0.00    2.39 ^ input132/A (sky130_fd_sc_hd__clkbuf_2)
                  0.11    0.13    2.52 ^ input132/X (sky130_fd_sc_hd__clkbuf_2)
     2    0.03                           net132 (net)
                  0.11    0.00    2.53 ^ fanout356/A (sky130_fd_sc_hd__buf_4)
                  0.21    0.23    2.75 ^ fanout356/X (sky130_fd_sc_hd__buf_4)
     5    0.10                           net356 (net)
                  0.21    0.01    2.76 ^ fanout347/A (sky130_fd_sc_hd__buf_2)
                  0.14    0.18    2.95 ^ fanout347/X (sky130_fd_sc_hd__buf_2)
     5    0.04                           net347 (net)
                  0.14    0.00    2.95 ^ fanout346/A (sky130_fd_sc_hd__buf_4)
                  0.15    0.19    3.14 ^ fanout346/X (sky130_fd_sc_hd__buf_4)
    10    0.07                           net346 (net)
                  0.15    0.00    3.14 ^ fanout345/A (sky130_fd_sc_hd__clkbuf_4)
                  0.10    0.18    3.32 ^ fanout345/X (sky130_fd_sc_hd__clkbuf_4)
     8    0.04                           net345 (net)
                  0.10    0.00    3.32 ^ fanout344/A (sky130_fd_sc_hd__clkbuf_4)
                  0.12    0.18    3.50 ^ fanout344/X (sky130_fd_sc_hd__clkbuf_4)
    10    0.05                           net344 (net)
                  0.12    0.00    3.50 ^ fanout343/A (sky130_fd_sc_hd__clkbuf_4)
                  0.13    0.19    3.69 ^ fanout343/X (sky130_fd_sc_hd__clkbuf_4)
    10    0.05                           net343 (net)
                  0.13    0.00    3.69 ^ _37845_/RESET_B (sky130_fd_sc_hd__dfrtp_1)
                                  3.69   data arrival time

                         10.00   10.00   clock clk (rise edge)
                          0.00   10.00   clock source latency
                  0.35    0.24   10.24 ^ clk (in)
     2    0.11                           clk (net)
                  0.35    0.00   10.24 ^ clkbuf_0_clk/A (sky130_fd_sc_hd__clkbuf_16)
                  0.12    0.19   10.43 ^ clkbuf_0_clk/X (sky130_fd_sc_hd__clkbuf_16)
     4    0.15                           clknet_0_clk (net)
                  0.12    0.00   10.43 ^ clkbuf_2_1_0_clk/A (sky130_fd_sc_hd__clkbuf_8)
                  0.24    0.24   10.68 ^ clkbuf_2_1_0_clk/X (sky130_fd_sc_hd__clkbuf_8)
     8    0.18                           clknet_2_1_0_clk (net)
                  0.24    0.00   10.68 ^ clkbuf_5_8__f_clk/A (sky130_fd_sc_hd__clkbuf_16)
                  0.12    0.19   10.87 ^ clkbuf_5_8__f_clk/X (sky130_fd_sc_hd__clkbuf_16)
    12    0.15                           clknet_5_8__leaf_clk (net)
                  0.12    0.00   10.87 ^ clkbuf_leaf_85_clk/A (sky130_fd_sc_hd__clkbuf_16)
                  0.03    0.10   10.97 ^ clkbuf_leaf_85_clk/X (sky130_fd_sc_hd__clkbuf_16)
     6    0.02                           clknet_leaf_85_clk (net)
                  0.03    0.00   10.97 ^ _37845_/CLK (sky130_fd_sc_hd__dfrtp_1)
                         -0.25   10.72   clock uncertainty
                          0.00   10.72   clock reconvergence pessimism
                          0.13   10.85   library recovery time
                                 10.85   data required time
-----------------------------------------------------------------------------
                                 10.85   data required time
                                 -3.69   data arrival time
-----------------------------------------------------------------------------
                                  7.16   slack (MET)


Startpoint: x_in_flat[30] (input port clocked by clk)
Endpoint: _40375_ (rising edge-triggered flip-flop clocked by clk)
Path Group: clk
Path Type: max
Corner: Fastest

Fanout     Cap    Slew   Delay    Time   Description
-----------------------------------------------------------------------------
                          0.00    0.00   clock clk (rise edge)
                          0.00    0.00   clock network delay (propagated)
                          2.00    2.00 v input external delay
                  0.00    0.00    2.00 v x_in_flat[30] (in)
     1    0.00                           x_in_flat[30] (net)
                  0.00    0.00    2.00 v input158/A (sky130_fd_sc_hd__dlymetal6s2s_1)
                  0.09    0.13    2.14 v input158/X (sky130_fd_sc_hd__dlymetal6s2s_1)
     3    0.02                           net158 (net)
                  0.09    0.00    2.14 v _36007_/A (sky130_fd_sc_hd__or4_1)
                  0.06    0.34    2.47 v _36007_/X (sky130_fd_sc_hd__or4_1)
     1    0.01                           _13642_ (net)
                  0.06    0.00    2.47 v _36008_/B1 (sky130_fd_sc_hd__o22a_4)
                  0.12    0.24    2.71 v _36008_/X (sky130_fd_sc_hd__o22a_4)
     6    0.12                           _13643_ (net)
                  0.12    0.01    2.72 v _36009_/A (sky130_fd_sc_hd__buf_2)
                  0.07    0.17    2.89 v _36009_/X (sky130_fd_sc_hd__buf_2)
    10    0.04                           _13644_ (net)
                  0.07    0.00    2.89 v _36035_/B (sky130_fd_sc_hd__and2_1)
                  0.03    0.12    3.01 v _36035_/X (sky130_fd_sc_hd__and2_1)
     1    0.00                           _13667_ (net)
                  0.03    0.00    3.01 v _36036_/A (sky130_fd_sc_hd__clkbuf_4)
                  0.07    0.14    3.15 v _36036_/X (sky130_fd_sc_hd__clkbuf_4)
    10    0.04                           _13668_ (net)
                  0.07    0.00    3.15 v _36067_/B (sky130_fd_sc_hd__and4b_1)
                  0.05    0.15    3.30 v _36067_/X (sky130_fd_sc_hd__and4b_1)
     3    0.01                           _13697_ (net)
                  0.05    0.00    3.30 v _36098_/B (sky130_fd_sc_hd__or2_1)
                  0.05    0.16    3.46 v _36098_/X (sky130_fd_sc_hd__or2_1)
     2    0.01                           _13727_ (net)
                  0.05    0.00    3.46 v _36099_/B (sky130_fd_sc_hd__xnor2_1)
                  0.05    0.10    3.56 v _36099_/Y (sky130_fd_sc_hd__xnor2_1)
     2    0.01                           _13728_ (net)
                  0.05    0.00    3.56 v _36100_/B (sky130_fd_sc_hd__or2_1)
                  0.05    0.16    3.71 v _36100_/X (sky130_fd_sc_hd__or2_1)
     3    0.01                           _13729_ (net)
                  0.05    0.00    3.71 v _36134_/A (sky130_fd_sc_hd__xnor2_1)
                  0.17    0.18    3.89 ^ _36134_/Y (sky130_fd_sc_hd__xnor2_1)
     2    0.01                           _13762_ (net)
                  0.17    0.00    3.89 ^ _36141_/A (sky130_fd_sc_hd__xor2_1)
                  0.15    0.15    4.04 ^ _36141_/X (sky130_fd_sc_hd__xor2_1)
     2    0.01                           _13769_ (net)
                  0.15    0.00    4.04 ^ _36142_/B (sky130_fd_sc_hd__xnor2_1)
                  0.15    0.11    4.16 ^ _36142_/Y (sky130_fd_sc_hd__xnor2_1)
     2    0.01                           _13770_ (net)
                  0.15    0.00    4.16 ^ _36145_/A (sky130_fd_sc_hd__xor2_1)
                  0.14    0.15    4.30 ^ _36145_/X (sky130_fd_sc_hd__xor2_1)
     2    0.01                           _13773_ (net)
                  0.14    0.00    4.30 ^ _36146_/B (sky130_fd_sc_hd__xnor2_1)
                  0.16    0.12    4.42 ^ _36146_/Y (sky130_fd_sc_hd__xnor2_1)
     2    0.01                           _13774_ (net)
                  0.16    0.00    4.42 ^ _36147_/B1 (sky130_fd_sc_hd__o21ai_2)
                  0.05    0.04    4.46 v _36147_/Y (sky130_fd_sc_hd__o21ai_2)
     3    0.01                           _13775_ (net)
                  0.05    0.00    4.46 v _36192_/A2 (sky130_fd_sc_hd__a211o_1)
                  0.06    0.23    4.69 v _36192_/X (sky130_fd_sc_hd__a211o_1)
     3    0.01                           _13819_ (net)
                  0.06    0.00    4.69 v _36241_/A2 (sky130_fd_sc_hd__a211o_1)
                  0.06    0.23    4.92 v _36241_/X (sky130_fd_sc_hd__a211o_1)
     3    0.01                           _13867_ (net)
                  0.06    0.00    4.92 v _36296_/A2 (sky130_fd_sc_hd__a21o_1)
                  0.05    0.15    5.07 v _36296_/X (sky130_fd_sc_hd__a21o_1)
     3    0.01                           _13921_ (net)
                  0.05    0.00    5.07 v _36345_/A2 (sky130_fd_sc_hd__a21o_1)
                  0.04    0.14    5.21 v _36345_/X (sky130_fd_sc_hd__a21o_1)
     3    0.01                           _13969_ (net)
                  0.04    0.00    5.21 v _36407_/A2 (sky130_fd_sc_hd__a21o_1)
                  0.04    0.14    5.36 v _36407_/X (sky130_fd_sc_hd__a21o_1)
     3    0.01                           _14030_ (net)
                  0.04    0.00    5.36 v _36459_/A2 (sky130_fd_sc_hd__a21o_1)
                  0.04    0.14    5.50 v _36459_/X (sky130_fd_sc_hd__a21o_1)
     3    0.01                           _14081_ (net)
                  0.04    0.00    5.50 v _36510_/A2 (sky130_fd_sc_hd__a21o_1)
                  0.05    0.15    5.64 v _36510_/X (sky130_fd_sc_hd__a21o_1)
     3    0.01                           _14131_ (net)
                  0.05    0.00    5.64 v _36550_/A2 (sky130_fd_sc_hd__a21o_1)
                  0.05    0.15    5.80 v _36550_/X (sky130_fd_sc_hd__a21o_1)
     3    0.01                           _14170_ (net)
                  0.05    0.00    5.80 v _36585_/A2 (sky130_fd_sc_hd__a21o_1)
                  0.05    0.15    5.95 v _36585_/X (sky130_fd_sc_hd__a21o_1)
     3    0.01                           _14204_ (net)
                  0.05    0.00    5.95 v _36615_/A2 (sky130_fd_sc_hd__a21o_1)
                  0.04    0.14    6.09 v _36615_/X (sky130_fd_sc_hd__a21o_1)
     3    0.01                           _14233_ (net)
                  0.04    0.00    6.09 v _36642_/A2 (sky130_fd_sc_hd__a21o_1)
                  0.04    0.14    6.23 v _36642_/X (sky130_fd_sc_hd__a21o_1)
     3    0.01                           _14259_ (net)
                  0.04    0.00    6.23 v _36664_/A1 (sky130_fd_sc_hd__a21o_1)
                  0.04    0.12    6.35 v _36664_/X (sky130_fd_sc_hd__a21o_1)
     3    0.01                           _14280_ (net)
                  0.04    0.00    6.35 v _36680_/A1 (sky130_fd_sc_hd__a21o_1)
                  0.04    0.12    6.48 v _36680_/X (sky130_fd_sc_hd__a21o_1)
     3    0.01                           _14295_ (net)
                  0.04    0.00    6.48 v _36688_/A1 (sky130_fd_sc_hd__a21oi_1)
                  0.13    0.13    6.61 ^ _36688_/Y (sky130_fd_sc_hd__a21oi_1)
     2    0.01                           _14302_ (net)
                  0.13    0.00    6.61 ^ _36690_/A1_N (sky130_fd_sc_hd__a2bb2o_1)
                  0.03    0.14    6.74 v _36690_/X (sky130_fd_sc_hd__a2bb2o_1)
     1    0.00                           _02800_ (net)
                  0.03    0.00    6.74 v _40375_/D (sky130_fd_sc_hd__dfxtp_1)
                                  6.74   data arrival time

                         10.00   10.00   clock clk (rise edge)
                          0.00   10.00   clock source latency
                  0.35    0.24   10.24 ^ clk (in)
     2    0.11                           clk (net)
                  0.35    0.00   10.24 ^ clkbuf_0_clk/A (sky130_fd_sc_hd__clkbuf_16)
                  0.12    0.19   10.43 ^ clkbuf_0_clk/X (sky130_fd_sc_hd__clkbuf_16)
     4    0.15                           clknet_0_clk (net)
                  0.12    0.00   10.43 ^ clkbuf_2_0_0_clk/A (sky130_fd_sc_hd__clkbuf_8)
                  0.25    0.25   10.69 ^ clkbuf_2_0_0_clk/X (sky130_fd_sc_hd__clkbuf_8)
     8    0.19                           clknet_2_0_0_clk (net)
                  0.25    0.00   10.69 ^ clkbuf_5_4__f_clk/A (sky130_fd_sc_hd__clkbuf_16)
                  0.12    0.18   10.87 ^ clkbuf_5_4__f_clk/X (sky130_fd_sc_hd__clkbuf_16)
    12    0.14                           clknet_5_4__leaf_clk (net)
                  0.12    0.00   10.87 ^ clkbuf_leaf_375_clk/A (sky130_fd_sc_hd__clkbuf_16)
                  0.04    0.11   10.98 ^ clkbuf_leaf_375_clk/X (sky130_fd_sc_hd__clkbuf_16)
     8    0.02                           clknet_leaf_375_clk (net)
                  0.04    0.00   10.98 ^ _40375_/CLK (sky130_fd_sc_hd__dfxtp_1)
                         -0.25   10.73   clock uncertainty
                          0.00   10.73   clock reconvergence pessimism
                         -0.07   10.66   library setup time
                                 10.66   data required time
-----------------------------------------------------------------------------
                                 10.66   data required time
                                 -6.74   data arrival time
-----------------------------------------------------------------------------
                                  3.92   slack (MET)



======================= Slowest Corner ===================================

Startpoint: rst_n (input port clocked by clk)
Endpoint: _37845_ (recovery check against rising-edge clock clk)
Path Group: asynchronous
Path Type: max
Corner: Slowest

Fanout     Cap    Slew   Delay    Time   Description
-----------------------------------------------------------------------------
                          0.00    0.00   clock clk (rise edge)
                          0.00    0.00   clock network delay (propagated)
                          2.00    2.00 ^ input external delay
                  0.03    0.02    2.02 ^ rst_n (in)
     1    0.00                           rst_n (net)
                  0.03    0.00    2.02 ^ hold104/A (sky130_fd_sc_hd__dlygate4sd3_1)
                  0.09    1.07    3.09 ^ hold104/X (sky130_fd_sc_hd__dlygate4sd3_1)
     1    0.00                           net520 (net)
                  0.09    0.00    3.09 ^ input132/A (sky130_fd_sc_hd__clkbuf_2)
                  0.23    0.33    3.42 ^ input132/X (sky130_fd_sc_hd__clkbuf_2)
     2    0.03                           net132 (net)
                  0.23    0.00    3.42 ^ fanout356/A (sky130_fd_sc_hd__buf_4)
                  0.45    0.58    4.00 ^ fanout356/X (sky130_fd_sc_hd__buf_4)
     5    0.10                           net356 (net)
                  0.45    0.01    4.01 ^ fanout347/A (sky130_fd_sc_hd__buf_2)
                  0.29    0.54    4.55 ^ fanout347/X (sky130_fd_sc_hd__buf_2)
     5    0.04                           net347 (net)
                  0.29    0.00    4.55 ^ fanout346/A (sky130_fd_sc_hd__buf_4)
                  0.31    0.51    5.06 ^ fanout346/X (sky130_fd_sc_hd__buf_4)
    10    0.07                           net346 (net)
                  0.31    0.00    5.06 ^ fanout345/A (sky130_fd_sc_hd__clkbuf_4)
                  0.20    0.48    5.54 ^ fanout345/X (sky130_fd_sc_hd__clkbuf_4)
     8    0.04                           net345 (net)
                  0.20    0.00    5.54 ^ fanout344/A (sky130_fd_sc_hd__clkbuf_4)
                  0.24    0.45    5.99 ^ fanout344/X (sky130_fd_sc_hd__clkbuf_4)
    10    0.05                           net344 (net)
                  0.24    0.00    5.99 ^ fanout343/A (sky130_fd_sc_hd__clkbuf_4)
                  0.25    0.48    6.47 ^ fanout343/X (sky130_fd_sc_hd__clkbuf_4)
    10    0.05                           net343 (net)
                  0.25    0.00    6.47 ^ _37845_/RESET_B (sky130_fd_sc_hd__dfrtp_1)
                                  6.47   data arrival time

                         10.00   10.00   clock clk (rise edge)
                          0.00   10.00   clock source latency
                  0.76    0.51   10.51 ^ clk (in)
     2    0.11                           clk (net)
                  0.76    0.00   10.51 ^ clkbuf_0_clk/A (sky130_fd_sc_hd__clkbuf_16)
                  0.24    0.61   11.11 ^ clkbuf_0_clk/X (sky130_fd_sc_hd__clkbuf_16)
     4    0.15                           clknet_0_clk (net)
                  0.24    0.00   11.11 ^ clkbuf_2_1_0_clk/A (sky130_fd_sc_hd__clkbuf_8)
                  0.48    0.59   11.70 ^ clkbuf_2_1_0_clk/X (sky130_fd_sc_hd__clkbuf_8)
     8    0.18                           clknet_2_1_0_clk (net)
                  0.48    0.00   11.70 ^ clkbuf_5_8__f_clk/A (sky130_fd_sc_hd__clkbuf_16)
                  0.24    0.52   12.22 ^ clkbuf_5_8__f_clk/X (sky130_fd_sc_hd__clkbuf_16)
    12    0.15                           clknet_5_8__leaf_clk (net)
                  0.24    0.00   12.22 ^ clkbuf_leaf_85_clk/A (sky130_fd_sc_hd__clkbuf_16)
                  0.07    0.28   12.50 ^ clkbuf_leaf_85_clk/X (sky130_fd_sc_hd__clkbuf_16)
     6    0.02                           clknet_leaf_85_clk (net)
                  0.07    0.00   12.50 ^ _37845_/CLK (sky130_fd_sc_hd__dfrtp_1)
                         -0.25   12.25   clock uncertainty
                          0.00   12.25   clock reconvergence pessimism
                          0.39   12.65   library recovery time
                                 12.65   data required time
-----------------------------------------------------------------------------
                                 12.65   data required time
                                 -6.47   data arrival time
-----------------------------------------------------------------------------
                                  6.17   slack (MET)


Startpoint: _40273_ (rising edge-triggered flip-flop clocked by clk)
Endpoint: _39949_ (rising edge-triggered flip-flop clocked by clk)
Path Group: clk
Path Type: max
Corner: Slowest

Fanout     Cap    Slew   Delay    Time   Description
-----------------------------------------------------------------------------
                          0.00    0.00   clock clk (rise edge)
                          0.00    0.00   clock source latency
                  0.76    0.56    0.56 ^ clk (in)
     2    0.11                           clk (net)
                  0.76    0.00    0.56 ^ clkbuf_0_clk/A (sky130_fd_sc_hd__clkbuf_16)
                  0.24    0.67    1.23 ^ clkbuf_0_clk/X (sky130_fd_sc_hd__clkbuf_16)
     4    0.15                           clknet_0_clk (net)
                  0.24    0.00    1.23 ^ clkbuf_2_3_0_clk/A (sky130_fd_sc_hd__clkbuf_8)
                  0.48    0.65    1.88 ^ clkbuf_2_3_0_clk/X (sky130_fd_sc_hd__clkbuf_8)
     8    0.18                           clknet_2_3_0_clk (net)
                  0.48    0.00    1.88 ^ clkbuf_5_30__f_clk/A (sky130_fd_sc_hd__clkbuf_16)
                  0.28    0.60    2.48 ^ clkbuf_5_30__f_clk/X (sky130_fd_sc_hd__clkbuf_16)
    14    0.17                           clknet_5_30__leaf_clk (net)
                  0.28    0.00    2.48 ^ clkbuf_leaf_193_clk/A (sky130_fd_sc_hd__clkbuf_16)
                  0.08    0.34    2.82 ^ clkbuf_leaf_193_clk/X (sky130_fd_sc_hd__clkbuf_16)
     9    0.03                           clknet_leaf_193_clk (net)
                  0.08    0.00    2.82 ^ _40273_/CLK (sky130_fd_sc_hd__dfrtp_1)
                  0.13    0.73    3.55 ^ _40273_/Q (sky130_fd_sc_hd__dfrtp_1)
     2    0.01                           col_deskew_out[0].genblk1.u_deskew_buf.gen_delay.ptr[2] (net)
                  0.13    0.00    3.55 ^ _32954_/A (sky130_fd_sc_hd__buf_6)
                  0.11    0.25    3.80 ^ _32954_/X (sky130_fd_sc_hd__buf_6)
     6    0.03                           _11015_ (net)
                  0.11    0.00    3.80 ^ split71/A (sky130_fd_sc_hd__buf_4)
                  0.13    0.29    4.09 ^ split71/X (sky130_fd_sc_hd__buf_4)
     5    0.03                           net487 (net)
                  0.13    0.00    4.09 ^ _32966_/B (sky130_fd_sc_hd__nor4b_4)
                  0.09    0.14    4.24 v _32966_/Y (sky130_fd_sc_hd__nor4b_4)
     4    0.02                           _11027_ (net)
                  0.09    0.00    4.24 v wire307/A (sky130_fd_sc_hd__buf_4)
                  0.09    0.31    4.55 v wire307/X (sky130_fd_sc_hd__buf_4)
     5    0.03                           net307 (net)
                  0.09    0.00    4.55 v _32991_/B1 (sky130_fd_sc_hd__a22o_1)
                  0.09    0.37    4.92 v _32991_/X (sky130_fd_sc_hd__a22o_1)
     1    0.00                           _11052_ (net)
                  0.09    0.00    4.92 v _32994_/B (sky130_fd_sc_hd__or4_4)
                  0.21    1.18    6.10 v _32994_/X (sky130_fd_sc_hd__or4_4)
     2    0.02                           _11055_ (net)
                  0.21    0.00    6.10 v _33002_/A (sky130_fd_sc_hd__or4_4)
                  0.14    1.13    7.23 v _33002_/X (sky130_fd_sc_hd__or4_4)
     1    0.00                           _11063_ (net)
                  0.14    0.00    7.23 v _33003_/D (sky130_fd_sc_hd__or4_4)
                  0.25    1.08    8.31 v _33003_/X (sky130_fd_sc_hd__or4_4)
     6    0.04                           _11064_ (net)
                  0.25    0.00    8.31 v _33069_/A (sky130_fd_sc_hd__buf_6)
                  0.05    0.33    8.64 v _33069_/X (sky130_fd_sc_hd__buf_6)
     6    0.02                           _11126_ (net)
                  0.05    0.00    8.64 v _33412_/A (sky130_fd_sc_hd__and3_2)
                  0.16    0.48    9.12 v _33412_/X (sky130_fd_sc_hd__and3_2)
     3    0.02                           _11461_ (net)
                  0.16    0.00    9.12 v _33413_/B (sky130_fd_sc_hd__and2_1)
                  0.14    0.45    9.57 v _33413_/X (sky130_fd_sc_hd__and2_1)
     3    0.01                           _11462_ (net)
                  0.14    0.00    9.57 v _33414_/B (sky130_fd_sc_hd__xnor2_1)
                  0.31    0.34    9.92 ^ _33414_/Y (sky130_fd_sc_hd__xnor2_1)
     2    0.01                           _11463_ (net)
                  0.31    0.00    9.92 ^ _33415_/B (sky130_fd_sc_hd__nor2_1)
                  0.11    0.21   10.13 v _33415_/Y (sky130_fd_sc_hd__nor2_1)
     2    0.01                           _11464_ (net)
                  0.11    0.00   10.13 v _33417_/A2 (sky130_fd_sc_hd__a21oi_2)
                  0.27    0.35   10.49 ^ _33417_/Y (sky130_fd_sc_hd__a21oi_2)
     2    0.01                           _11466_ (net)
                  0.27    0.00   10.49 ^ _33481_/B_N (sky130_fd_sc_hd__or2b_1)
                  0.09    0.58   11.07 v _33481_/X (sky130_fd_sc_hd__or2b_1)
     1    0.00                           _11529_ (net)
                  0.09    0.00   11.07 v _33482_/B1_N (sky130_fd_sc_hd__a21bo_1)
                  0.20    0.47   11.54 ^ _33482_/X (sky130_fd_sc_hd__a21bo_1)
     2    0.01                           _11530_ (net)
                  0.20    0.00   11.54 ^ _33483_/B (sky130_fd_sc_hd__xor2_2)
                  0.22    0.33   11.87 ^ _33483_/X (sky130_fd_sc_hd__xor2_2)
     2    0.01                           _11531_ (net)
                  0.22    0.00   11.87 ^ _33496_/A (sky130_fd_sc_hd__xnor2_1)
                  0.17    0.27   12.14 v _33496_/Y (sky130_fd_sc_hd__xnor2_1)
     2    0.01                           _11544_ (net)
                  0.17    0.00   12.14 v _33498_/C (sky130_fd_sc_hd__or3_1)
                  0.14    0.79   12.93 v _33498_/X (sky130_fd_sc_hd__or3_1)
     1    0.00                           _11546_ (net)
                  0.14    0.00   12.93 v _33499_/A (sky130_fd_sc_hd__and2_4)
                  0.07    0.32   13.24 v _33499_/X (sky130_fd_sc_hd__and2_4)
     2    0.01                           _11547_ (net)
                  0.07    0.00   13.24 v _33501_/A (sky130_fd_sc_hd__xnor2_2)
                  0.45    0.47   13.72 ^ _33501_/Y (sky130_fd_sc_hd__xnor2_2)
     2    0.02                           _11549_ (net)
                  0.45    0.00   13.72 ^ _33504_/A (sky130_fd_sc_hd__xor2_2)
                  0.34    0.50   14.22 ^ _33504_/X (sky130_fd_sc_hd__xor2_2)
     2    0.01                           _11552_ (net)
                  0.34    0.00   14.22 ^ _33505_/B (sky130_fd_sc_hd__xor2_2)
                  0.46    0.56   14.77 ^ _33505_/X (sky130_fd_sc_hd__xor2_2)
     2    0.02                           _11553_ (net)
                  0.46    0.00   14.78 ^ _33557_/A (sky130_fd_sc_hd__or2b_1)
                  0.06    0.31   15.09 ^ _33557_/X (sky130_fd_sc_hd__or2b_1)
     1    0.00                           _11604_ (net)
                  0.06    0.00   15.09 ^ _33558_/B1_N (sky130_fd_sc_hd__a21boi_2)
                  0.26    0.37   15.46 ^ _33558_/Y (sky130_fd_sc_hd__a21boi_2)
     3    0.01                           _11605_ (net)
                  0.26    0.00   15.46 ^ _33600_/A2 (sky130_fd_sc_hd__o21ai_2)
                  0.19    0.27   15.73 v _33600_/Y (sky130_fd_sc_hd__o21ai_2)
     3    0.02                           _11646_ (net)
                  0.19    0.00   15.73 v _33639_/A2 (sky130_fd_sc_hd__a21bo_1)
                  0.10    0.45   16.18 v _33639_/X (sky130_fd_sc_hd__a21bo_1)
     2    0.01                           _11684_ (net)
                  0.10    0.00   16.18 v _33674_/A2 (sky130_fd_sc_hd__a21o_1)
                  0.12    0.41   16.59 v _33674_/X (sky130_fd_sc_hd__a21o_1)
     3    0.01                           _11718_ (net)
                  0.12    0.00   16.59 v _33704_/A2 (sky130_fd_sc_hd__a31o_1)
                  0.12    0.47   17.06 v _33704_/X (sky130_fd_sc_hd__a31o_1)
     3    0.01                           _11746_ (net)
                  0.12    0.00   17.06 v _33728_/B2 (sky130_fd_sc_hd__a22o_1)
                  0.12    0.45   17.52 v _33728_/X (sky130_fd_sc_hd__a22o_1)
     2    0.01                           _11769_ (net)
                  0.12    0.00   17.52 v _33744_/A1 (sky130_fd_sc_hd__a21o_1)
                  0.10    0.36   17.88 v _33744_/X (sky130_fd_sc_hd__a21o_1)
     2    0.01                           _11784_ (net)
                  0.10    0.00   17.88 v _33750_/A (sky130_fd_sc_hd__or2_4)
                  0.08    0.49   18.37 v _33750_/X (sky130_fd_sc_hd__or2_4)
     1    0.00                           _11790_ (net)
                  0.08    0.00   18.37 v _33752_/B1 (sky130_fd_sc_hd__a22o_1)
                  0.08    0.35   18.72 v _33752_/X (sky130_fd_sc_hd__a22o_1)
     1    0.00                           _02374_ (net)
                  0.08    0.00   18.72 v _39949_/D (sky130_fd_sc_hd__dfxtp_1)
                                 18.72   data arrival time

                         10.00   10.00   clock clk (rise edge)
                          0.00   10.00   clock source latency
                  0.76    0.51   10.51 ^ clk (in)
     2    0.11                           clk (net)
                  0.76    0.00   10.51 ^ clkbuf_0_clk/A (sky130_fd_sc_hd__clkbuf_16)
                  0.24    0.61   11.11 ^ clkbuf_0_clk/X (sky130_fd_sc_hd__clkbuf_16)
     4    0.15                           clknet_0_clk (net)
                  0.24    0.00   11.11 ^ clkbuf_2_3_0_clk/A (sky130_fd_sc_hd__clkbuf_8)
                  0.48    0.59   11.70 ^ clkbuf_2_3_0_clk/X (sky130_fd_sc_hd__clkbuf_8)
     8    0.18                           clknet_2_3_0_clk (net)
                  0.48    0.00   11.70 ^ clkbuf_5_30__f_clk/A (sky130_fd_sc_hd__clkbuf_16)
                  0.28    0.54   12.24 ^ clkbuf_5_30__f_clk/X (sky130_fd_sc_hd__clkbuf_16)
    14    0.17                           clknet_5_30__leaf_clk (net)
                  0.28    0.00   12.25 ^ clkbuf_leaf_174_clk/A (sky130_fd_sc_hd__clkbuf_16)
                  0.08    0.31   12.56 ^ clkbuf_leaf_174_clk/X (sky130_fd_sc_hd__clkbuf_16)
     9    0.03                           clknet_leaf_174_clk (net)
                  0.08    0.00   12.56 ^ _39949_/CLK (sky130_fd_sc_hd__dfxtp_1)
                         -0.25   12.31   clock uncertainty
                          0.24   12.55   clock reconvergence pessimism
                         -0.27   12.28   library setup time
                                 12.28   data required time
-----------------------------------------------------------------------------
                                 12.28   data required time
                                -18.72   data arrival time
-----------------------------------------------------------------------------
                                 -6.44   slack (VIOLATED)



======================= Typical Corner ===================================

Startpoint: rst_n (input port clocked by clk)
Endpoint: _37845_ (recovery check against rising-edge clock clk)
Path Group: asynchronous
Path Type: max
Corner: Typical

Fanout     Cap    Slew   Delay    Time   Description
-----------------------------------------------------------------------------
                          0.00    0.00   clock clk (rise edge)
                          0.00    0.00   clock network delay (propagated)
                          2.00    2.00 ^ input external delay
                  0.02    0.01    2.01 ^ rst_n (in)
     1    0.00                           rst_n (net)
                  0.02    0.00    2.01 ^ hold104/A (sky130_fd_sc_hd__dlygate4sd3_1)
                  0.05    0.55    2.56 ^ hold104/X (sky130_fd_sc_hd__dlygate4sd3_1)
     1    0.00                           net520 (net)
                  0.05    0.00    2.56 ^ input132/A (sky130_fd_sc_hd__clkbuf_2)
                  0.15    0.19    2.75 ^ input132/X (sky130_fd_sc_hd__clkbuf_2)
     2    0.03                           net132 (net)
                  0.15    0.00    2.75 ^ fanout356/A (sky130_fd_sc_hd__buf_4)
                  0.28    0.33    3.08 ^ fanout356/X (sky130_fd_sc_hd__buf_4)
     5    0.10                           net356 (net)
                  0.28    0.01    3.09 ^ fanout347/A (sky130_fd_sc_hd__buf_2)
                  0.18    0.29    3.38 ^ fanout347/X (sky130_fd_sc_hd__buf_2)
     5    0.04                           net347 (net)
                  0.18    0.00    3.38 ^ fanout346/A (sky130_fd_sc_hd__buf_4)
                  0.20    0.29    3.67 ^ fanout346/X (sky130_fd_sc_hd__buf_4)
    10    0.07                           net346 (net)
                  0.20    0.00    3.67 ^ fanout345/A (sky130_fd_sc_hd__clkbuf_4)
                  0.14    0.27    3.94 ^ fanout345/X (sky130_fd_sc_hd__clkbuf_4)
     8    0.04                           net345 (net)
                  0.14    0.00    3.94 ^ fanout344/A (sky130_fd_sc_hd__clkbuf_4)
                  0.16    0.26    4.20 ^ fanout344/X (sky130_fd_sc_hd__clkbuf_4)
    10    0.05                           net344 (net)
                  0.16    0.00    4.20 ^ fanout343/A (sky130_fd_sc_hd__clkbuf_4)
                  0.17    0.28    4.49 ^ fanout343/X (sky130_fd_sc_hd__clkbuf_4)
    10    0.05                           net343 (net)
                  0.17    0.00    4.49 ^ _37845_/RESET_B (sky130_fd_sc_hd__dfrtp_1)
                                  4.49   data arrival time

                         10.00   10.00   clock clk (rise edge)
                          0.00   10.00   clock source latency
                  0.48    0.32   10.32 ^ clk (in)
     2    0.11                           clk (net)
                  0.48    0.00   10.32 ^ clkbuf_0_clk/A (sky130_fd_sc_hd__clkbuf_16)
                  0.16    0.31   10.63 ^ clkbuf_0_clk/X (sky130_fd_sc_hd__clkbuf_16)
     4    0.15                           clknet_0_clk (net)
                  0.16    0.00   10.63 ^ clkbuf_2_1_0_clk/A (sky130_fd_sc_hd__clkbuf_8)
                  0.31    0.34   10.98 ^ clkbuf_2_1_0_clk/X (sky130_fd_sc_hd__clkbuf_8)
     8    0.18                           clknet_2_1_0_clk (net)
                  0.31    0.00   10.98 ^ clkbuf_5_8__f_clk/A (sky130_fd_sc_hd__clkbuf_16)
                  0.16    0.29   11.27 ^ clkbuf_5_8__f_clk/X (sky130_fd_sc_hd__clkbuf_16)
    12    0.15                           clknet_5_8__leaf_clk (net)
                  0.16    0.00   11.27 ^ clkbuf_leaf_85_clk/A (sky130_fd_sc_hd__clkbuf_16)
                  0.04    0.16   11.42 ^ clkbuf_leaf_85_clk/X (sky130_fd_sc_hd__clkbuf_16)
     6    0.02                           clknet_leaf_85_clk (net)
                  0.04    0.00   11.42 ^ _37845_/CLK (sky130_fd_sc_hd__dfrtp_1)
                         -0.25   11.17   clock uncertainty
                          0.00   11.17   clock reconvergence pessimism
                          0.20   11.37   library recovery time
                                 11.37   data required time
-----------------------------------------------------------------------------
                                 11.37   data required time
                                 -4.49   data arrival time
-----------------------------------------------------------------------------
                                  6.88   slack (MET)


Startpoint: _40120_ (rising edge-triggered flip-flop clocked by clk)
Endpoint: _39910_ (rising edge-triggered flip-flop clocked by clk)
Path Group: clk
Path Type: max
Corner: Typical

Fanout     Cap    Slew   Delay    Time   Description
-----------------------------------------------------------------------------
                          0.00    0.00   clock clk (rise edge)
                          0.00    0.00   clock source latency
                  0.48    0.35    0.35 ^ clk (in)
     2    0.11                           clk (net)
                  0.48    0.00    0.35 ^ clkbuf_0_clk/A (sky130_fd_sc_hd__clkbuf_16)
                  0.16    0.35    0.70 ^ clkbuf_0_clk/X (sky130_fd_sc_hd__clkbuf_16)
     4    0.15                           clknet_0_clk (net)
                  0.16    0.00    0.70 ^ clkbuf_2_3_0_clk/A (sky130_fd_sc_hd__clkbuf_8)
                  0.31    0.38    1.08 ^ clkbuf_2_3_0_clk/X (sky130_fd_sc_hd__clkbuf_8)
     8    0.18                           clknet_2_3_0_clk (net)
                  0.31    0.00    1.08 ^ clkbuf_5_26__f_clk/A (sky130_fd_sc_hd__clkbuf_16)
                  0.19    0.34    1.42 ^ clkbuf_5_26__f_clk/X (sky130_fd_sc_hd__clkbuf_16)
    13    0.18                           clknet_5_26__leaf_clk (net)
                  0.19    0.00    1.42 ^ clkbuf_leaf_163_clk/A (sky130_fd_sc_hd__clkbuf_16)
                  0.06    0.20    1.62 ^ clkbuf_leaf_163_clk/X (sky130_fd_sc_hd__clkbuf_16)
    13    0.04                           clknet_leaf_163_clk (net)
                  0.06    0.00    1.62 ^ _40120_/CLK (sky130_fd_sc_hd__dfrtp_1)
                  0.06    0.41    2.03 v _40120_/Q (sky130_fd_sc_hd__dfrtp_1)
     2    0.01                           col_deskew_out[1].genblk1.u_deskew_buf.gen_delay.ptr[1] (net)
                  0.06    0.00    2.03 v _32122_/A (sky130_fd_sc_hd__buf_6)
                  0.04    0.15    2.17 v _32122_/X (sky130_fd_sc_hd__buf_6)
     6    0.03                           _10221_ (net)
                  0.04    0.00    2.18 v _32127_/A (sky130_fd_sc_hd__nor3b_4)
                  0.24    0.28    2.45 ^ _32127_/Y (sky130_fd_sc_hd__nor3b_4)
     3    0.02                           _10226_ (net)
                  0.24    0.00    2.45 ^ _32129_/C1 (sky130_fd_sc_hd__a2111oi_4)
                  0.07    0.09    2.54 v _32129_/Y (sky130_fd_sc_hd__a2111oi_4)
     2    0.01                           _10228_ (net)
                  0.07    0.00    2.54 v max_cap300/A (sky130_fd_sc_hd__buf_4)
                  0.04    0.17    2.71 v max_cap300/X (sky130_fd_sc_hd__buf_4)
     3    0.02                           net300 (net)
                  0.04    0.00    2.71 v wire298/A (sky130_fd_sc_hd__clkbuf_2)
                  0.09    0.16    2.87 v wire298/X (sky130_fd_sc_hd__clkbuf_2)
     3    0.02                           net298 (net)
                  0.09    0.00    2.87 v _32140_/A2 (sky130_fd_sc_hd__a2111oi_2)
                  0.58    0.65    3.52 ^ _32140_/Y (sky130_fd_sc_hd__a2111oi_2)
     1    0.02                           _10239_ (net)
                  0.58    0.00    3.52 ^ wire287/A (sky130_fd_sc_hd__clkbuf_2)
                  0.14    0.30    3.82 ^ wire287/X (sky130_fd_sc_hd__clkbuf_2)
     3    0.02                           net287 (net)
                  0.14    0.00    3.82 ^ _32141_/B (sky130_fd_sc_hd__and2_4)
                  0.14    0.26    4.08 ^ _32141_/X (sky130_fd_sc_hd__and2_4)
     3    0.05                           _10240_ (net)
                  0.14    0.00    4.08 ^ _32209_/A1 (sky130_fd_sc_hd__a21oi_4)
                  0.07    0.10    4.19 v _32209_/Y (sky130_fd_sc_hd__a21oi_4)
     6    0.02                           _10305_ (net)
                  0.07    0.00    4.19 v _32210_/A (sky130_fd_sc_hd__buf_6)
                  0.03    0.15    4.34 v _32210_/X (sky130_fd_sc_hd__buf_6)
     5    0.02                           _10306_ (net)
                  0.03    0.00    4.34 v rebuffer2/A (sky130_fd_sc_hd__clkbuf_1)
                  0.06    0.12    4.45 v rebuffer2/X (sky130_fd_sc_hd__clkbuf_1)
     3    0.01                           net2831 (net)
                  0.06    0.00    4.45 v _32387_/A1 (sky130_fd_sc_hd__a22o_1)
                  0.05    0.23    4.69 v _32387_/X (sky130_fd_sc_hd__a22o_1)
     2    0.01                           _10477_ (net)
                  0.05    0.00    4.69 v _32389_/A2 (sky130_fd_sc_hd__a22o_1)
                  0.05    0.26    4.94 v _32389_/X (sky130_fd_sc_hd__a22o_1)
     2    0.01                           _10479_ (net)
                  0.05    0.00    4.94 v _32393_/A1 (sky130_fd_sc_hd__a21o_1)
                  0.05    0.18    5.12 v _32393_/X (sky130_fd_sc_hd__a21o_1)
     2    0.01                           _10483_ (net)
                  0.05    0.00    5.12 v _32402_/A2 (sky130_fd_sc_hd__a21o_1)
                  0.05    0.20    5.32 v _32402_/X (sky130_fd_sc_hd__a21o_1)
     2    0.01                           _10492_ (net)
                  0.05    0.00    5.32 v _32405_/A2 (sky130_fd_sc_hd__a21oi_1)
                  0.30    0.30    5.62 ^ _32405_/Y (sky130_fd_sc_hd__a21oi_1)
     2    0.01                           _10495_ (net)
                  0.30    0.00    5.62 ^ _32413_/B (sky130_fd_sc_hd__nor3b_2)
                  0.09    0.12    5.75 v _32413_/Y (sky130_fd_sc_hd__nor3b_2)
     3    0.01                           _10503_ (net)
                  0.09    0.00    5.75 v _32416_/B1 (sky130_fd_sc_hd__a211o_1)
                  0.08    0.34    6.08 v _32416_/X (sky130_fd_sc_hd__a211o_1)
     3    0.01                           _10506_ (net)
                  0.08    0.00    6.08 v _32418_/A1 (sky130_fd_sc_hd__a21bo_1)
                  0.07    0.22    6.31 v _32418_/X (sky130_fd_sc_hd__a21bo_1)
     2    0.01                           _10508_ (net)
                  0.07    0.00    6.31 v _32419_/C1 (sky130_fd_sc_hd__o211a_4)
                  0.06    0.17    6.48 v _32419_/X (sky130_fd_sc_hd__o211a_4)
     5    0.02                           _10509_ (net)
                  0.06    0.00    6.48 v _32422_/A (sky130_fd_sc_hd__or4bb_4)
                  0.09    0.56    7.04 v _32422_/X (sky130_fd_sc_hd__or4bb_4)
     2    0.01                           _10512_ (net)
                  0.09    0.00    7.04 v _32428_/C1 (sky130_fd_sc_hd__o211a_1)
                  0.06    0.16    7.20 v _32428_/X (sky130_fd_sc_hd__o211a_1)
     3    0.01                           _10518_ (net)
                  0.06    0.00    7.20 v _32481_/B (sky130_fd_sc_hd__or3_4)
                  0.07    0.39    7.59 v _32481_/X (sky130_fd_sc_hd__or3_4)
     2    0.01                           _10570_ (net)
                  0.07    0.00    7.59 v _32540_/A2 (sky130_fd_sc_hd__a21o_1)
                  0.06    0.22    7.80 v _32540_/X (sky130_fd_sc_hd__a21o_1)
     3    0.01                           _10628_ (net)
                  0.06    0.00    7.80 v _32595_/A2 (sky130_fd_sc_hd__a21o_1)
                  0.06    0.22    8.02 v _32595_/X (sky130_fd_sc_hd__a21o_1)
     2    0.01                           _10682_ (net)
                  0.06    0.00    8.02 v _32647_/A2 (sky130_fd_sc_hd__a21oi_2)
                  0.17    0.20    8.23 ^ _32647_/Y (sky130_fd_sc_hd__a21oi_2)
     3    0.01                           _10733_ (net)
                  0.17    0.00    8.23 ^ _32692_/A2 (sky130_fd_sc_hd__o21ai_2)
                  0.08    0.12    8.35 v _32692_/Y (sky130_fd_sc_hd__o21ai_2)
     3    0.02                           _10777_ (net)
                  0.08    0.00    8.35 v _32734_/A2 (sky130_fd_sc_hd__a21o_1)
                  0.06    0.23    8.58 v _32734_/X (sky130_fd_sc_hd__a21o_1)
     3    0.01                           _10818_ (net)
                  0.06    0.00    8.58 v _32771_/A2 (sky130_fd_sc_hd__a21boi_2)
                  0.15    0.19    8.77 ^ _32771_/Y (sky130_fd_sc_hd__a21boi_2)
     3    0.01                           _10854_ (net)
                  0.15    0.00    8.77 ^ _32804_/A2 (sky130_fd_sc_hd__o21ai_2)
                  0.06    0.09    8.86 v _32804_/Y (sky130_fd_sc_hd__o21ai_2)
     3    0.01                           _10886_ (net)
                  0.06    0.00    8.86 v _32833_/A2 (sky130_fd_sc_hd__a21o_1)
                  0.06    0.22    9.09 v _32833_/X (sky130_fd_sc_hd__a21o_1)
     2    0.01                           _10914_ (net)
                  0.06    0.00    9.09 v _32860_/A2 (sky130_fd_sc_hd__a21oi_2)
                  0.20    0.23    9.32 ^ _32860_/Y (sky130_fd_sc_hd__a21oi_2)
     3    0.02                           _10940_ (net)
                  0.20    0.00    9.32 ^ _32861_/B (sky130_fd_sc_hd__nor2_2)
                  0.05    0.07    9.39 v _32861_/Y (sky130_fd_sc_hd__nor2_2)
     3    0.01                           _10941_ (net)
                  0.05    0.00    9.39 v _32875_/A2 (sky130_fd_sc_hd__o31a_1)
                  0.05    0.29    9.68 v _32875_/X (sky130_fd_sc_hd__o31a_1)
     1    0.00                           _10954_ (net)
                  0.05    0.00    9.68 v _32876_/B2 (sky130_fd_sc_hd__a22o_1)
                  0.04    0.20    9.88 v _32876_/X (sky130_fd_sc_hd__a22o_1)
     1    0.00                           _02335_ (net)
                  0.04    0.00    9.88 v _39910_/D (sky130_fd_sc_hd__dfxtp_1)
                                  9.88   data arrival time

                         10.00   10.00   clock clk (rise edge)
                          0.00   10.00   clock source latency
                  0.48    0.32   10.32 ^ clk (in)
     2    0.11                           clk (net)
                  0.48    0.00   10.32 ^ clkbuf_0_clk/A (sky130_fd_sc_hd__clkbuf_16)
                  0.16    0.31   10.63 ^ clkbuf_0_clk/X (sky130_fd_sc_hd__clkbuf_16)
     4    0.15                           clknet_0_clk (net)
                  0.16    0.00   10.63 ^ clkbuf_2_1_0_clk/A (sky130_fd_sc_hd__clkbuf_8)
                  0.31    0.34   10.98 ^ clkbuf_2_1_0_clk/X (sky130_fd_sc_hd__clkbuf_8)
     8    0.18                           clknet_2_1_0_clk (net)
                  0.31    0.00   10.98 ^ clkbuf_5_11__f_clk/A (sky130_fd_sc_hd__clkbuf_16)
                  0.18    0.30   11.28 ^ clkbuf_5_11__f_clk/X (sky130_fd_sc_hd__clkbuf_16)
    15    0.17                           clknet_5_11__leaf_clk (net)
                  0.18    0.00   11.28 ^ clkbuf_leaf_92_clk/A (sky130_fd_sc_hd__clkbuf_16)
                  0.04    0.16   11.44 ^ clkbuf_leaf_92_clk/X (sky130_fd_sc_hd__clkbuf_16)
     6    0.02                           clknet_leaf_92_clk (net)
                  0.04    0.00   11.44 ^ _39910_/CLK (sky130_fd_sc_hd__dfxtp_1)
                         -0.25   11.19   clock uncertainty
                          0.07   11.26   clock reconvergence pessimism
                         -0.11   11.15   library setup time
                                 11.15   data required time
-----------------------------------------------------------------------------
                                 11.15   data required time
                                 -9.88   data arrival time
-----------------------------------------------------------------------------
                                  1.28   slack (MET)




===========================================================================
report_checks --slack_max -0.01
============================================================================
======================= Fastest Corner ===================================

No paths found.

======================= Slowest Corner ===================================

Startpoint: _40273_ (rising edge-triggered flip-flop clocked by clk)
Endpoint: _39949_ (rising edge-triggered flip-flop clocked by clk)
Path Group: clk
Path Type: max
Corner: Slowest

Fanout     Cap    Slew   Delay    Time   Description
-----------------------------------------------------------------------------
                          0.00    0.00   clock clk (rise edge)
                          0.00    0.00   clock source latency
                  0.76    0.56    0.56 ^ clk (in)
     2    0.11                           clk (net)
                  0.76    0.00    0.56 ^ clkbuf_0_clk/A (sky130_fd_sc_hd__clkbuf_16)
                  0.24    0.67    1.23 ^ clkbuf_0_clk/X (sky130_fd_sc_hd__clkbuf_16)
     4    0.15                           clknet_0_clk (net)
                  0.24    0.00    1.23 ^ clkbuf_2_3_0_clk/A (sky130_fd_sc_hd__clkbuf_8)
                  0.48    0.65    1.88 ^ clkbuf_2_3_0_clk/X (sky130_fd_sc_hd__clkbuf_8)
     8    0.18                           clknet_2_3_0_clk (net)
                  0.48    0.00    1.88 ^ clkbuf_5_30__f_clk/A (sky130_fd_sc_hd__clkbuf_16)
                  0.28    0.60    2.48 ^ clkbuf_5_30__f_clk/X (sky130_fd_sc_hd__clkbuf_16)
    14    0.17                           clknet_5_30__leaf_clk (net)
                  0.28    0.00    2.48 ^ clkbuf_leaf_193_clk/A (sky130_fd_sc_hd__clkbuf_16)
                  0.08    0.34    2.82 ^ clkbuf_leaf_193_clk/X (sky130_fd_sc_hd__clkbuf_16)
     9    0.03                           clknet_leaf_193_clk (net)
                  0.08    0.00    2.82 ^ _40273_/CLK (sky130_fd_sc_hd__dfrtp_1)
                  0.13    0.73    3.55 ^ _40273_/Q (sky130_fd_sc_hd__dfrtp_1)
     2    0.01                           col_deskew_out[0].genblk1.u_deskew_buf.gen_delay.ptr[2] (net)
                  0.13    0.00    3.55 ^ _32954_/A (sky130_fd_sc_hd__buf_6)
                  0.11    0.25    3.80 ^ _32954_/X (sky130_fd_sc_hd__buf_6)
     6    0.03                           _11015_ (net)
                  0.11    0.00    3.80 ^ split71/A (sky130_fd_sc_hd__buf_4)
                  0.13    0.29    4.09 ^ split71/X (sky130_fd_sc_hd__buf_4)
     5    0.03                           net487 (net)
                  0.13    0.00    4.09 ^ _32966_/B (sky130_fd_sc_hd__nor4b_4)
                  0.09    0.14    4.24 v _32966_/Y (sky130_fd_sc_hd__nor4b_4)
     4    0.02                           _11027_ (net)
                  0.09    0.00    4.24 v wire307/A (sky130_fd_sc_hd__buf_4)
                  0.09    0.31    4.55 v wire307/X (sky130_fd_sc_hd__buf_4)
     5    0.03                           net307 (net)
                  0.09    0.00    4.55 v _32991_/B1 (sky130_fd_sc_hd__a22o_1)
                  0.09    0.37    4.92 v _32991_/X (sky130_fd_sc_hd__a22o_1)
     1    0.00                           _11052_ (net)
                  0.09    0.00    4.92 v _32994_/B (sky130_fd_sc_hd__or4_4)
                  0.21    1.18    6.10 v _32994_/X (sky130_fd_sc_hd__or4_4)
     2    0.02                           _11055_ (net)
                  0.21    0.00    6.10 v _33002_/A (sky130_fd_sc_hd__or4_4)
                  0.14    1.13    7.23 v _33002_/X (sky130_fd_sc_hd__or4_4)
     1    0.00                           _11063_ (net)
                  0.14    0.00    7.23 v _33003_/D (sky130_fd_sc_hd__or4_4)
                  0.25    1.08    8.31 v _33003_/X (sky130_fd_sc_hd__or4_4)
     6    0.04                           _11064_ (net)
                  0.25    0.00    8.31 v _33069_/A (sky130_fd_sc_hd__buf_6)
                  0.05    0.33    8.64 v _33069_/X (sky130_fd_sc_hd__buf_6)
     6    0.02                           _11126_ (net)
                  0.05    0.00    8.64 v _33412_/A (sky130_fd_sc_hd__and3_2)
                  0.16    0.48    9.12 v _33412_/X (sky130_fd_sc_hd__and3_2)
     3    0.02                           _11461_ (net)
                  0.16    0.00    9.12 v _33413_/B (sky130_fd_sc_hd__and2_1)
                  0.14    0.45    9.57 v _33413_/X (sky130_fd_sc_hd__and2_1)
     3    0.01                           _11462_ (net)
                  0.14    0.00    9.57 v _33414_/B (sky130_fd_sc_hd__xnor2_1)
                  0.31    0.34    9.92 ^ _33414_/Y (sky130_fd_sc_hd__xnor2_1)
     2    0.01                           _11463_ (net)
                  0.31    0.00    9.92 ^ _33415_/B (sky130_fd_sc_hd__nor2_1)
                  0.11    0.21   10.13 v _33415_/Y (sky130_fd_sc_hd__nor2_1)
     2    0.01                           _11464_ (net)
                  0.11    0.00   10.13 v _33417_/A2 (sky130_fd_sc_hd__a21oi_2)
                  0.27    0.35   10.49 ^ _33417_/Y (sky130_fd_sc_hd__a21oi_2)
     2    0.01                           _11466_ (net)
                  0.27    0.00   10.49 ^ _33481_/B_N (sky130_fd_sc_hd__or2b_1)
                  0.09    0.58   11.07 v _33481_/X (sky130_fd_sc_hd__or2b_1)
     1    0.00                           _11529_ (net)
                  0.09    0.00   11.07 v _33482_/B1_N (sky130_fd_sc_hd__a21bo_1)
                  0.20    0.47   11.54 ^ _33482_/X (sky130_fd_sc_hd__a21bo_1)
     2    0.01                           _11530_ (net)
                  0.20    0.00   11.54 ^ _33483_/B (sky130_fd_sc_hd__xor2_2)
                  0.22    0.33   11.87 ^ _33483_/X (sky130_fd_sc_hd__xor2_2)
     2    0.01                           _11531_ (net)
                  0.22    0.00   11.87 ^ _33496_/A (sky130_fd_sc_hd__xnor2_1)
                  0.17    0.27   12.14 v _33496_/Y (sky130_fd_sc_hd__xnor2_1)
     2    0.01                           _11544_ (net)
                  0.17    0.00   12.14 v _33498_/C (sky130_fd_sc_hd__or3_1)
                  0.14    0.79   12.93 v _33498_/X (sky130_fd_sc_hd__or3_1)
     1    0.00                           _11546_ (net)
                  0.14    0.00   12.93 v _33499_/A (sky130_fd_sc_hd__and2_4)
                  0.07    0.32   13.24 v _33499_/X (sky130_fd_sc_hd__and2_4)
     2    0.01                           _11547_ (net)
                  0.07    0.00   13.24 v _33501_/A (sky130_fd_sc_hd__xnor2_2)
                  0.45    0.47   13.72 ^ _33501_/Y (sky130_fd_sc_hd__xnor2_2)
     2    0.02                           _11549_ (net)
                  0.45    0.00   13.72 ^ _33504_/A (sky130_fd_sc_hd__xor2_2)
                  0.34    0.50   14.22 ^ _33504_/X (sky130_fd_sc_hd__xor2_2)
     2    0.01                           _11552_ (net)
                  0.34    0.00   14.22 ^ _33505_/B (sky130_fd_sc_hd__xor2_2)
                  0.46    0.56   14.77 ^ _33505_/X (sky130_fd_sc_hd__xor2_2)
     2    0.02                           _11553_ (net)
                  0.46    0.00   14.78 ^ _33557_/A (sky130_fd_sc_hd__or2b_1)
                  0.06    0.31   15.09 ^ _33557_/X (sky130_fd_sc_hd__or2b_1)
     1    0.00                           _11604_ (net)
                  0.06    0.00   15.09 ^ _33558_/B1_N (sky130_fd_sc_hd__a21boi_2)
                  0.26    0.37   15.46 ^ _33558_/Y (sky130_fd_sc_hd__a21boi_2)
     3    0.01                           _11605_ (net)
                  0.26    0.00   15.46 ^ _33600_/A2 (sky130_fd_sc_hd__o21ai_2)
                  0.19    0.27   15.73 v _33600_/Y (sky130_fd_sc_hd__o21ai_2)
     3    0.02                           _11646_ (net)
                  0.19    0.00   15.73 v _33639_/A2 (sky130_fd_sc_hd__a21bo_1)
                  0.10    0.45   16.18 v _33639_/X (sky130_fd_sc_hd__a21bo_1)
     2    0.01                           _11684_ (net)
                  0.10    0.00   16.18 v _33674_/A2 (sky130_fd_sc_hd__a21o_1)
                  0.12    0.41   16.59 v _33674_/X (sky130_fd_sc_hd__a21o_1)
     3    0.01                           _11718_ (net)
                  0.12    0.00   16.59 v _33704_/A2 (sky130_fd_sc_hd__a31o_1)
                  0.12    0.47   17.06 v _33704_/X (sky130_fd_sc_hd__a31o_1)
     3    0.01                           _11746_ (net)
                  0.12    0.00   17.06 v _33728_/B2 (sky130_fd_sc_hd__a22o_1)
                  0.12    0.45   17.52 v _33728_/X (sky130_fd_sc_hd__a22o_1)
     2    0.01                           _11769_ (net)
                  0.12    0.00   17.52 v _33744_/A1 (sky130_fd_sc_hd__a21o_1)
                  0.10    0.36   17.88 v _33744_/X (sky130_fd_sc_hd__a21o_1)
     2    0.01                           _11784_ (net)
                  0.10    0.00   17.88 v _33750_/A (sky130_fd_sc_hd__or2_4)
                  0.08    0.49   18.37 v _33750_/X (sky130_fd_sc_hd__or2_4)
     1    0.00                           _11790_ (net)
                  0.08    0.00   18.37 v _33752_/B1 (sky130_fd_sc_hd__a22o_1)
                  0.08    0.35   18.72 v _33752_/X (sky130_fd_sc_hd__a22o_1)
     1    0.00                           _02374_ (net)
                  0.08    0.00   18.72 v _39949_/D (sky130_fd_sc_hd__dfxtp_1)
                                 18.72   data arrival time

                         10.00   10.00   clock clk (rise edge)
                          0.00   10.00   clock source latency
                  0.76    0.51   10.51 ^ clk (in)
     2    0.11                           clk (net)
                  0.76    0.00   10.51 ^ clkbuf_0_clk/A (sky130_fd_sc_hd__clkbuf_16)
                  0.24    0.61   11.11 ^ clkbuf_0_clk/X (sky130_fd_sc_hd__clkbuf_16)
     4    0.15                           clknet_0_clk (net)
                  0.24    0.00   11.11 ^ clkbuf_2_3_0_clk/A (sky130_fd_sc_hd__clkbuf_8)
                  0.48    0.59   11.70 ^ clkbuf_2_3_0_clk/X (sky130_fd_sc_hd__clkbuf_8)
     8    0.18                           clknet_2_3_0_clk (net)
                  0.48    0.00   11.70 ^ clkbuf_5_30__f_clk/A (sky130_fd_sc_hd__clkbuf_16)
                  0.28    0.54   12.24 ^ clkbuf_5_30__f_clk/X (sky130_fd_sc_hd__clkbuf_16)
    14    0.17                           clknet_5_30__leaf_clk (net)
                  0.28    0.00   12.25 ^ clkbuf_leaf_174_clk/A (sky130_fd_sc_hd__clkbuf_16)
                  0.08    0.31   12.56 ^ clkbuf_leaf_174_clk/X (sky130_fd_sc_hd__clkbuf_16)
     9    0.03                           clknet_leaf_174_clk (net)
                  0.08    0.00   12.56 ^ _39949_/CLK (sky130_fd_sc_hd__dfxtp_1)
                         -0.25   12.31   clock uncertainty
                          0.24   12.55   clock reconvergence pessimism
                         -0.27   12.28   library setup time
                                 12.28   data required time
-----------------------------------------------------------------------------
                                 12.28   data required time
                                -18.72   data arrival time
-----------------------------------------------------------------------------
                                 -6.44   slack (VIOLATED)



======================= Typical Corner ===================================

No paths found.


===========================================================================
 report_check_types -max_slew -max_cap -max_fanout -violators
============================================================================
======================= Fastest Corner ===================================

max fanout

Pin                                   Limit Fanout  Slack
---------------------------------------------------------
input52/X                                10     25    -15 (VIOLATED)
input111/X                               10     24    -14 (VIOLATED)
input15/X                                10     24    -14 (VIOLATED)
input14/X                                10     22    -12 (VIOLATED)
input116/X                               10     16     -6 (VIOLATED)
input36/X                                10     16     -6 (VIOLATED)
clkbuf_5_11__f_clk/X                     10     15     -5 (VIOLATED)
clkbuf_5_19__f_clk/X                     10     15     -5 (VIOLATED)
clkbuf_5_25__f_clk/X                     10     15     -5 (VIOLATED)
clkbuf_5_3__f_clk/X                      10     15     -5 (VIOLATED)
clkbuf_leaf_181_clk/X                    10     15     -5 (VIOLATED)
clkbuf_leaf_248_clk/X                    10     15     -5 (VIOLATED)
clkbuf_leaf_56_clk/X                     10     15     -5 (VIOLATED)
clkbuf_5_24__f_clk/X                     10     14     -4 (VIOLATED)
clkbuf_5_27__f_clk/X                     10     14     -4 (VIOLATED)
clkbuf_5_28__f_clk/X                     10     14     -4 (VIOLATED)
clkbuf_5_30__f_clk/X                     10     14     -4 (VIOLATED)
clkbuf_5_9__f_clk/X                      10     14     -4 (VIOLATED)
clkbuf_leaf_116_clk/X                    10     14     -4 (VIOLATED)
clkbuf_leaf_157_clk/X                    10     14     -4 (VIOLATED)
clkbuf_leaf_207_clk/X                    10     14     -4 (VIOLATED)
clkbuf_leaf_273_clk/X                    10     14     -4 (VIOLATED)
clkbuf_leaf_317_clk/X                    10     14     -4 (VIOLATED)
clkbuf_leaf_361_clk/X                    10     14     -4 (VIOLATED)
clkbuf_leaf_41_clk/X                     10     14     -4 (VIOLATED)
input24/X                                10     14     -4 (VIOLATED)
_18787_/Y                                10     13     -3 (VIOLATED)
_22398_/X                                10     13     -3 (VIOLATED)
clkbuf_5_16__f_clk/X                     10     13     -3 (VIOLATED)
clkbuf_5_21__f_clk/X                     10     13     -3 (VIOLATED)
clkbuf_5_22__f_clk/X                     10     13     -3 (VIOLATED)
clkbuf_5_23__f_clk/X                     10     13     -3 (VIOLATED)
clkbuf_5_26__f_clk/X                     10     13     -3 (VIOLATED)
clkbuf_leaf_113_clk/X                    10     13     -3 (VIOLATED)
clkbuf_leaf_12_clk/X                     10     13     -3 (VIOLATED)
clkbuf_leaf_163_clk/X                    10     13     -3 (VIOLATED)
clkbuf_leaf_178_clk/X                    10     13     -3 (VIOLATED)
clkbuf_leaf_205_clk/X                    10     13     -3 (VIOLATED)
clkbuf_leaf_209_clk/X                    10     13     -3 (VIOLATED)
clkbuf_leaf_22_clk/X                     10     13     -3 (VIOLATED)
clkbuf_leaf_250_clk/X                    10     13     -3 (VIOLATED)
clkbuf_leaf_261_clk/X                    10     13     -3 (VIOLATED)
clkbuf_leaf_310_clk/X                    10     13     -3 (VIOLATED)
clkbuf_leaf_315_clk/X                    10     13     -3 (VIOLATED)
clkbuf_leaf_318_clk/X                    10     13     -3 (VIOLATED)
clkbuf_leaf_347_clk/X                    10     13     -3 (VIOLATED)
clkbuf_leaf_357_clk/X                    10     13     -3 (VIOLATED)
clkbuf_leaf_48_clk/X                     10     13     -3 (VIOLATED)
clkbuf_leaf_52_clk/X                     10     13     -3 (VIOLATED)
clkbuf_leaf_84_clk/X                     10     13     -3 (VIOLATED)
_37590_/Q                                10     12     -2 (VIOLATED)
clkbuf_5_13__f_clk/X                     10     12     -2 (VIOLATED)
clkbuf_5_1__f_clk/X                      10     12     -2 (VIOLATED)
clkbuf_5_29__f_clk/X                     10     12     -2 (VIOLATED)
clkbuf_5_31__f_clk/X                     10     12     -2 (VIOLATED)
clkbuf_5_4__f_clk/X                      10     12     -2 (VIOLATED)
clkbuf_5_8__f_clk/X                      10     12     -2 (VIOLATED)
clkbuf_leaf_114_clk/X                    10     12     -2 (VIOLATED)
clkbuf_leaf_123_clk/X                    10     12     -2 (VIOLATED)
clkbuf_leaf_145_clk/X                    10     12     -2 (VIOLATED)
clkbuf_leaf_151_clk/X                    10     12     -2 (VIOLATED)
clkbuf_leaf_159_clk/X                    10     12     -2 (VIOLATED)
clkbuf_leaf_182_clk/X                    10     12     -2 (VIOLATED)
clkbuf_leaf_253_clk/X                    10     12     -2 (VIOLATED)
clkbuf_leaf_25_clk/X                     10     12     -2 (VIOLATED)
clkbuf_leaf_271_clk/X                    10     12     -2 (VIOLATED)
clkbuf_leaf_272_clk/X                    10     12     -2 (VIOLATED)
clkbuf_leaf_338_clk/X                    10     12     -2 (VIOLATED)
clkbuf_leaf_350_clk/X                    10     12     -2 (VIOLATED)
clkbuf_leaf_364_clk/X                    10     12     -2 (VIOLATED)
clkbuf_leaf_369_clk/X                    10     12     -2 (VIOLATED)
clkbuf_leaf_66_clk/X                     10     12     -2 (VIOLATED)
input46/X                                10     12     -2 (VIOLATED)
_22195_/X                                10     11        (VIOLATED)
_38189_/Q                                10     11        (VIOLATED)
_38193_/Q                                10     11        (VIOLATED)
clkbuf_5_14__f_clk/X                     10     11        (VIOLATED)
clkbuf_5_15__f_clk/X                     10     11        (VIOLATED)
clkbuf_5_17__f_clk/X                     10     11        (VIOLATED)
clkbuf_5_18__f_clk/X                     10     11        (VIOLATED)
clkbuf_5_20__f_clk/X                     10     11        (VIOLATED)
clkbuf_leaf_115_clk/X                    10     11        (VIOLATED)
clkbuf_leaf_122_clk/X                    10     11        (VIOLATED)
clkbuf_leaf_142_clk/X                    10     11        (VIOLATED)
clkbuf_leaf_162_clk/X                    10     11        (VIOLATED)
clkbuf_leaf_180_clk/X                    10     11        (VIOLATED)
clkbuf_leaf_211_clk/X                    10     11        (VIOLATED)
clkbuf_leaf_244_clk/X                    10     11        (VIOLATED)
clkbuf_leaf_247_clk/X                    10     11        (VIOLATED)
clkbuf_leaf_275_clk/X                    10     11        (VIOLATED)
clkbuf_leaf_277_clk/X                    10     11        (VIOLATED)
clkbuf_leaf_283_clk/X                    10     11        (VIOLATED)
clkbuf_leaf_289_clk/X                    10     11        (VIOLATED)
clkbuf_leaf_292_clk/X                    10     11        (VIOLATED)
clkbuf_leaf_300_clk/X                    10     11        (VIOLATED)
clkbuf_leaf_333_clk/X                    10     11        (VIOLATED)
clkbuf_leaf_340_clk/X                    10     11        (VIOLATED)
clkbuf_leaf_365_clk/X                    10     11        (VIOLATED)
clkbuf_leaf_36_clk/X                     10     11        (VIOLATED)
clkbuf_leaf_372_clk/X                    10     11        (VIOLATED)
clkbuf_leaf_377_clk/X                    10     11        (VIOLATED)
clkbuf_leaf_46_clk/X                     10     11        (VIOLATED)
clkbuf_leaf_4_clk/X                      10     11        (VIOLATED)
clkbuf_leaf_58_clk/X                     10     11        (VIOLATED)
clkbuf_leaf_5_clk/X                      10     11        (VIOLATED)
clkbuf_leaf_61_clk/X                     10     11        (VIOLATED)
clkbuf_leaf_65_clk/X                     10     11        (VIOLATED)
clkbuf_leaf_67_clk/X                     10     11        (VIOLATED)
clkbuf_leaf_86_clk/X                     10     11        (VIOLATED)
input115/X                               10     11        (VIOLATED)


======================= Slowest Corner ===================================

max slew

Pin                                    Limit    Slew   Slack
------------------------------------------------------------
_36735_/B1                              0.75    0.96   -0.21 (VIOLATED)
_36733_/Y                               0.75    0.96   -0.21 (VIOLATED)
wire287/A                               0.75    0.95   -0.20 (VIOLATED)
_32140_/Y                               0.75    0.95   -0.20 (VIOLATED)
_23898_/A                               0.75    0.86   -0.11 (VIOLATED)
_23086_/B                               0.75    0.86   -0.11 (VIOLATED)
_23085_/Y                               0.75    0.86   -0.11 (VIOLATED)
_25500_/B                               0.75    0.84   -0.09 (VIOLATED)
_25499_/Y                               0.75    0.84   -0.09 (VIOLATED)
_26266_/A                               0.75    0.84   -0.09 (VIOLATED)
_25475_/B                               0.75    0.82   -0.07 (VIOLATED)
_26278_/A                               0.75    0.82   -0.07 (VIOLATED)
_25474_/Y                               0.75    0.82   -0.07 (VIOLATED)
wire286/A                               0.75    0.79   -0.04 (VIOLATED)
_32145_/Y                               0.75    0.79   -0.04 (VIOLATED)
ANTENNA_200/DIODE                       0.75    0.79   -0.04 (VIOLATED)
output211/A                             0.75    0.79   -0.04 (VIOLATED)
ANTENNA_192/DIODE                       0.75    0.79   -0.04 (VIOLATED)
ANTENNA_193/DIODE                       0.75    0.79   -0.04 (VIOLATED)
ANTENNA_194/DIODE                       0.75    0.79   -0.04 (VIOLATED)
ANTENNA_195/DIODE                       0.75    0.79   -0.04 (VIOLATED)
ANTENNA_196/DIODE                       0.75    0.79   -0.04 (VIOLATED)
ANTENNA_201/DIODE                       0.75    0.79   -0.04 (VIOLATED)
ANTENNA_198/DIODE                       0.75    0.79   -0.04 (VIOLATED)
ANTENNA_197/DIODE                       0.75    0.79   -0.04 (VIOLATED)
ANTENNA_199/DIODE                       0.75    0.79   -0.04 (VIOLATED)
_25494_/B                               0.75    0.79   -0.04 (VIOLATED)
_26269_/A                               0.75    0.79   -0.04 (VIOLATED)
_25493_/Y                               0.75    0.79   -0.04 (VIOLATED)
_18946_/B2                              0.75    0.78   -0.03 (VIOLATED)
_37590_/Q                               0.75    0.78   -0.03 (VIOLATED)
clkbuf_0_clk/A                          0.75    0.76   -0.01 (VIOLATED)
ANTENNA_13/DIODE                        0.75    0.76   -0.01 (VIOLATED)
clk                                     0.75    0.76   -0.01 (VIOLATED)
wire285/A                               0.75    0.76   -0.01 (VIOLATED)
_32149_/Y                               0.75    0.76   -0.01 (VIOLATED)
_25489_/B                               0.75    0.76   -0.01 (VIOLATED)
_25488_/Y                               0.75    0.76   -0.01 (VIOLATED)
_26272_/A                               0.75    0.76   -0.01 (VIOLATED)
_33060_/B                               0.75    0.76   -0.01 (VIOLATED)
_33078_/A                               0.75    0.76   -0.01 (VIOLATED)
_33136_/A1                              0.75    0.76   -0.01 (VIOLATED)
_33370_/A                               0.75    0.76   -0.01 (VIOLATED)
_33365_/A                               0.75    0.76   -0.01 (VIOLATED)
_33059_/Y                               0.75    0.76   -0.01 (VIOLATED)
_23901_/A                               0.75    0.76   -0.01 (VIOLATED)
_23078_/B                               0.75    0.76   -0.01 (VIOLATED)
_23181_/B                               0.75    0.76   -0.01 (VIOLATED)
_23077_/Y                               0.75    0.76   -0.01 (VIOLATED)
_23886_/A                               0.75    0.75   -0.00 (VIOLATED)
_23116_/B                               0.75    0.75   -0.00 (VIOLATED)
_23115_/Y                               0.75    0.75   -0.00 (VIOLATED)

max fanout

Pin                                   Limit Fanout  Slack
---------------------------------------------------------
input52/X                                10     25    -15 (VIOLATED)
input111/X                               10     24    -14 (VIOLATED)
input15/X                                10     24    -14 (VIOLATED)
input14/X                                10     22    -12 (VIOLATED)
input116/X                               10     16     -6 (VIOLATED)
input36/X                                10     16     -6 (VIOLATED)
clkbuf_5_11__f_clk/X                     10     15     -5 (VIOLATED)
clkbuf_5_19__f_clk/X                     10     15     -5 (VIOLATED)
clkbuf_5_25__f_clk/X                     10     15     -5 (VIOLATED)
clkbuf_5_3__f_clk/X                      10     15     -5 (VIOLATED)
clkbuf_leaf_181_clk/X                    10     15     -5 (VIOLATED)
clkbuf_leaf_248_clk/X                    10     15     -5 (VIOLATED)
clkbuf_leaf_56_clk/X                     10     15     -5 (VIOLATED)
clkbuf_5_24__f_clk/X                     10     14     -4 (VIOLATED)
clkbuf_5_27__f_clk/X                     10     14     -4 (VIOLATED)
clkbuf_5_28__f_clk/X                     10     14     -4 (VIOLATED)
clkbuf_5_30__f_clk/X                     10     14     -4 (VIOLATED)
clkbuf_5_9__f_clk/X                      10     14     -4 (VIOLATED)
clkbuf_leaf_116_clk/X                    10     14     -4 (VIOLATED)
clkbuf_leaf_157_clk/X                    10     14     -4 (VIOLATED)
clkbuf_leaf_207_clk/X                    10     14     -4 (VIOLATED)
clkbuf_leaf_273_clk/X                    10     14     -4 (VIOLATED)
clkbuf_leaf_317_clk/X                    10     14     -4 (VIOLATED)
clkbuf_leaf_361_clk/X                    10     14     -4 (VIOLATED)
clkbuf_leaf_41_clk/X                     10     14     -4 (VIOLATED)
input24/X                                10     14     -4 (VIOLATED)
_18787_/Y                                10     13     -3 (VIOLATED)
_22398_/X                                10     13     -3 (VIOLATED)
clkbuf_5_16__f_clk/X                     10     13     -3 (VIOLATED)
clkbuf_5_21__f_clk/X                     10     13     -3 (VIOLATED)
clkbuf_5_22__f_clk/X                     10     13     -3 (VIOLATED)
clkbuf_5_23__f_clk/X                     10     13     -3 (VIOLATED)
clkbuf_5_26__f_clk/X                     10     13     -3 (VIOLATED)
clkbuf_leaf_113_clk/X                    10     13     -3 (VIOLATED)
clkbuf_leaf_12_clk/X                     10     13     -3 (VIOLATED)
clkbuf_leaf_163_clk/X                    10     13     -3 (VIOLATED)
clkbuf_leaf_178_clk/X                    10     13     -3 (VIOLATED)
clkbuf_leaf_205_clk/X                    10     13     -3 (VIOLATED)
clkbuf_leaf_209_clk/X                    10     13     -3 (VIOLATED)
clkbuf_leaf_22_clk/X                     10     13     -3 (VIOLATED)
clkbuf_leaf_250_clk/X                    10     13     -3 (VIOLATED)
clkbuf_leaf_261_clk/X                    10     13     -3 (VIOLATED)
clkbuf_leaf_310_clk/X                    10     13     -3 (VIOLATED)
clkbuf_leaf_315_clk/X                    10     13     -3 (VIOLATED)
clkbuf_leaf_318_clk/X                    10     13     -3 (VIOLATED)
clkbuf_leaf_347_clk/X                    10     13     -3 (VIOLATED)
clkbuf_leaf_357_clk/X                    10     13     -3 (VIOLATED)
clkbuf_leaf_48_clk/X                     10     13     -3 (VIOLATED)
clkbuf_leaf_52_clk/X                     10     13     -3 (VIOLATED)
clkbuf_leaf_84_clk/X                     10     13     -3 (VIOLATED)
_37590_/Q                                10     12     -2 (VIOLATED)
clkbuf_5_13__f_clk/X                     10     12     -2 (VIOLATED)
clkbuf_5_1__f_clk/X                      10     12     -2 (VIOLATED)
clkbuf_5_29__f_clk/X                     10     12     -2 (VIOLATED)
clkbuf_5_31__f_clk/X                     10     12     -2 (VIOLATED)
clkbuf_5_4__f_clk/X                      10     12     -2 (VIOLATED)
clkbuf_5_8__f_clk/X                      10     12     -2 (VIOLATED)
clkbuf_leaf_114_clk/X                    10     12     -2 (VIOLATED)
clkbuf_leaf_123_clk/X                    10     12     -2 (VIOLATED)
clkbuf_leaf_145_clk/X                    10     12     -2 (VIOLATED)
clkbuf_leaf_151_clk/X                    10     12     -2 (VIOLATED)
clkbuf_leaf_159_clk/X                    10     12     -2 (VIOLATED)
clkbuf_leaf_182_clk/X                    10     12     -2 (VIOLATED)
clkbuf_leaf_253_clk/X                    10     12     -2 (VIOLATED)
clkbuf_leaf_25_clk/X                     10     12     -2 (VIOLATED)
clkbuf_leaf_271_clk/X                    10     12     -2 (VIOLATED)
clkbuf_leaf_272_clk/X                    10     12     -2 (VIOLATED)
clkbuf_leaf_338_clk/X                    10     12     -2 (VIOLATED)
clkbuf_leaf_350_clk/X                    10     12     -2 (VIOLATED)
clkbuf_leaf_364_clk/X                    10     12     -2 (VIOLATED)
clkbuf_leaf_369_clk/X                    10     12     -2 (VIOLATED)
clkbuf_leaf_66_clk/X                     10     12     -2 (VIOLATED)
input46/X                                10     12     -2 (VIOLATED)
_22195_/X                                10     11        (VIOLATED)
_38189_/Q                                10     11        (VIOLATED)
_38193_/Q                                10     11        (VIOLATED)
clkbuf_5_14__f_clk/X                     10     11        (VIOLATED)
clkbuf_5_15__f_clk/X                     10     11        (VIOLATED)
clkbuf_5_17__f_clk/X                     10     11        (VIOLATED)
clkbuf_5_18__f_clk/X                     10     11        (VIOLATED)
clkbuf_5_20__f_clk/X                     10     11        (VIOLATED)
clkbuf_leaf_115_clk/X                    10     11        (VIOLATED)
clkbuf_leaf_122_clk/X                    10     11        (VIOLATED)
clkbuf_leaf_142_clk/X                    10     11        (VIOLATED)
clkbuf_leaf_162_clk/X                    10     11        (VIOLATED)
clkbuf_leaf_180_clk/X                    10     11        (VIOLATED)
clkbuf_leaf_211_clk/X                    10     11        (VIOLATED)
clkbuf_leaf_244_clk/X                    10     11        (VIOLATED)
clkbuf_leaf_247_clk/X                    10     11        (VIOLATED)
clkbuf_leaf_275_clk/X                    10     11        (VIOLATED)
clkbuf_leaf_277_clk/X                    10     11        (VIOLATED)
clkbuf_leaf_283_clk/X                    10     11        (VIOLATED)
clkbuf_leaf_289_clk/X                    10     11        (VIOLATED)
clkbuf_leaf_292_clk/X                    10     11        (VIOLATED)
clkbuf_leaf_300_clk/X                    10     11        (VIOLATED)
clkbuf_leaf_333_clk/X                    10     11        (VIOLATED)
clkbuf_leaf_340_clk/X                    10     11        (VIOLATED)
clkbuf_leaf_365_clk/X                    10     11        (VIOLATED)
clkbuf_leaf_36_clk/X                     10     11        (VIOLATED)
clkbuf_leaf_372_clk/X                    10     11        (VIOLATED)
clkbuf_leaf_377_clk/X                    10     11        (VIOLATED)
clkbuf_leaf_46_clk/X                     10     11        (VIOLATED)
clkbuf_leaf_4_clk/X                      10     11        (VIOLATED)
clkbuf_leaf_58_clk/X                     10     11        (VIOLATED)
clkbuf_leaf_5_clk/X                      10     11        (VIOLATED)
clkbuf_leaf_61_clk/X                     10     11        (VIOLATED)
clkbuf_leaf_65_clk/X                     10     11        (VIOLATED)
clkbuf_leaf_67_clk/X                     10     11        (VIOLATED)
clkbuf_leaf_86_clk/X                     10     11        (VIOLATED)
input115/X                               10     11        (VIOLATED)


======================= Typical Corner ===================================

max fanout

Pin                                   Limit Fanout  Slack
---------------------------------------------------------
input52/X                                10     25    -15 (VIOLATED)
input111/X                               10     24    -14 (VIOLATED)
input15/X                                10     24    -14 (VIOLATED)
input14/X                                10     22    -12 (VIOLATED)
input116/X                               10     16     -6 (VIOLATED)
input36/X                                10     16     -6 (VIOLATED)
clkbuf_5_11__f_clk/X                     10     15     -5 (VIOLATED)
clkbuf_5_19__f_clk/X                     10     15     -5 (VIOLATED)
clkbuf_5_25__f_clk/X                     10     15     -5 (VIOLATED)
clkbuf_5_3__f_clk/X                      10     15     -5 (VIOLATED)
clkbuf_leaf_181_clk/X                    10     15     -5 (VIOLATED)
clkbuf_leaf_248_clk/X                    10     15     -5 (VIOLATED)
clkbuf_leaf_56_clk/X                     10     15     -5 (VIOLATED)
clkbuf_5_24__f_clk/X                     10     14     -4 (VIOLATED)
clkbuf_5_27__f_clk/X                     10     14     -4 (VIOLATED)
clkbuf_5_28__f_clk/X                     10     14     -4 (VIOLATED)
clkbuf_5_30__f_clk/X                     10     14     -4 (VIOLATED)
clkbuf_5_9__f_clk/X                      10     14     -4 (VIOLATED)
clkbuf_leaf_116_clk/X                    10     14     -4 (VIOLATED)
clkbuf_leaf_157_clk/X                    10     14     -4 (VIOLATED)
clkbuf_leaf_207_clk/X                    10     14     -4 (VIOLATED)
clkbuf_leaf_273_clk/X                    10     14     -4 (VIOLATED)
clkbuf_leaf_317_clk/X                    10     14     -4 (VIOLATED)
clkbuf_leaf_361_clk/X                    10     14     -4 (VIOLATED)
clkbuf_leaf_41_clk/X                     10     14     -4 (VIOLATED)
input24/X                                10     14     -4 (VIOLATED)
_18787_/Y                                10     13     -3 (VIOLATED)
_22398_/X                                10     13     -3 (VIOLATED)
clkbuf_5_16__f_clk/X                     10     13     -3 (VIOLATED)
clkbuf_5_21__f_clk/X                     10     13     -3 (VIOLATED)
clkbuf_5_22__f_clk/X                     10     13     -3 (VIOLATED)
clkbuf_5_23__f_clk/X                     10     13     -3 (VIOLATED)
clkbuf_5_26__f_clk/X                     10     13     -3 (VIOLATED)
clkbuf_leaf_113_clk/X                    10     13     -3 (VIOLATED)
clkbuf_leaf_12_clk/X                     10     13     -3 (VIOLATED)
clkbuf_leaf_163_clk/X                    10     13     -3 (VIOLATED)
clkbuf_leaf_178_clk/X                    10     13     -3 (VIOLATED)
clkbuf_leaf_205_clk/X                    10     13     -3 (VIOLATED)
clkbuf_leaf_209_clk/X                    10     13     -3 (VIOLATED)
clkbuf_leaf_22_clk/X                     10     13     -3 (VIOLATED)
clkbuf_leaf_250_clk/X                    10     13     -3 (VIOLATED)
clkbuf_leaf_261_clk/X                    10     13     -3 (VIOLATED)
clkbuf_leaf_310_clk/X                    10     13     -3 (VIOLATED)
clkbuf_leaf_315_clk/X                    10     13     -3 (VIOLATED)
clkbuf_leaf_318_clk/X                    10     13     -3 (VIOLATED)
clkbuf_leaf_347_clk/X                    10     13     -3 (VIOLATED)
clkbuf_leaf_357_clk/X                    10     13     -3 (VIOLATED)
clkbuf_leaf_48_clk/X                     10     13     -3 (VIOLATED)
clkbuf_leaf_52_clk/X                     10     13     -3 (VIOLATED)
clkbuf_leaf_84_clk/X                     10     13     -3 (VIOLATED)
_37590_/Q                                10     12     -2 (VIOLATED)
clkbuf_5_13__f_clk/X                     10     12     -2 (VIOLATED)
clkbuf_5_1__f_clk/X                      10     12     -2 (VIOLATED)
clkbuf_5_29__f_clk/X                     10     12     -2 (VIOLATED)
clkbuf_5_31__f_clk/X                     10     12     -2 (VIOLATED)
clkbuf_5_4__f_clk/X                      10     12     -2 (VIOLATED)
clkbuf_5_8__f_clk/X                      10     12     -2 (VIOLATED)
clkbuf_leaf_114_clk/X                    10     12     -2 (VIOLATED)
clkbuf_leaf_123_clk/X                    10     12     -2 (VIOLATED)
clkbuf_leaf_145_clk/X                    10     12     -2 (VIOLATED)
clkbuf_leaf_151_clk/X                    10     12     -2 (VIOLATED)
clkbuf_leaf_159_clk/X                    10     12     -2 (VIOLATED)
clkbuf_leaf_182_clk/X                    10     12     -2 (VIOLATED)
clkbuf_leaf_253_clk/X                    10     12     -2 (VIOLATED)
clkbuf_leaf_25_clk/X                     10     12     -2 (VIOLATED)
clkbuf_leaf_271_clk/X                    10     12     -2 (VIOLATED)
clkbuf_leaf_272_clk/X                    10     12     -2 (VIOLATED)
clkbuf_leaf_338_clk/X                    10     12     -2 (VIOLATED)
clkbuf_leaf_350_clk/X                    10     12     -2 (VIOLATED)
clkbuf_leaf_364_clk/X                    10     12     -2 (VIOLATED)
clkbuf_leaf_369_clk/X                    10     12     -2 (VIOLATED)
clkbuf_leaf_66_clk/X                     10     12     -2 (VIOLATED)
input46/X                                10     12     -2 (VIOLATED)
_22195_/X                                10     11        (VIOLATED)
_38189_/Q                                10     11        (VIOLATED)
_38193_/Q                                10     11        (VIOLATED)
clkbuf_5_14__f_clk/X                     10     11        (VIOLATED)
clkbuf_5_15__f_clk/X                     10     11        (VIOLATED)
clkbuf_5_17__f_clk/X                     10     11        (VIOLATED)
clkbuf_5_18__f_clk/X                     10     11        (VIOLATED)
clkbuf_5_20__f_clk/X                     10     11        (VIOLATED)
clkbuf_leaf_115_clk/X                    10     11        (VIOLATED)
clkbuf_leaf_122_clk/X                    10     11        (VIOLATED)
clkbuf_leaf_142_clk/X                    10     11        (VIOLATED)
clkbuf_leaf_162_clk/X                    10     11        (VIOLATED)
clkbuf_leaf_180_clk/X                    10     11        (VIOLATED)
clkbuf_leaf_211_clk/X                    10     11        (VIOLATED)
clkbuf_leaf_244_clk/X                    10     11        (VIOLATED)
clkbuf_leaf_247_clk/X                    10     11        (VIOLATED)
clkbuf_leaf_275_clk/X                    10     11        (VIOLATED)
clkbuf_leaf_277_clk/X                    10     11        (VIOLATED)
clkbuf_leaf_283_clk/X                    10     11        (VIOLATED)
clkbuf_leaf_289_clk/X                    10     11        (VIOLATED)
clkbuf_leaf_292_clk/X                    10     11        (VIOLATED)
clkbuf_leaf_300_clk/X                    10     11        (VIOLATED)
clkbuf_leaf_333_clk/X                    10     11        (VIOLATED)
clkbuf_leaf_340_clk/X                    10     11        (VIOLATED)
clkbuf_leaf_365_clk/X                    10     11        (VIOLATED)
clkbuf_leaf_36_clk/X                     10     11        (VIOLATED)
clkbuf_leaf_372_clk/X                    10     11        (VIOLATED)
clkbuf_leaf_377_clk/X                    10     11        (VIOLATED)
clkbuf_leaf_46_clk/X                     10     11        (VIOLATED)
clkbuf_leaf_4_clk/X                      10     11        (VIOLATED)
clkbuf_leaf_58_clk/X                     10     11        (VIOLATED)
clkbuf_leaf_5_clk/X                      10     11        (VIOLATED)
clkbuf_leaf_61_clk/X                     10     11        (VIOLATED)
clkbuf_leaf_65_clk/X                     10     11        (VIOLATED)
clkbuf_leaf_67_clk/X                     10     11        (VIOLATED)
clkbuf_leaf_86_clk/X                     10     11        (VIOLATED)
input115/X                               10     11        (VIOLATED)



===========================================================================
report_parasitic_annotation -report_unannotated
============================================================================
Found 0 unannotated drivers.
Found 0 partially unannotated drivers.

===========================================================================
max slew violation count 52
max fanout violation count 110
max cap violation count 0
============================================================================

===========================================================================
check_setup -verbose -unconstrained_endpoints -multiple_clock -no_clock -no_input_delay -loops -generated_clocks
===========================================================================
