
===========================================================================
 report_power
============================================================================
======================= Fastest Corner ===================================

Group                  Internal  Switching    Leakage      Total
                          Power      Power      Power      Power (Watts)
----------------------------------------------------------------
Sequential             2.02e-02   8.13e-03   3.71e-06   2.83e-02  19.1%
Combinational          5.84e-02   6.12e-02   2.36e-07   1.20e-01  80.9%
Macro                  0.00e+00   0.00e+00   0.00e+00   0.00e+00   0.0%
Pad                    0.00e+00   0.00e+00   0.00e+00   0.00e+00   0.0%
----------------------------------------------------------------
Total                  7.86e-02   6.94e-02   3.94e-06   1.48e-01 100.0%
                          53.1%      46.9%       0.0%

======================= Slowest Corner ===================================

Group                  Internal  Switching    Leakage      Total
                          Power      Power      Power      Power (Watts)
----------------------------------------------------------------
Sequential             1.38e-02   5.32e-03   4.61e-05   1.92e-02  18.9%
Combinational          4.22e-02   4.02e-02   1.12e-04   8.25e-02  81.1%
Macro                  0.00e+00   0.00e+00   0.00e+00   0.00e+00   0.0%
Pad                    0.00e+00   0.00e+00   0.00e+00   0.00e+00   0.0%
----------------------------------------------------------------
Total                  5.60e-02   4.56e-02   1.58e-04   1.02e-01 100.0%
                          55.0%      44.8%       0.2%

======================= Typical Corner ===================================

Group                  Internal  Switching    Leakage      Total
                          Power      Power      Power      Power (Watts)
----------------------------------------------------------------
Sequential             1.75e-02   6.82e-03   3.69e-06   2.44e-02  19.0%
Combinational          5.23e-02   5.16e-02   1.30e-07   1.04e-01  81.0%
Macro                  0.00e+00   0.00e+00   0.00e+00   0.00e+00   0.0%
Pad                    0.00e+00   0.00e+00   0.00e+00   0.00e+00   0.0%
----------------------------------------------------------------
Total                  6.98e-02   5.84e-02   3.82e-06   1.28e-01 100.0%
                          54.5%      45.5%       0.0%

