
===========================================================================
 report_power
============================================================================
======================= Fastest Corner ===================================

Group                  Internal  Switching    Leakage      Total
                          Power      Power      Power      Power (Watts)
----------------------------------------------------------------
Sequential             2.02e-02   9.06e-03   3.71e-06   2.92e-02  19.0%
Combinational          5.86e-02   6.61e-02   2.36e-07   1.25e-01  81.0%
Macro                  0.00e+00   0.00e+00   0.00e+00   0.00e+00   0.0%
Pad                    0.00e+00   0.00e+00   0.00e+00   0.00e+00   0.0%
----------------------------------------------------------------
Total                  7.87e-02   7.51e-02   3.94e-06   1.54e-01 100.0%
                          51.2%      48.8%       0.0%

======================= Slowest Corner ===================================

Group                  Internal  Switching    Leakage      Total
                          Power      Power      Power      Power (Watts)
----------------------------------------------------------------
Sequential             1.38e-02   5.95e-03   4.61e-05   1.98e-02  18.7%
Combinational          4.22e-02   4.35e-02   1.12e-04   8.58e-02  81.3%
Macro                  0.00e+00   0.00e+00   0.00e+00   0.00e+00   0.0%
Pad                    0.00e+00   0.00e+00   0.00e+00   0.00e+00   0.0%
----------------------------------------------------------------
Total                  5.60e-02   4.94e-02   1.58e-04   1.06e-01 100.0%
                          53.0%      46.8%       0.1%

======================= Typical Corner ===================================

Group                  Internal  Switching    Leakage      Total
                          Power      Power      Power      Power (Watts)
----------------------------------------------------------------
Sequential             1.75e-02   7.61e-03   3.69e-06   2.51e-02  18.9%
Combinational          5.23e-02   5.57e-02   1.30e-07   1.08e-01  81.1%
Macro                  0.00e+00   0.00e+00   0.00e+00   0.00e+00   0.0%
Pad                    0.00e+00   0.00e+00   0.00e+00   0.00e+00   0.0%
----------------------------------------------------------------
Total                  6.99e-02   6.33e-02   3.82e-06   1.33e-01 100.0%
                          52.5%      47.5%       0.0%

