OpenROAD 41a51eaf4ca2171c92ff38afb91eb37bbd3f36da 
This program is licensed under the BSD-3 license. See the LICENSE file for details.
Components of this program may be licensed under more restrictive licenses which must be honored.
[INFO]: Reading ODB at '/openlane/designs/compute_core/runs/run_4*4/tmp/15-compute_core.odb'…
define_corners Slowest Typical Fastest
read_liberty -corner Slowest /root/.ciel/sky130A/libs.ref/sky130_fd_sc_hd/lib/sky130_fd_sc_hd__ss_100C_1v60.lib
read_liberty -corner Typical /root/.ciel/sky130A/libs.ref/sky130_fd_sc_hd/lib/sky130_fd_sc_hd__tt_025C_1v80.lib
read_liberty -corner Fastest /root/.ciel/sky130A/libs.ref/sky130_fd_sc_hd/lib/sky130_fd_sc_hd__ff_n40C_1v95.lib
Using 1e-12 for capacitance...
Using 1e+03 for resistance...
Using 1e-09 for time...
Using 1e+00 for voltage...
Using 1e-03 for current...
Using 1e-09 for power...
Using 1e-06 for distance...
Reading design constraints file at '/openlane/designs/compute_core/runs/run_4*4/tmp/15-compute_core.sdc'…
[INFO]: Setting signal min routing layer to: met1 and clock min routing layer to met3. 
[INFO]: Setting signal max routing layer to: met5 and clock max routing layer to met5. 
-congestion_iterations 50 -verbose -congestion_report_file /openlane/designs/compute_core/runs/run_4*4/tmp/routing/resizer-routing-timing-congestion.rpt
[INFO GRT-0020] Min routing layer: met1
[INFO GRT-0021] Max routing layer: met5
[INFO GRT-0022] Global adjustment: 30%
[INFO GRT-0023] Grid origin: (0, 0)
[INFO GRT-0043] No OR_DEFAULT vias defined.
[INFO GRT-0088] Layer li1     Track-Pitch = 0.4600  line-2-Via Pitch: 0.3400
[INFO GRT-0088] Layer met1    Track-Pitch = 0.3400  line-2-Via Pitch: 0.3400
[INFO GRT-0088] Layer met2    Track-Pitch = 0.4600  line-2-Via Pitch: 0.3500
[INFO GRT-0088] Layer met3    Track-Pitch = 0.6800  line-2-Via Pitch: 0.6150
[INFO GRT-0088] Layer met4    Track-Pitch = 0.9200  line-2-Via Pitch: 1.0400
[INFO GRT-0088] Layer met5    Track-Pitch = 3.4000  line-2-Via Pitch: 3.1100
[INFO GRT-0019] Found 409 clock nets.
[INFO GRT-0001] Minimum degree: 2
[INFO GRT-0002] Maximum degree: 16
[INFO GRT-0003] Macros: 0
[WARNING GRT-0040] Net VPWR has wires outside die area.
[WARNING GRT-0040] Net VPWR has wires outside die area.
[WARNING GRT-0040] Net VPWR has wires outside die area.
[WARNING GRT-0040] Net VPWR has wires outside die area.
[WARNING GRT-0040] Net VPWR has wires outside die area.
[WARNING GRT-0040] Net VPWR has wires outside die area.
[WARNING GRT-0040] Net VPWR has wires outside die area.
[WARNING GRT-0040] Net VPWR has wires outside die area.
[WARNING GRT-0040] Net VPWR has wires outside die area.
[WARNING GRT-0040] Net VPWR has wires outside die area.
[WARNING GRT-0040] Net VPWR has wires outside die area.
[WARNING GRT-0040] Net VPWR has wires outside die area.
[WARNING GRT-0040] Net VPWR has wires outside die area.
[WARNING GRT-0040] Net VPWR has wires outside die area.
[WARNING GRT-0040] Net VGND has wires outside die area.
[WARNING GRT-0040] Net VGND has wires outside die area.
[WARNING GRT-0040] Net VGND has wires outside die area.
[WARNING GRT-0040] Net VGND has wires outside die area.
[WARNING GRT-0040] Net VGND has wires outside die area.
[WARNING GRT-0040] Net VGND has wires outside die area.
[WARNING GRT-0040] Net VGND has wires outside die area.
[WARNING GRT-0040] Net VGND has wires outside die area.
[WARNING GRT-0040] Net VGND has wires outside die area.
[WARNING GRT-0040] Net VGND has wires outside die area.
[WARNING GRT-0040] Net VGND has wires outside die area.
[WARNING GRT-0040] Net VGND has wires outside die area.
[WARNING GRT-0040] Net VGND has wires outside die area.
[WARNING GRT-0040] Net VGND has wires outside die area.
[INFO GRT-0004] Blockages: 46342

[INFO GRT-0053] Routing resources analysis:
          Routing      Original      Derated      Resource
Layer     Direction    Resources     Resources    Reduction (%)
---------------------------------------------------------------
li1        Vertical            0             0          0.00%
met1       Horizontal     248640        121652          51.07%
met2       Vertical       186480        123792          33.62%
met3       Horizontal     124320         87103          29.94%
met4       Vertical        74592         47841          35.86%
met5       Horizontal      24864         11990          51.78%
---------------------------------------------------------------

[INFO GRT-0101] Running extra iterations to remove overflow.
[INFO GRT-0197] Via related to pin nodes: 98014
[INFO GRT-0198] Via related Steiner nodes: 2293
[INFO GRT-0199] Via filling finished.
[INFO GRT-0111] Final number of vias: 108735
[INFO GRT-0112] Final usage 3D: 437085

[INFO GRT-0096] Final congestion report:
Layer         Resource        Demand        Usage (%)    Max H / Max V / Total Overflow
---------------------------------------------------------------------------------------
li1                  0             0            0.00%             0 /  0 /  0
met1            121652         50298           41.35%             0 /  0 /  0
met2            123792         50382           40.70%             0 /  0 /  0
met3             87103          5215            5.99%             0 /  0 /  0
met4             47841          4985           10.42%             0 /  0 /  0
met5             11990             0            0.00%             0 /  0 /  0
---------------------------------------------------------------------------------------
Total           392378        110880           28.26%             0 /  0 /  0

[INFO GRT-0018] Total wirelength: 1128639 um
[INFO GRT-0014] Routed nets: 25112
[INFO]: Setting RC values...
[INFO GRT-0009] rerouting 3 nets.
[INFO GRT-0001] Minimum degree: 3
[INFO GRT-0002] Maximum degree: 3
[INFO GRT-0009] rerouting 5 nets.
[INFO GRT-0009] rerouting 10 nets.
[INFO GRT-0001] Minimum degree: 2
[INFO GRT-0002] Maximum degree: 2
[INFO GRT-0009] rerouting 4 nets.
[INFO GRT-0001] Minimum degree: 11
[INFO GRT-0002] Maximum degree: 11
[INFO GRT-0009] rerouting 2 nets.
[INFO GRT-0009] rerouting 6 nets.
[INFO GRT-0001] Minimum degree: 4
[INFO GRT-0002] Maximum degree: 4
[INFO GRT-0009] rerouting 4 nets.
[INFO GRT-0001] Minimum degree: 2147483647
[INFO GRT-0002] Maximum degree: 1
[INFO GRT-0009] rerouting 5 nets.
[INFO GRT-0009] rerouting 10 nets.
[INFO GRT-0001] Minimum degree: 3
[INFO GRT-0002] Maximum degree: 3
[INFO GRT-0009] rerouting 5 nets.
[INFO GRT-0009] rerouting 7 nets.
[INFO GRT-0009] rerouting 10 nets.
[INFO GRT-0009] rerouting 14 nets.
[INFO GRT-0001] Minimum degree: 3
[INFO GRT-0002] Maximum degree: 3
[INFO GRT-0009] rerouting 4 nets.
[INFO GRT-0001] Minimum degree: 4
[INFO GRT-0002] Maximum degree: 11
[INFO GRT-0009] rerouting 3 nets.
[INFO GRT-0001] Minimum degree: 3
[INFO GRT-0002] Maximum degree: 3
[INFO GRT-0009] rerouting 6 nets.
[INFO GRT-0009] rerouting 9 nets.
[INFO GRT-0009] rerouting 13 nets.
[INFO GRT-0001] Minimum degree: 3
[INFO GRT-0002] Maximum degree: 3
[INFO GRT-0009] rerouting 3 nets.
[INFO GRT-0009] rerouting 7 nets.
[INFO GRT-0001] Minimum degree: 5
[INFO GRT-0002] Maximum degree: 5
[INFO GRT-0009] rerouting 5 nets.
[INFO GRT-0009] rerouting 10 nets.
[INFO GRT-0001] Minimum degree: 4
[INFO GRT-0002] Maximum degree: 5
[INFO GRT-0009] rerouting 3 nets.
[INFO GRT-0009] rerouting 6 nets.
[INFO GRT-0009] rerouting 7 nets.
[INFO GRT-0009] rerouting 11 nets.
[INFO GRT-0001] Minimum degree: 4
[INFO GRT-0002] Maximum degree: 5
[INFO GRT-0009] rerouting 4 nets.
[INFO GRT-0001] Minimum degree: 3
[INFO GRT-0002] Maximum degree: 4
[INFO GRT-0009] rerouting 5 nets.
[INFO GRT-0009] rerouting 9 nets.
[INFO GRT-0009] rerouting 14 nets.
[INFO GRT-0001] Minimum degree: 5
[INFO GRT-0002] Maximum degree: 5
[INFO GRT-0009] rerouting 4 nets.
[INFO GRT-0009] rerouting 7 nets.
[INFO GRT-0001] Minimum degree: 3
[INFO GRT-0002] Maximum degree: 3
[INFO GRT-0009] rerouting 3 nets.
[INFO GRT-0001] Minimum degree: 3
[INFO GRT-0002] Maximum degree: 3
[INFO GRT-0009] rerouting 4 nets.
[INFO GRT-0001] Minimum degree: 4
[INFO GRT-0002] Maximum degree: 4
[INFO GRT-0009] rerouting 2 nets.
[INFO GRT-0009] rerouting 5 nets.
[INFO GRT-0001] Minimum degree: 3
[INFO GRT-0002] Maximum degree: 3
[INFO GRT-0009] rerouting 3 nets.
[INFO GRT-0009] rerouting 5 nets.
[INFO GRT-0009] rerouting 10 nets.
[INFO GRT-0009] rerouting 15 nets.
[INFO GRT-0009] rerouting 18 nets.
[INFO GRT-0001] Minimum degree: 4
[INFO GRT-0002] Maximum degree: 4
[INFO GRT-0009] rerouting 4 nets.
[INFO GRT-0009] rerouting 9 nets.
[INFO GRT-0009] rerouting 12 nets.
[INFO GRT-0001] Minimum degree: 3
[INFO GRT-0002] Maximum degree: 3
[INFO GRT-0009] rerouting 3 nets.
[INFO GRT-0009] rerouting 5 nets.
[INFO GRT-0009] rerouting 8 nets.
[INFO GRT-0009] rerouting 12 nets.
[INFO GRT-0001] Minimum degree: 5
[INFO GRT-0002] Maximum degree: 5
[INFO GRT-0009] rerouting 5 nets.
[INFO GRT-0009] rerouting 8 nets.
[INFO GRT-0001] Minimum degree: 3
[INFO GRT-0002] Maximum degree: 3
[INFO GRT-0009] rerouting 3 nets.
[INFO GRT-0009] rerouting 6 nets.
[INFO GRT-0001] Minimum degree: 3
[INFO GRT-0002] Maximum degree: 3
[INFO GRT-0009] rerouting 2 nets.
[INFO GRT-0009] rerouting 7 nets.
[INFO GRT-0009] rerouting 12 nets.
[INFO GRT-0001] Minimum degree: 2
[INFO GRT-0002] Maximum degree: 6
[INFO GRT-0009] rerouting 4 nets.
[INFO GRT-0009] rerouting 6 nets.
[INFO GRT-0009] rerouting 6 nets.
[INFO GRT-0009] rerouting 6 nets.
[INFO GRT-0009] rerouting 11 nets.
[INFO GRT-0001] Minimum degree: 11
[INFO GRT-0002] Maximum degree: 11
[INFO GRT-0009] rerouting 4 nets.
[INFO GRT-0001] Minimum degree: 2147483647
[INFO GRT-0002] Maximum degree: 1
[INFO GRT-0009] rerouting 5 nets.
[INFO GRT-0001] Minimum degree: 6
[INFO GRT-0002] Maximum degree: 6
[INFO GRT-0009] rerouting 3 nets.
[INFO GRT-0009] rerouting 7 nets.
[INFO GRT-0009] rerouting 12 nets.
[INFO GRT-0009] rerouting 17 nets.
[INFO GRT-0009] rerouting 22 nets.
[INFO GRT-0001] Minimum degree: 3
[INFO GRT-0002] Maximum degree: 5
[INFO GRT-0009] rerouting 5 nets.
[INFO GRT-0009] rerouting 9 nets.
[INFO GRT-0009] rerouting 13 nets.
[INFO GRT-0009] rerouting 15 nets.
[INFO GRT-0001] Minimum degree: 11
[INFO GRT-0002] Maximum degree: 11
[INFO GRT-0009] rerouting 4 nets.
[INFO GRT-0001] Minimum degree: 4
[INFO GRT-0002] Maximum degree: 4
[INFO GRT-0009] rerouting 6 nets.
[INFO GRT-0001] Minimum degree: 3
[INFO GRT-0002] Maximum degree: 3
[INFO GRT-0009] rerouting 6 nets.
[INFO GRT-0001] Minimum degree: 4
[INFO GRT-0002] Maximum degree: 4
[INFO GRT-0009] rerouting 4 nets.
[INFO GRT-0001] Minimum degree: 3
[INFO GRT-0002] Maximum degree: 11
[INFO GRT-0009] rerouting 2 nets.
[INFO GRT-0009] rerouting 4 nets.
[INFO GRT-0001] Minimum degree: 2
[INFO GRT-0002] Maximum degree: 3
[INFO GRT-0009] rerouting 2 nets.
[WARNING RSZ-0073] driver pin _32647_/Y not found in global routes
[WARNING RSZ-0075] makeBufferedNet failed for driver _32647_/Y
[INFO GRT-0009] rerouting 4 nets.
[WARNING RSZ-0073] driver pin _32647_/Y not found in global routes
[WARNING RSZ-0075] makeBufferedNet failed for driver _32647_/Y
[INFO GRT-0009] rerouting 4 nets.
[INFO GRT-0009] rerouting 8 nets.
[INFO GRT-0009] rerouting 13 nets.
[INFO GRT-0001] Minimum degree: 5
[INFO GRT-0002] Maximum degree: 5
[INFO GRT-0009] rerouting 4 nets.
[INFO GRT-0001] Minimum degree: 3
[INFO GRT-0002] Maximum degree: 5
[INFO GRT-0009] rerouting 2 nets.
[INFO GRT-0009] rerouting 7 nets.
[INFO GRT-0001] Minimum degree: 3
[INFO GRT-0002] Maximum degree: 5
[INFO GRT-0009] rerouting 3 nets.
[INFO GRT-0009] rerouting 6 nets.
[INFO GRT-0009] rerouting 8 nets.
[INFO GRT-0001] Minimum degree: 3
[INFO GRT-0002] Maximum degree: 3
[INFO GRT-0009] rerouting 4 nets.
[INFO GRT-0009] rerouting 8 nets.
[INFO GRT-0001] Minimum degree: 4
[INFO GRT-0002] Maximum degree: 4
[INFO GRT-0009] rerouting 3 nets.
[INFO GRT-0001] Minimum degree: 3
[INFO GRT-0002] Maximum degree: 3
[INFO GRT-0009] rerouting 3 nets.
[INFO GRT-0009] rerouting 7 nets.
[INFO GRT-0009] rerouting 9 nets.
[INFO GRT-0001] Minimum degree: 6
[INFO GRT-0002] Maximum degree: 7
[INFO GRT-0009] rerouting 2 nets.
[INFO GRT-0009] rerouting 4 nets.
[INFO GRT-0009] rerouting 4 nets.
[INFO GRT-0009] rerouting 7 nets.
[WARNING RSZ-0073] driver pin _32647_/Y not found in global routes
[WARNING RSZ-0075] makeBufferedNet failed for driver _32647_/Y
[INFO GRT-0009] rerouting 10 nets.
[INFO GRT-0009] rerouting 14 nets.
[WARNING RSZ-0073] driver pin _32647_/Y not found in global routes
[WARNING RSZ-0075] makeBufferedNet failed for driver _32647_/Y
[INFO GRT-0009] rerouting 16 nets.
[INFO GRT-0009] rerouting 18 nets.
[WARNING RSZ-0073] driver pin _32647_/Y not found in global routes
[WARNING RSZ-0075] makeBufferedNet failed for driver _32647_/Y
[INFO GRT-0009] rerouting 22 nets.
[INFO GRT-0001] Minimum degree: 4
[INFO GRT-0002] Maximum degree: 5
[WARNING RSZ-0073] driver pin _32647_/Y not found in global routes
[WARNING RSZ-0075] makeBufferedNet failed for driver _32647_/Y
[INFO GRT-0009] rerouting 5 nets.
[INFO GRT-0001] Minimum degree: 4
[INFO GRT-0002] Maximum degree: 5
[INFO GRT-0009] rerouting 5 nets.
[INFO GRT-0001] Minimum degree: 5
[INFO GRT-0002] Maximum degree: 5
[INFO GRT-0009] rerouting 4 nets.
[INFO GRT-0009] rerouting 6 nets.
[INFO GRT-0001] Minimum degree: 3
[INFO GRT-0002] Maximum degree: 3
[INFO GRT-0009] rerouting 4 nets.
[INFO GRT-0009] rerouting 7 nets.
[INFO GRT-0001] Minimum degree: 4
[INFO GRT-0002] Maximum degree: 4
[INFO GRT-0009] rerouting 3 nets.
[WARNING RSZ-0073] driver pin _32647_/Y not found in global routes
[WARNING RSZ-0075] makeBufferedNet failed for driver _32647_/Y
[INFO GRT-0009] rerouting 5 nets.
[INFO GRT-0009] rerouting 10 nets.
[INFO GRT-0009] rerouting 14 nets.
[INFO GRT-0009] rerouting 17 nets.
[WARNING RSZ-0073] driver pin _32647_/Y not found in global routes
[WARNING RSZ-0075] makeBufferedNet failed for driver _32647_/Y
[INFO GRT-0009] rerouting 21 nets.
[INFO GRT-0001] Minimum degree: 4
[INFO GRT-0002] Maximum degree: 4
[WARNING RSZ-0073] driver pin _32647_/Y not found in global routes
[WARNING RSZ-0075] makeBufferedNet failed for driver _32647_/Y
[INFO GRT-0009] rerouting 4 nets.
[INFO GRT-0009] rerouting 6 nets.
[INFO GRT-0001] Minimum degree: 11
[INFO GRT-0002] Maximum degree: 11
[INFO GRT-0009] rerouting 5 nets.
[INFO GRT-0009] rerouting 7 nets.
[INFO GRT-0001] Minimum degree: 3
[INFO GRT-0002] Maximum degree: 3
[INFO GRT-0009] rerouting 5 nets.
[INFO GRT-0001] Minimum degree: 2
[INFO GRT-0002] Maximum degree: 7
[INFO GRT-0009] rerouting 5 nets.
[INFO GRT-0001] Minimum degree: 6
[INFO GRT-0002] Maximum degree: 6
[INFO GRT-0009] rerouting 2 nets.
[INFO GRT-0009] rerouting 3 nets.
[INFO GRT-0001] Minimum degree: 3
[INFO GRT-0002] Maximum degree: 6
[INFO GRT-0009] rerouting 4 nets.
[INFO GRT-0001] Minimum degree: 4
[INFO GRT-0002] Maximum degree: 4
[INFO GRT-0009] rerouting 4 nets.
[INFO GRT-0001] Minimum degree: 4
[INFO GRT-0002] Maximum degree: 5
[INFO GRT-0009] rerouting 2 nets.
[INFO GRT-0009] rerouting 2 nets.
[INFO GRT-0009] rerouting 3 nets.
[INFO GRT-0001] Minimum degree: 2
[INFO GRT-0002] Maximum degree: 5
[INFO GRT-0009] rerouting 2 nets.
[INFO GRT-0001] Minimum degree: 5
[INFO GRT-0002] Maximum degree: 5
[INFO GRT-0009] rerouting 2 nets.
[INFO GRT-0009] rerouting 4 nets.
[INFO GRT-0009] rerouting 6 nets.
[INFO GRT-0009] rerouting 6 nets.
[INFO GRT-0009] rerouting 6 nets.
[INFO GRT-0009] rerouting 8 nets.
[INFO GRT-0001] Minimum degree: 2
[INFO GRT-0002] Maximum degree: 2
[INFO GRT-0009] rerouting 5 nets.
[INFO GRT-0001] Minimum degree: 2
[INFO GRT-0002] Maximum degree: 7
[INFO GRT-0009] rerouting 5 nets.
[INFO GRT-0001] Minimum degree: 11
[INFO GRT-0002] Maximum degree: 11
[INFO GRT-0009] rerouting 2 nets.
[INFO GRT-0009] rerouting 4 nets.
[INFO GRT-0009] rerouting 6 nets.
[WARNING RSZ-0073] driver pin _32647_/Y not found in global routes
[WARNING RSZ-0075] makeBufferedNet failed for driver _32647_/Y
[WARNING RSZ-0073] driver pin _32595_/X not found in global routes
[WARNING RSZ-0075] makeBufferedNet failed for driver _32595_/X
[INFO GRT-0009] rerouting 8 nets.
[INFO GRT-0001] Minimum degree: 11
[INFO GRT-0002] Maximum degree: 11
[INFO GRT-0009] rerouting 5 nets.
[INFO GRT-0001] Minimum degree: 3
[INFO GRT-0002] Maximum degree: 7
[INFO GRT-0009] rerouting 4 nets.
[INFO GRT-0001] Minimum degree: 3
[INFO GRT-0002] Maximum degree: 3
[WARNING RSZ-0073] driver pin _32647_/Y not found in global routes
[WARNING RSZ-0075] makeBufferedNet failed for driver _32647_/Y
[INFO GRT-0009] rerouting 2 nets.
[INFO GRT-0009] rerouting 4 nets.
[INFO GRT-0009] rerouting 7 nets.
[INFO GRT-0009] rerouting 12 nets.
[INFO GRT-0001] Minimum degree: 5
[INFO GRT-0002] Maximum degree: 5
[INFO GRT-0009] rerouting 2 nets.
[WARNING RSZ-0073] driver pin _32647_/Y not found in global routes
[WARNING RSZ-0075] makeBufferedNet failed for driver _32647_/Y
[WARNING RSZ-0073] driver pin _32595_/X not found in global routes
[WARNING RSZ-0075] makeBufferedNet failed for driver _32595_/X
[INFO GRT-0009] rerouting 4 nets.
[WARNING RSZ-0073] driver pin _32647_/Y not found in global routes
[WARNING RSZ-0075] makeBufferedNet failed for driver _32647_/Y
[INFO GRT-0009] rerouting 4 nets.
[WARNING RSZ-0073] driver pin _32647_/Y not found in global routes
[WARNING RSZ-0075] makeBufferedNet failed for driver _32647_/Y
[WARNING RSZ-0073] driver pin _32595_/X not found in global routes
[WARNING RSZ-0075] makeBufferedNet failed for driver _32595_/X
[INFO GRT-0009] rerouting 6 nets.
[WARNING RSZ-0073] driver pin _32647_/Y not found in global routes
[WARNING RSZ-0075] makeBufferedNet failed for driver _32647_/Y
[WARNING RSZ-0073] driver pin _32595_/X not found in global routes
[WARNING RSZ-0075] makeBufferedNet failed for driver _32595_/X
[INFO GRT-0009] rerouting 8 nets.
[INFO GRT-0001] Minimum degree: 6
[INFO GRT-0002] Maximum degree: 7
[INFO GRT-0009] rerouting 2 nets.
[INFO GRT-0009] rerouting 4 nets.
[INFO GRT-0001] Minimum degree: 6
[INFO GRT-0002] Maximum degree: 7
[INFO GRT-0009] rerouting 2 nets.
[INFO GRT-0009] rerouting 2 nets.
[INFO GRT-0009] rerouting 2 nets.
[INFO GRT-0009] rerouting 2 nets.
[WARNING RSZ-0073] driver pin _40271_/Q not found in global routes
[WARNING RSZ-0075] makeBufferedNet failed for driver _40271_/Q
[INFO GRT-0009] rerouting 1 nets.
[INFO GRT-0001] Minimum degree: 11
[INFO GRT-0002] Maximum degree: 11
[INFO RSZ-0045] Inserted 8 buffers, 1 to split loads.
[INFO RSZ-0041] Resized 146 instances.
[WARNING RSZ-0062] Unable to repair all setup violations.
[INFO RSZ-0033] No hold violations found.
Placement Analysis
---------------------------------
total displacement        167.6 u
average displacement        0.0 u
max displacement            5.9 u
original HPWL          698222.0 u
legalized HPWL         718525.9 u
delta HPWL                    3 %

[INFO DPL-0020] Mirrored 9891 instances
[INFO DPL-0021] HPWL before          718525.9 u
[INFO DPL-0022] HPWL after           698301.6 u
[INFO DPL-0023] HPWL delta               -2.8 %
Setting global connections for newly added cells…
Writing OpenROAD database to '/openlane/designs/compute_core/runs/run_4*4/tmp/17-compute_core.odb'…
Writing netlist to '/openlane/designs/compute_core/runs/run_4*4/tmp/17-compute_core.nl.v'…
Writing powered netlist to '/openlane/designs/compute_core/runs/run_4*4/tmp/17-compute_core.pnl.v'…
Writing layout to '/openlane/designs/compute_core/runs/run_4*4/tmp/17-compute_core.def'…
Writing timing constraints to '/openlane/designs/compute_core/runs/run_4*4/tmp/17-compute_core.sdc'…
area_report

===========================================================================
report_design_area
============================================================================
Design area 254062 u^2 44% utilization.
area_report_end
