OpenROAD 41a51eaf4ca2171c92ff38afb91eb37bbd3f36da 
This program is licensed under the BSD-3 license. See the LICENSE file for details.
Components of this program may be licensed under more restrictive licenses which must be honored.
[INFO]: Reading ODB at '/openlane/designs/compute_core/runs/run_4*4/tmp/routing/22-fill.odb'…
define_corners Typical
read_liberty -corner Typical /root/.ciel/sky130A/libs.ref/sky130_fd_sc_hd/lib/sky130_fd_sc_hd__tt_025C_1v80.lib
Using 1e-12 for capacitance...
Using 1e+03 for resistance...
Using 1e-09 for time...
Using 1e+00 for voltage...
Using 1e-03 for current...
Using 1e-09 for power...
Using 1e-06 for distance...
Reading design constraints file at '/openlane/designs/compute_core/runs/run_4*4/tmp/17-compute_core.sdc'…
[INFO ORD-0030] Using 4 thread(s).
[INFO DRT-0149] Reading tech and libs.

Units:                1000
Number of layers:     13
Number of macros:     441
Number of vias:       25
Number of viarulegen: 25

[INFO DRT-0150] Reading design.

Design:                   compute_core
Die area:                 ( 0 0 ) ( 767425 778145 )
Number of track patterns: 12
Number of DEF vias:       0
Number of components:     73843
Number of terminals:      267
Number of snets:          2
Number of nets:           25120

[INFO DRT-0167] List of default vias:
  Layer mcon
    default via: L1M1_PR
  Layer via
    default via: M1M2_PR
  Layer via2
    default via: M2M3_PR
  Layer via3
    default via: M3M4_PR
  Layer via4
    default via: M4M5_PR
[INFO DRT-0162] Library cell analysis.
[INFO DRT-0163] Instance analysis.
  Complete 10000 instances.
  Complete 20000 instances.
  Complete 30000 instances.
  Complete 40000 instances.
  Complete 50000 instances.
  Complete 60000 instances.
  Complete 70000 instances.
[INFO DRT-0164] Number of unique instances = 347.
[INFO DRT-0168] Init region query.
[INFO DRT-0018]   Complete 10000 insts.
[INFO DRT-0018]   Complete 20000 insts.
[INFO DRT-0018]   Complete 30000 insts.
[INFO DRT-0018]   Complete 40000 insts.
[INFO DRT-0018]   Complete 50000 insts.
[INFO DRT-0018]   Complete 60000 insts.
[INFO DRT-0018]   Complete 70000 insts.
[INFO DRT-0024]   Complete FR_MASTERSLICE.
[INFO DRT-0024]   Complete licon.
[INFO DRT-0024]   Complete li1.
[INFO DRT-0024]   Complete mcon.
[INFO DRT-0024]   Complete met1.
[INFO DRT-0024]   Complete via.
[INFO DRT-0024]   Complete met2.
[INFO DRT-0024]   Complete via2.
[INFO DRT-0024]   Complete met3.
[INFO DRT-0024]   Complete via3.
[INFO DRT-0024]   Complete met4.
[INFO DRT-0024]   Complete via4.
[INFO DRT-0024]   Complete met5.
[INFO DRT-0033] FR_MASTERSLICE shape region query size = 0.
[INFO DRT-0033] licon shape region query size = 0.
[INFO DRT-0033] li1 shape region query size = 952164.
[INFO DRT-0033] mcon shape region query size = 306432.
[INFO DRT-0033] met1 shape region query size = 201082.
[INFO DRT-0033] via shape region query size = 6975.
[INFO DRT-0033] met2 shape region query size = 4321.
[INFO DRT-0033] via2 shape region query size = 5580.
[INFO DRT-0033] met3 shape region query size = 4314.
[INFO DRT-0033] via3 shape region query size = 5580.
[INFO DRT-0033] met4 shape region query size = 1521.
[INFO DRT-0033] via4 shape region query size = 98.
[INFO DRT-0033] met5 shape region query size = 126.
[INFO DRT-0165] Start pin access.
[INFO DRT-0076]   Complete 100 pins.
[INFO DRT-0076]   Complete 200 pins.
[INFO DRT-0076]   Complete 300 pins.
[INFO DRT-0076]   Complete 400 pins.
[INFO DRT-0076]   Complete 500 pins.
[INFO DRT-0076]   Complete 600 pins.
[INFO DRT-0076]   Complete 700 pins.
[INFO DRT-0076]   Complete 800 pins.
[INFO DRT-0076]   Complete 900 pins.
[INFO DRT-0077]   Complete 1000 pins.
[INFO DRT-0078]   Complete 1383 pins.
[INFO DRT-0079]   Complete 100 unique inst patterns.
[INFO DRT-0079]   Complete 200 unique inst patterns.
[INFO DRT-0079]   Complete 300 unique inst patterns.
[INFO DRT-0081]   Complete 329 unique inst patterns.
[INFO DRT-0082]   Complete 1000 groups.
[INFO DRT-0082]   Complete 2000 groups.
[INFO DRT-0082]   Complete 3000 groups.
[INFO DRT-0082]   Complete 4000 groups.
[INFO DRT-0082]   Complete 5000 groups.
[INFO DRT-0082]   Complete 6000 groups.
[INFO DRT-0082]   Complete 7000 groups.
[INFO DRT-0082]   Complete 8000 groups.
[INFO DRT-0082]   Complete 9000 groups.
[INFO DRT-0083]   Complete 10000 groups.
[INFO DRT-0084]   Complete 17021 groups.
#scanned instances     = 73843
#unique  instances     = 347
#stdCellGenAp          = 10270
#stdCellValidPlanarAp  = 84
#stdCellValidViaAp     = 7913
#stdCellPinNoAp        = 0
#stdCellPinCnt         = 82005
#instTermValidViaApCnt = 0
#macroGenAp            = 0
#macroValidPlanarAp    = 0
#macroValidViaAp       = 0
#macroNoAp             = 0
[INFO DRT-0166] Complete pin access.
[INFO DRT-0267] cpu time = 00:04:31, elapsed time = 00:01:08, memory = 434.17 (MB), peak = 450.90 (MB)
[INFO DRT-0156] guideIn read 100000 guides.

Number of guides:     174347

[INFO DRT-0169] Post process guides.
[INFO DRT-0176] GCELLGRID X 0 DO 111 STEP 6900 ;
[INFO DRT-0177] GCELLGRID Y 0 DO 112 STEP 6900 ;
[INFO DRT-0026]   Complete 10000 origin guides.
[INFO DRT-0026]   Complete 20000 origin guides.
[INFO DRT-0026]   Complete 30000 origin guides.
[INFO DRT-0026]   Complete 40000 origin guides.
[INFO DRT-0026]   Complete 50000 origin guides.
[INFO DRT-0026]   Complete 60000 origin guides.
[INFO DRT-0026]   Complete 70000 origin guides.
[INFO DRT-0026]   Complete 80000 origin guides.
[INFO DRT-0026]   Complete 90000 origin guides.
[INFO DRT-0027]   Complete 100000 origin guides.
[INFO DRT-0028]   Complete FR_MASTERSLICE.
[INFO DRT-0028]   Complete licon.
[INFO DRT-0028]   Complete li1.
[INFO DRT-0028]   Complete mcon.
[INFO DRT-0028]   Complete met1.
[INFO DRT-0028]   Complete via.
[INFO DRT-0028]   Complete met2.
[INFO DRT-0028]   Complete via2.
[INFO DRT-0028]   Complete met3.
[INFO DRT-0028]   Complete via3.
[INFO DRT-0028]   Complete met4.
[INFO DRT-0028]   Complete via4.
[INFO DRT-0028]   Complete met5.
  complete 10000 nets.
[INFO DRT-1000] Pin _21611_/X not in any guide. Attempting to patch guides to cover (at least part of) the pin.
  complete 20000 nets.
[INFO DRT-0178] Init guide query.
[INFO DRT-0029]   Complete 10000 nets (guide).
[INFO DRT-0029]   Complete 20000 nets (guide).
[INFO DRT-0035]   Complete FR_MASTERSLICE (guide).
[INFO DRT-0035]   Complete licon (guide).
[INFO DRT-0035]   Complete li1 (guide).
[INFO DRT-0035]   Complete mcon (guide).
[INFO DRT-0035]   Complete met1 (guide).
[INFO DRT-0035]   Complete via (guide).
[INFO DRT-0035]   Complete met2 (guide).
[INFO DRT-0035]   Complete via2 (guide).
[INFO DRT-0035]   Complete met3 (guide).
[INFO DRT-0035]   Complete via3 (guide).
[INFO DRT-0035]   Complete met4 (guide).
[INFO DRT-0035]   Complete via4 (guide).
[INFO DRT-0035]   Complete met5 (guide).
[INFO DRT-0036] FR_MASTERSLICE guide region query size = 0.
[INFO DRT-0036] licon guide region query size = 0.
[INFO DRT-0036] li1 guide region query size = 64054.
[INFO DRT-0036] mcon guide region query size = 0.
[INFO DRT-0036] met1 guide region query size = 48666.
[INFO DRT-0036] via guide region query size = 0.
[INFO DRT-0036] met2 guide region query size = 24015.
[INFO DRT-0036] via2 guide region query size = 0.
[INFO DRT-0036] met3 guide region query size = 954.
[INFO DRT-0036] via3 guide region query size = 0.
[INFO DRT-0036] met4 guide region query size = 398.
[INFO DRT-0036] via4 guide region query size = 0.
[INFO DRT-0036] met5 guide region query size = 0.
[INFO DRT-0179] Init gr pin query.
[INFO DRT-0245] skipped writing guide updates to database.
[INFO DRT-0185] Post process initialize RPin region query.
[INFO DRT-0181] Start track assignment.
[INFO DRT-0184] Done with 88467 vertical wires in 3 frboxes and 49620 horizontal wires in 3 frboxes.
[INFO DRT-0186] Done with 6964 vertical wires in 3 frboxes and 14624 horizontal wires in 3 frboxes.
[INFO DRT-0182] Complete track assignment.
[INFO DRT-0267] cpu time = 00:00:11, elapsed time = 00:00:04, memory = 704.67 (MB), peak = 773.22 (MB)
[INFO DRT-0187] Start routing data preparation.
[INFO DRT-0267] cpu time = 00:00:00, elapsed time = 00:00:00, memory = 704.67 (MB), peak = 773.22 (MB)
[INFO DRT-0194] Start detail routing.
[INFO DRT-0195] Start 0th optimization iteration.
    Completing 10% with 0 violations.
    elapsed time = 00:00:07, memory = 1181.84 (MB).
    Completing 20% with 0 violations.
    elapsed time = 00:00:20, memory = 1829.09 (MB).
    Completing 30% with 2549 violations.
    elapsed time = 00:00:28, memory = 1112.22 (MB).
    Completing 40% with 2549 violations.
    elapsed time = 00:00:37, memory = 1600.26 (MB).
    Completing 50% with 2549 violations.
    elapsed time = 00:00:45, memory = 2042.64 (MB).
    Completing 60% with 5213 violations.
    elapsed time = 00:00:59, memory = 1532.44 (MB).
    Completing 70% with 5213 violations.
    elapsed time = 00:01:10, memory = 2051.00 (MB).
    Completing 80% with 7761 violations.
    elapsed time = 00:01:19, memory = 1268.63 (MB).
    Completing 90% with 7761 violations.
    elapsed time = 00:01:34, memory = 1757.21 (MB).
    Completing 100% with 10413 violations.
    elapsed time = 00:01:41, memory = 977.91 (MB).
[INFO DRT-0199]   Number of violations = 14563.
Viol/Layer         li1   mcon   met1    via   met2   met3   met4
Cut Spacing          0     11      0      0      0      0      0
Metal Spacing      133      0   2446      0    341     12      2
Min Hole             0      0     41      0      0      0      0
NS Metal             3      0      0      0      0      0      0
Recheck              1      0   2870      0   1149    104     26
Short                0      2   6949      4    469      0      0
[INFO DRT-0267] cpu time = 00:06:25, elapsed time = 00:01:42, memory = 1080.00 (MB), peak = 2179.62 (MB)
Total wire length = 818503 um.
Total wire length on LAYER li1 = 0 um.
Total wire length on LAYER met1 = 396452 um.
Total wire length on LAYER met2 = 348949 um.
Total wire length on LAYER met3 = 41859 um.
Total wire length on LAYER met4 = 31240 um.
Total wire length on LAYER met5 = 0 um.
Total number of vias = 164247.
Up-via summary (total 164247):.

-------------------------
 FR_MASTERSLICE         0
            li1     81381
           met1     81004
           met2      1289
           met3       573
           met4         0
-------------------------
                   164247


[INFO DRT-0195] Start 1st optimization iteration.
    Completing 10% with 14563 violations.
    elapsed time = 00:00:07, memory = 1448.33 (MB).
    Completing 20% with 14563 violations.
    elapsed time = 00:00:20, memory = 1921.11 (MB).
    Completing 30% with 12631 violations.
    elapsed time = 00:00:26, memory = 1100.96 (MB).
    Completing 40% with 12631 violations.
    elapsed time = 00:00:37, memory = 1682.64 (MB).
    Completing 50% with 12631 violations.
    elapsed time = 00:00:48, memory = 2169.74 (MB).
    Completing 60% with 10554 violations.
    elapsed time = 00:00:58, memory = 1431.96 (MB).
    Completing 70% with 10554 violations.
    elapsed time = 00:01:06, memory = 1903.19 (MB).
    Completing 80% with 8724 violations.
    elapsed time = 00:01:16, memory = 1196.76 (MB).
    Completing 90% with 8724 violations.
    elapsed time = 00:01:32, memory = 1707.34 (MB).
    Completing 100% with 6793 violations.
    elapsed time = 00:01:41, memory = 1022.05 (MB).
[INFO DRT-0199]   Number of violations = 6809.
Viol/Layer        mcon   met1    via   met2   met3   met4
Cut Spacing          7      0      0      0      0      0
Metal Spacing        0   1412      0    150      1      1
Min Hole             0     12      0      0      0      0
Recheck              0     14      0      4      5      0
Short                0   5003      1    195      0      4
[INFO DRT-0267] cpu time = 00:06:19, elapsed time = 00:01:41, memory = 1127.51 (MB), peak = 2211.54 (MB)
Total wire length = 813361 um.
Total wire length on LAYER li1 = 0 um.
Total wire length on LAYER met1 = 394950 um.
Total wire length on LAYER met2 = 346060 um.
Total wire length on LAYER met3 = 41618 um.
Total wire length on LAYER met4 = 30732 um.
Total wire length on LAYER met5 = 0 um.
Total number of vias = 163616.
Up-via summary (total 163616):.

-------------------------
 FR_MASTERSLICE         0
            li1     81344
           met1     80413
           met2      1291
           met3       568
           met4         0
-------------------------
                   163616


[INFO DRT-0195] Start 2nd optimization iteration.
    Completing 10% with 6809 violations.
    elapsed time = 00:00:05, memory = 1412.31 (MB).
    Completing 20% with 6809 violations.
    elapsed time = 00:00:15, memory = 1947.57 (MB).
    Completing 30% with 6697 violations.
    elapsed time = 00:00:19, memory = 1031.00 (MB).
    Completing 40% with 6697 violations.
    elapsed time = 00:00:32, memory = 1619.13 (MB).
    Completing 50% with 6697 violations.
    elapsed time = 00:00:42, memory = 2082.29 (MB).
    Completing 60% with 6539 violations.
    elapsed time = 00:00:49, memory = 1389.33 (MB).
    Completing 70% with 6539 violations.
    elapsed time = 00:01:01, memory = 1859.48 (MB).
    Completing 80% with 6248 violations.
    elapsed time = 00:01:10, memory = 1230.55 (MB).
    Completing 90% with 6248 violations.
    elapsed time = 00:01:21, memory = 1805.53 (MB).
    Completing 100% with 5897 violations.
    elapsed time = 00:01:31, memory = 1042.23 (MB).
[INFO DRT-0199]   Number of violations = 6481.
Viol/Layer        mcon   met1   met2   met3   met4
Cut Spacing         12      0      0      0      0
Metal Spacing        0   1235    111      2      0
Min Hole             0      8      0      0      0
Recheck              0    294      0    290      0
Short                0   4400    124      0      5
[INFO DRT-0267] cpu time = 00:05:58, elapsed time = 00:01:32, memory = 1138.26 (MB), peak = 2272.98 (MB)
Total wire length = 811106 um.
Total wire length on LAYER li1 = 0 um.
Total wire length on LAYER met1 = 394112 um.
Total wire length on LAYER met2 = 344309 um.
Total wire length on LAYER met3 = 41561 um.
Total wire length on LAYER met4 = 31123 um.
Total wire length on LAYER met5 = 0 um.
Total number of vias = 163275.
Up-via summary (total 163275):.

-------------------------
 FR_MASTERSLICE         0
            li1     81343
           met1     80097
           met2      1265
           met3       570
           met4         0
-------------------------
                   163275


[INFO DRT-0195] Start 3rd optimization iteration.
    Completing 10% with 6481 violations.
    elapsed time = 00:00:07, memory = 1585.21 (MB).
    Completing 20% with 6481 violations.
    elapsed time = 00:00:18, memory = 2120.03 (MB).
    Completing 30% with 5166 violations.
    elapsed time = 00:00:25, memory = 1336.24 (MB).
    Completing 40% with 5166 violations.
    elapsed time = 00:00:35, memory = 1846.11 (MB).
    Completing 50% with 5166 violations.
    elapsed time = 00:00:43, memory = 2263.33 (MB).
    Completing 60% with 3330 violations.
    elapsed time = 00:00:51, memory = 1678.55 (MB).
    Completing 70% with 3330 violations.
    elapsed time = 00:00:59, memory = 2181.89 (MB).
    Completing 80% with 1951 violations.
    elapsed time = 00:01:06, memory = 1336.98 (MB).
    Completing 90% with 1951 violations.
    elapsed time = 00:01:18, memory = 1838.09 (MB).
    Completing 100% with 429 violations.
    elapsed time = 00:01:23, memory = 1050.76 (MB).
[INFO DRT-0199]   Number of violations = 429.
Viol/Layer        mcon   met1   met2   met3
Cut Spacing          3      0      0      0
Metal Spacing        0    157     24      8
Short                0    200     24     13
[INFO DRT-0267] cpu time = 00:05:21, elapsed time = 00:01:23, memory = 1080.85 (MB), peak = 2286.39 (MB)
Total wire length = 811670 um.
Total wire length on LAYER li1 = 0 um.
Total wire length on LAYER met1 = 384996 um.
Total wire length on LAYER met2 = 346530 um.
Total wire length on LAYER met3 = 49056 um.
Total wire length on LAYER met4 = 31087 um.
Total wire length on LAYER met5 = 0 um.
Total number of vias = 166680.
Up-via summary (total 166680):.

-------------------------
 FR_MASTERSLICE         0
            li1     81343
           met1     82383
           met2      2380
           met3       574
           met4         0
-------------------------
                   166680


[INFO DRT-0195] Start 4th optimization iteration.
    Completing 10% with 429 violations.
    elapsed time = 00:00:00, memory = 1264.73 (MB).
    Completing 20% with 429 violations.
    elapsed time = 00:00:01, memory = 1435.50 (MB).
    Completing 30% with 280 violations.
    elapsed time = 00:00:03, memory = 1147.31 (MB).
    Completing 40% with 280 violations.
    elapsed time = 00:00:04, memory = 1259.56 (MB).
    Completing 50% with 280 violations.
    elapsed time = 00:00:07, memory = 1336.64 (MB).
    Completing 60% with 169 violations.
    elapsed time = 00:00:09, memory = 1252.60 (MB).
    Completing 70% with 169 violations.
    elapsed time = 00:00:09, memory = 1375.60 (MB).
    Completing 80% with 64 violations.
    elapsed time = 00:00:10, memory = 1066.09 (MB).
    Completing 90% with 64 violations.
    elapsed time = 00:00:11, memory = 1249.14 (MB).
    Completing 100% with 13 violations.
    elapsed time = 00:00:12, memory = 1061.11 (MB).
[INFO DRT-0199]   Number of violations = 13.
Viol/Layer        met1   met2
Metal Spacing        5      1
Short                5      2
[INFO DRT-0267] cpu time = 00:00:42, elapsed time = 00:00:12, memory = 1061.11 (MB), peak = 2286.39 (MB)
Total wire length = 811687 um.
Total wire length on LAYER li1 = 0 um.
Total wire length on LAYER met1 = 384698 um.
Total wire length on LAYER met2 = 346558 um.
Total wire length on LAYER met3 = 49356 um.
Total wire length on LAYER met4 = 31073 um.
Total wire length on LAYER met5 = 0 um.
Total number of vias = 166732.
Up-via summary (total 166732):.

-------------------------
 FR_MASTERSLICE         0
            li1     81343
           met1     82412
           met2      2405
           met3       572
           met4         0
-------------------------
                   166732


[INFO DRT-0195] Start 5th optimization iteration.
    Completing 10% with 13 violations.
    elapsed time = 00:00:00, memory = 1061.11 (MB).
    Completing 20% with 13 violations.
    elapsed time = 00:00:00, memory = 1061.11 (MB).
    Completing 30% with 8 violations.
    elapsed time = 00:00:00, memory = 1104.83 (MB).
    Completing 40% with 8 violations.
    elapsed time = 00:00:00, memory = 1104.83 (MB).
    Completing 50% with 8 violations.
    elapsed time = 00:00:00, memory = 1104.83 (MB).
    Completing 60% with 4 violations.
    elapsed time = 00:00:00, memory = 1145.47 (MB).
    Completing 70% with 4 violations.
    elapsed time = 00:00:00, memory = 1145.47 (MB).
    Completing 80% with 4 violations.
    elapsed time = 00:00:05, memory = 1101.51 (MB).
    Completing 90% with 4 violations.
    elapsed time = 00:00:05, memory = 1101.51 (MB).
    Completing 100% with 4 violations.
    elapsed time = 00:00:06, memory = 1101.51 (MB).
[INFO DRT-0199]   Number of violations = 4.
Viol/Layer        met1   met2
Metal Spacing        1      1
Short                0      2
[INFO DRT-0267] cpu time = 00:00:08, elapsed time = 00:00:06, memory = 1101.51 (MB), peak = 2286.39 (MB)
Total wire length = 811678 um.
Total wire length on LAYER li1 = 0 um.
Total wire length on LAYER met1 = 384698 um.
Total wire length on LAYER met2 = 346550 um.
Total wire length on LAYER met3 = 49356 um.
Total wire length on LAYER met4 = 31073 um.
Total wire length on LAYER met5 = 0 um.
Total number of vias = 166735.
Up-via summary (total 166735):.

-------------------------
 FR_MASTERSLICE         0
            li1     81343
           met1     82415
           met2      2405
           met3       572
           met4         0
-------------------------
                   166735


[INFO DRT-0195] Start 6th optimization iteration.
    Completing 10% with 4 violations.
    elapsed time = 00:00:00, memory = 1101.51 (MB).
    Completing 20% with 4 violations.
    elapsed time = 00:00:00, memory = 1101.51 (MB).
    Completing 30% with 4 violations.
    elapsed time = 00:00:00, memory = 1101.51 (MB).
    Completing 40% with 4 violations.
    elapsed time = 00:00:00, memory = 1101.51 (MB).
    Completing 50% with 4 violations.
    elapsed time = 00:00:00, memory = 1101.51 (MB).
    Completing 60% with 4 violations.
    elapsed time = 00:00:00, memory = 1101.51 (MB).
    Completing 70% with 4 violations.
    elapsed time = 00:00:00, memory = 1101.51 (MB).
    Completing 80% with 2 violations.
    elapsed time = 00:00:06, memory = 1093.45 (MB).
    Completing 90% with 2 violations.
    elapsed time = 00:00:06, memory = 1093.45 (MB).
    Completing 100% with 2 violations.
    elapsed time = 00:00:06, memory = 1093.45 (MB).
[INFO DRT-0199]   Number of violations = 2.
Viol/Layer        met1
Short                2
[INFO DRT-0267] cpu time = 00:00:03, elapsed time = 00:00:06, memory = 1093.45 (MB), peak = 2286.39 (MB)
Total wire length = 811681 um.
Total wire length on LAYER li1 = 0 um.
Total wire length on LAYER met1 = 384697 um.
Total wire length on LAYER met2 = 346545 um.
Total wire length on LAYER met3 = 49364 um.
Total wire length on LAYER met4 = 31073 um.
Total wire length on LAYER met5 = 0 um.
Total number of vias = 166744.
Up-via summary (total 166744):.

-------------------------
 FR_MASTERSLICE         0
            li1     81343
           met1     82422
           met2      2407
           met3       572
           met4         0
-------------------------
                   166744


[INFO DRT-0195] Start 7th optimization iteration.
    Completing 10% with 2 violations.
    elapsed time = 00:00:00, memory = 1093.45 (MB).
    Completing 20% with 2 violations.
    elapsed time = 00:00:00, memory = 1093.45 (MB).
    Completing 30% with 2 violations.
    elapsed time = 00:00:00, memory = 1093.45 (MB).
    Completing 40% with 2 violations.
    elapsed time = 00:00:00, memory = 1093.45 (MB).
    Completing 50% with 2 violations.
    elapsed time = 00:00:00, memory = 1093.45 (MB).
    Completing 60% with 2 violations.
    elapsed time = 00:00:00, memory = 1093.45 (MB).
    Completing 70% with 2 violations.
    elapsed time = 00:00:00, memory = 1093.45 (MB).
    Completing 80% with 0 violations.
    elapsed time = 00:00:00, memory = 1131.71 (MB).
    Completing 90% with 0 violations.
    elapsed time = 00:00:00, memory = 1131.71 (MB).
    Completing 100% with 0 violations.
    elapsed time = 00:00:00, memory = 1131.71 (MB).
[INFO DRT-0199]   Number of violations = 0.
[INFO DRT-0267] cpu time = 00:00:00, elapsed time = 00:00:00, memory = 1131.71 (MB), peak = 2286.39 (MB)
Total wire length = 811683 um.
Total wire length on LAYER li1 = 0 um.
Total wire length on LAYER met1 = 384700 um.
Total wire length on LAYER met2 = 346545 um.
Total wire length on LAYER met3 = 49364 um.
Total wire length on LAYER met4 = 31073 um.
Total wire length on LAYER met5 = 0 um.
Total number of vias = 166743.
Up-via summary (total 166743):.

-------------------------
 FR_MASTERSLICE         0
            li1     81343
           met1     82421
           met2      2407
           met3       572
           met4         0
-------------------------
                   166743


[INFO DRT-0198] Complete detail routing.
Total wire length = 811683 um.
Total wire length on LAYER li1 = 0 um.
Total wire length on LAYER met1 = 384700 um.
Total wire length on LAYER met2 = 346545 um.
Total wire length on LAYER met3 = 49364 um.
Total wire length on LAYER met4 = 31073 um.
Total wire length on LAYER met5 = 0 um.
Total number of vias = 166743.
Up-via summary (total 166743):.

-------------------------
 FR_MASTERSLICE         0
            li1     81343
           met1     82421
           met2      2407
           met3       572
           met4         0
-------------------------
                   166743


[INFO DRT-0267] cpu time = 00:25:01, elapsed time = 00:06:51, memory = 1131.71 (MB), peak = 2286.39 (MB)

[INFO DRT-0180] Post processing.
Setting global connections for newly added cells…
Writing OpenROAD database to '/openlane/designs/compute_core/runs/run_4*4/results/routing/compute_core.odb'…
Writing netlist to '/openlane/designs/compute_core/runs/run_4*4/results/routing/compute_core.nl.v'…
Writing powered netlist to '/openlane/designs/compute_core/runs/run_4*4/results/routing/compute_core.pnl.v'…
Writing layout to '/openlane/designs/compute_core/runs/run_4*4/results/routing/compute_core.def'…
