Mon Jul 20 09:50:13 UTC 2026 - Executing "openroad -exit -no_init -python /openlane/scripts/odbpy/lefutil.py get_metal_layers -o /openlane/designs/compute_core/runs/run_4*4/tmp/layers.list /root/.ciel/sky130A/libs.ref/sky130_fd_sc_hd/techlef/sky130_fd_sc_hd__nom.tlef"

Mon Jul 20 09:50:14 UTC 2026 - Executing "/openlane/scripts/mergeLef.py -o /openlane/designs/compute_core/runs/run_4*4/tmp/merged.nom.lef -i /root/.ciel/sky130A/libs.ref/sky130_fd_sc_hd/techlef/sky130_fd_sc_hd__nom.tlef {/root/.ciel/sky130A/libs.ref/sky130_fd_sc_hd/lef/sky130_fd_sc_hd.lef /root/.ciel/sky130A/libs.ref/sky130_fd_sc_hd/lef/sky130_ef_sc_hd.lef} |& tee /dev/null"

Mon Jul 20 09:50:14 UTC 2026 - Executing "/openlane/scripts/mergeLef.py -o /openlane/designs/compute_core/runs/run_4*4/tmp/merged.min.lef -i /root/.ciel/sky130A/libs.ref/sky130_fd_sc_hd/techlef/sky130_fd_sc_hd__min.tlef {/root/.ciel/sky130A/libs.ref/sky130_fd_sc_hd/lef/sky130_fd_sc_hd.lef /root/.ciel/sky130A/libs.ref/sky130_fd_sc_hd/lef/sky130_ef_sc_hd.lef} |& tee /dev/null"

Mon Jul 20 09:50:14 UTC 2026 - Executing "/openlane/scripts/mergeLef.py -o /openlane/designs/compute_core/runs/run_4*4/tmp/merged.max.lef -i /root/.ciel/sky130A/libs.ref/sky130_fd_sc_hd/techlef/sky130_fd_sc_hd__max.tlef {/root/.ciel/sky130A/libs.ref/sky130_fd_sc_hd/lef/sky130_fd_sc_hd.lef /root/.ciel/sky130A/libs.ref/sky130_fd_sc_hd/lef/sky130_ef_sc_hd.lef} |& tee /dev/null"

Mon Jul 20 09:50:14 UTC 2026 - Executing "python3 /openlane/scripts/mergeLib.py --output /openlane/designs/compute_core/runs/run_4*4/tmp/synthesis/merged.lib --name sky130A_merged /root/.ciel/sky130A/libs.ref/sky130_fd_sc_hd/lib/sky130_fd_sc_hd__tt_025C_1v80.lib"

Mon Jul 20 09:50:14 UTC 2026 - Executing "python3 /openlane/scripts/libtrim.py --cell-file /openlane/designs/compute_core/runs/run_4*4/tmp/synthesis/trimmed.lib.exclude.list --output /openlane/designs/compute_core/runs/run_4*4/tmp/synthesis/trimmed.lib /openlane/designs/compute_core/runs/run_4*4/tmp/synthesis/merged.lib"

Mon Jul 20 09:50:14 UTC 2026 - Executing "python3 /openlane/scripts/libtrim.py --cell-file /openlane/designs/compute_core/runs/run_4*4/tmp/cts/cts.lib.exclude.list --output /openlane/designs/compute_core/runs/run_4*4/tmp/cts/cts.lib /root/.ciel/sky130A/libs.ref/sky130_fd_sc_hd/lib/sky130_fd_sc_hd__tt_025C_1v80.lib"

Mon Jul 20 09:50:15 UTC 2026 - Executing "python3 /openlane/scripts/libtrim.py --cell-file /openlane/designs/compute_core/runs/run_4*4/tmp/cts/cts-fastest.lib.exclude.list --output /openlane/designs/compute_core/runs/run_4*4/tmp/cts/cts-fastest.lib /root/.ciel/sky130A/libs.ref/sky130_fd_sc_hd/lib/sky130_fd_sc_hd__ff_n40C_1v95.lib"

Mon Jul 20 09:50:15 UTC 2026 - Executing "python3 /openlane/scripts/libtrim.py --cell-file /openlane/designs/compute_core/runs/run_4*4/tmp/cts/cts-slowest.lib.exclude.list --output /openlane/designs/compute_core/runs/run_4*4/tmp/cts/cts-slowest.lib /root/.ciel/sky130A/libs.ref/sky130_fd_sc_hd/lib/sky130_fd_sc_hd__ss_100C_1v60.lib"

Mon Jul 20 09:50:15 UTC 2026 - Executing "python3 /openlane/scripts/new_tracks.py -i /root/.ciel/sky130A/libs.tech/openlane/sky130_fd_sc_hd/tracks.info -o /openlane/designs/compute_core/runs/run_4*4/tmp/routing/config.tracks"

Mon Jul 20 09:50:15 UTC 2026 - Executing "echo {OpenLane ff5509f65b17bfa4068d5336495ab1718987ff69} > /openlane/designs/compute_core/runs/run_4*4/OPENLANE_COMMIT"

Mon Jul 20 09:50:15 UTC 2026 - Executing "bash -c {verilator  --lint-only  -Wall  --Wno-DECLFILENAME  --top-module compute_core  /openlane/designs/compute_core/src/fp16_adder.v /openlane/designs/compute_core/src/fp16_mul.v /openlane/designs/compute_core/src/pe.v /openlane/designs/compute_core/src/skew_buffer.v /openlane/designs/compute_core/src/skew_network.v /openlane/designs/compute_core/src/systolic_array.v /openlane/designs/compute_core/src/compute_core.v -Wno-fatal --relative-includes |& tee /openlane/designs/compute_core/runs/run_4*4/logs/synthesis/linter.log /dev/null}"

Mon Jul 20 09:50:18 UTC 2026 - Executing "sed -E {s/^([[:space:]]+)pg_pin(.*)/\1pin\2\n\1    direction : "inout";/g} /root/.ciel/sky130A/libs.ref/sky130_fd_sc_hd/lib/sky130_fd_sc_hd__tt_025C_1v80.lib > /openlane/designs/compute_core/runs/run_4*4/tmp/synthesis/1-sky130_fd_sc_hd__tt_025C_1v80.no_pg.lib"

Mon Jul 20 09:50:18 UTC 2026 - Executing "sed -E {s/^([[:space:]]+)pg_pin(.*)/\1pin\2\n\1    direction : "inout";/g} /openlane/designs/compute_core/runs/run_4*4/tmp/synthesis/trimmed.lib > /openlane/designs/compute_core/runs/run_4*4/tmp/synthesis/1-trimmed.no_pg.lib"

Mon Jul 20 09:50:18 UTC 2026 - Executing "yosys -c /openlane/scripts/yosys/synth.tcl |& tee /dev/null /openlane/designs/compute_core/runs/run_4*4/logs/synthesis/1-synthesis.log"

Mon Jul 20 09:51:22 UTC 2026 - Executing "sed -i.bak -e {s/\(set ::env(CURRENT_NETLIST)\).*/\1 \/openlane\/designs\/compute_core\/runs\/run_4*4\/results\/synthesis\/compute_core.v/} /openlane/designs/compute_core/runs/run_4*4/config.tcl"

Mon Jul 20 09:51:22 UTC 2026 - Executing "sed -i.bak /defparam/d /openlane/designs/compute_core/runs/run_4*4/results/synthesis/compute_core.v"

Mon Jul 20 09:51:22 UTC 2026 - Executing "sta -exit -no_init /openlane/scripts/openroad/sta/multi_corner.tcl |& tee /dev/null /openlane/designs/compute_core/runs/run_4*4/logs/synthesis/2-sta.log"

Mon Jul 20 09:51:24 UTC 2026 - Executing "openroad -exit /openlane/scripts/openroad/floorplan.tcl |& tee /dev/null /openlane/designs/compute_core/runs/run_4*4/logs/floorplan/3-initial_fp.log"

Mon Jul 20 09:51:25 UTC 2026 - Executing "openroad -exit -no_init -python /openlane/scripts/odbpy/defutil.py extract_core_dims --output-data /openlane/designs/compute_core/runs/run_4*4/tmp/dimensions.txt --input-lef /openlane/designs/compute_core/runs/run_4*4/tmp/merged.nom.lef /openlane/designs/compute_core/runs/run_4*4/tmp/floorplan/3-initial_fp.def"

Mon Jul 20 09:51:26 UTC 2026 - Executing "openroad -exit /openlane/scripts/openroad/ioplacer.tcl |& tee /dev/null /openlane/designs/compute_core/runs/run_4*4/logs/floorplan/4-io.log"

Mon Jul 20 09:51:26 UTC 2026 - Executing "openroad -exit /openlane/scripts/openroad/tapcell.tcl |& tee /dev/null /openlane/designs/compute_core/runs/run_4*4/logs/floorplan/5-tap.log"

Mon Jul 20 09:51:27 UTC 2026 - Executing "openroad -exit /openlane/scripts/openroad/pdn.tcl |& tee /dev/null /openlane/designs/compute_core/runs/run_4*4/logs/floorplan/6-pdn.log"

Mon Jul 20 09:51:29 UTC 2026 - Executing "openroad -exit /openlane/scripts/openroad/gpl.tcl |& tee /dev/null /openlane/designs/compute_core/runs/run_4*4/logs/placement/7-global.log"

Mon Jul 20 09:52:16 UTC 2026 - Executing "sed -i.bak -e {s/\(set ::env(CURRENT_NETLIST)\).*/\1 \/openlane\/designs\/compute_core\/runs\/run_4*4\/tmp\/placement\/7-global.nl.v/} /openlane/designs/compute_core/runs/run_4*4/config.tcl"

Mon Jul 20 09:52:16 UTC 2026 - Executing "openroad -exit /openlane/scripts/openroad/sta/multi_corner.tcl |& tee /dev/null /openlane/designs/compute_core/runs/run_4*4/logs/placement/8-gpl_sta.log"

Mon Jul 20 09:52:25 UTC 2026 - Executing "openroad -exit /openlane/scripts/openroad/resizer.tcl |& tee /dev/null /openlane/designs/compute_core/runs/run_4*4/logs/placement/9-resizer.log"

Mon Jul 20 09:52:38 UTC 2026 - Executing "sed -i.bak -e {s/\(set ::env(CURRENT_NETLIST)\).*/\1 \/openlane\/designs\/compute_core\/runs\/run_4*4\/tmp\/placement\/9-resizer.nl.v/} /openlane/designs/compute_core/runs/run_4*4/config.tcl"

Mon Jul 20 09:52:38 UTC 2026 - Executing "openroad -exit /openlane/scripts/openroad/dpl.tcl |& tee /dev/null /openlane/designs/compute_core/runs/run_4*4/logs/placement/10-detailed.log"

Mon Jul 20 09:52:39 UTC 2026 - Executing "sed -i.bak -e {s/\(set ::env(CURRENT_NETLIST)\).*/\1 \/openlane\/designs\/compute_core\/runs\/run_4*4\/results\/placement\/compute_core.nl.v/} /openlane/designs/compute_core/runs/run_4*4/config.tcl"

Mon Jul 20 09:52:39 UTC 2026 - Executing "openroad -exit /openlane/scripts/openroad/sta/multi_corner.tcl |& tee /dev/null /openlane/designs/compute_core/runs/run_4*4/logs/placement/11-dpl_sta.log"

Mon Jul 20 09:52:44 UTC 2026 - Executing "openroad -exit /openlane/scripts/openroad/cts.tcl |& tee /dev/null /openlane/designs/compute_core/runs/run_4*4/logs/cts/12-cts.log"

Mon Jul 20 09:53:22 UTC 2026 - Executing "openroad -exit /openlane/scripts/openroad/sta/multi_corner.tcl |& tee /dev/null /openlane/designs/compute_core/runs/run_4*4/logs/cts/13-cts_sta.log"

Mon Jul 20 09:53:33 UTC 2026 - Executing "openroad -exit /openlane/scripts/openroad/resizer_timing.tcl |& tee /dev/null /openlane/designs/compute_core/runs/run_4*4/logs/cts/14-resizer.log"

Mon Jul 20 09:54:13 UTC 2026 - Executing "sed -i.bak -e {s/\(set ::env(CURRENT_NETLIST)\).*/\1 \/openlane\/designs\/compute_core\/runs\/run_4*4\/tmp\/cts\/14-compute_core.resized.nl.v/} /openlane/designs/compute_core/runs/run_4*4/config.tcl"

Mon Jul 20 09:54:13 UTC 2026 - Executing "openroad -exit /openlane/scripts/openroad/resizer_routing_design.tcl |& tee /dev/null /openlane/designs/compute_core/runs/run_4*4/logs/routing/15-resizer_design.log"

Mon Jul 20 09:54:32 UTC 2026 - Executing "sed -i.bak -e {s/\(set ::env(CURRENT_NETLIST)\).*/\1 \/openlane\/designs\/compute_core\/runs\/run_4*4\/tmp\/15-compute_core.nl.v/} /openlane/designs/compute_core/runs/run_4*4/config.tcl"

Mon Jul 20 09:54:32 UTC 2026 - Executing "openroad -exit /openlane/scripts/openroad/sta/multi_corner.tcl |& tee /dev/null /openlane/designs/compute_core/runs/run_4*4/logs/routing/16-rsz_design_sta.log"

Mon Jul 20 09:54:45 UTC 2026 - Executing "openroad -exit /openlane/scripts/openroad/resizer_routing_timing.tcl |& tee /dev/null /openlane/designs/compute_core/runs/run_4*4/logs/routing/17-resizer_timing.log"

Mon Jul 20 09:55:06 UTC 2026 - Executing "sed -i.bak -e {s/\(set ::env(CURRENT_NETLIST)\).*/\1 \/openlane\/designs\/compute_core\/runs\/run_4*4\/tmp\/17-compute_core.nl.v/} /openlane/designs/compute_core/runs/run_4*4/config.tcl"

Mon Jul 20 09:55:06 UTC 2026 - Executing "openroad -exit /openlane/scripts/openroad/sta/multi_corner.tcl |& tee /dev/null /openlane/designs/compute_core/runs/run_4*4/logs/routing/18-rsz_timing_sta.log"

Mon Jul 20 09:55:15 UTC 2026 - Executing "openroad -exit /openlane/scripts/openroad/groute.tcl |& tee /dev/null /openlane/designs/compute_core/runs/run_4*4/logs/routing/19-global.log"

Mon Jul 20 09:55:30 UTC 2026 - Executing "openroad -exit /openlane/scripts/openroad/write_views.tcl |& tee /dev/null /openlane/designs/compute_core/runs/run_4*4/logs/routing/19-global_write_netlist.log"

Mon Jul 20 09:55:30 UTC 2026 - Executing "sed -i.bak -e {s/\(set ::env(CURRENT_NETLIST)\).*/\1 \/openlane\/designs\/compute_core\/runs\/run_4*4\/tmp\/routing\/global.nl.v/} /openlane/designs/compute_core/runs/run_4*4/config.tcl"

Mon Jul 20 09:55:30 UTC 2026 - Executing "openroad -exit /openlane/scripts/openroad/sta/multi_corner.tcl |& tee /dev/null /openlane/designs/compute_core/runs/run_4*4/logs/routing/21-grt_sta.log"

Mon Jul 20 09:55:34 UTC 2026 - Executing "openroad -exit /openlane/scripts/openroad/fill.tcl |& tee /dev/null /openlane/designs/compute_core/runs/run_4*4/logs/routing/22-fill.log"

Mon Jul 20 09:55:36 UTC 2026 - Executing "sed -i.bak -e {s/\(set ::env(CURRENT_NETLIST)\).*/\1 \/openlane\/designs\/compute_core\/runs\/run_4*4\/tmp\/routing\/22-fill.nl.v/} /openlane/designs/compute_core/runs/run_4*4/config.tcl"

Mon Jul 20 09:55:36 UTC 2026 - Executing "openroad -exit /openlane/scripts/openroad/droute.tcl |& tee /dev/null /openlane/designs/compute_core/runs/run_4*4/logs/routing/23-detailed.log"

Mon Jul 20 10:03:47 UTC 2026 - Executing "sed -i.bak -e {s/\(set ::env(CURRENT_NETLIST)\).*/\1 \/openlane\/designs\/compute_core\/runs\/run_4*4\/results\/routing\/compute_core.nl.v/} /openlane/designs/compute_core/runs/run_4*4/config.tcl"

Mon Jul 20 10:03:47 UTC 2026 - Executing "python3 /openlane/scripts/drc_rosetta.py tr to_klayout -o /openlane/designs/compute_core/runs/run_4*4/reports/routing/drt.klayout.xml --design-name compute_core /openlane/designs/compute_core/runs/run_4*4/reports/routing/drt.drc"

Mon Jul 20 10:03:47 UTC 2026 - Executing "openroad -exit -no_init -python /openlane/scripts/odbpy/wire_lengths.py --report-out /openlane/designs/compute_core/runs/run_4*4/reports/routing/24-wire_lengths.csv --input-lef /openlane/designs/compute_core/runs/run_4*4/tmp/merged.nom.lef --output-def /dev/null --output /openlane/designs/compute_core/runs/run_4*4/results/routing/compute_core.odb /openlane/designs/compute_core/runs/run_4*4/results/routing/compute_core.odb |& tee /dev/null /openlane/designs/compute_core/runs/run_4*4/logs/routing/24-wire_lengths.log"

Mon Jul 20 10:03:48 UTC 2026 - Executing "openroad -exit /openlane/scripts/openroad/rcx.tcl |& tee /dev/null /openlane/designs/compute_core/runs/run_4*4/logs/signoff/25-parasitics_extraction.min.log"

Mon Jul 20 10:03:56 UTC 2026 - Executing "sta -exit -no_init /openlane/scripts/openroad/sta/multi_corner.tcl |& tee /dev/null /openlane/designs/compute_core/runs/run_4*4/logs/signoff/26-rcx_mcsta.min.log"

Mon Jul 20 10:04:46 UTC 2026 - Executing "openroad -exit /openlane/scripts/openroad/rcx.tcl |& tee /dev/null /openlane/designs/compute_core/runs/run_4*4/logs/signoff/27-parasitics_extraction.max.log"

Mon Jul 20 10:04:56 UTC 2026 - Executing "sta -exit -no_init /openlane/scripts/openroad/sta/multi_corner.tcl |& tee /dev/null /openlane/designs/compute_core/runs/run_4*4/logs/signoff/28-rcx_mcsta.max.log"

Mon Jul 20 10:05:49 UTC 2026 - Executing "openroad -exit /openlane/scripts/openroad/rcx.tcl |& tee /dev/null /openlane/designs/compute_core/runs/run_4*4/logs/signoff/29-parasitics_extraction.nom.log"

Mon Jul 20 10:05:57 UTC 2026 - Executing "sta -exit -no_init /openlane/scripts/openroad/sta/multi_corner.tcl |& tee /dev/null /openlane/designs/compute_core/runs/run_4*4/logs/signoff/30-rcx_mcsta.nom.log"

Mon Jul 20 10:06:51 UTC 2026 - Executing "sta -exit -no_init /openlane/scripts/openroad/sta/multi_corner.tcl |& tee /dev/null /openlane/designs/compute_core/runs/run_4*4/logs/signoff/31-rcx_sta.log"

Mon Jul 20 10:07:03 UTC 2026 - Executing "openroad -exit /openlane/scripts/openroad/irdrop.tcl |& tee /dev/null /openlane/designs/compute_core/runs/run_4*4/logs/signoff/32-irdrop.log"

Mon Jul 20 10:07:11 UTC 2026 - Executing "magic -noconsole -dnull -rcfile /root/.ciel/sky130A/libs.tech/magic/sky130A.magicrc < /openlane/scripts/magic/wrapper.tcl |& tee /dev/null /openlane/designs/compute_core/runs/run_4*4/logs/signoff/33-gdsii.log"

Mon Jul 20 10:07:29 UTC 2026 - Executing "magic -noconsole -dnull -rcfile /root/.ciel/sky130A/libs.tech/magic/sky130A.magicrc < /openlane/scripts/magic/wrapper.tcl |& tee /dev/null /openlane/designs/compute_core/runs/run_4*4/logs/signoff/33-gds_ptrs.log"

Mon Jul 20 10:07:39 UTC 2026 - Executing "sed -i.bak -n {/^<< properties >>/,/^<< end >>/p} /openlane/designs/compute_core/runs/run_4*4/tmp/signoff/gds_ptrs.mag"

Mon Jul 20 10:07:39 UTC 2026 - Executing "magic -noconsole -dnull -rcfile /root/.ciel/sky130A/libs.tech/magic/sky130A.magicrc < /openlane/scripts/magic/wrapper.tcl |& tee /dev/null /openlane/designs/compute_core/runs/run_4*4/logs/signoff/33-lef.log"

Mon Jul 20 10:08:07 UTC 2026 - Executing "magic -noconsole -dnull -rcfile /root/.ciel/sky130A/libs.tech/magic/sky130A.magicrc < /openlane/scripts/magic/wrapper.tcl |& tee /dev/null /openlane/designs/compute_core/runs/run_4*4/logs/signoff/33-maglef.log"

Mon Jul 20 10:08:07 UTC 2026 - Executing "magic -noconsole -dnull -rcfile /root/.ciel/sky130A/libs.tech/magic/sky130A.magicrc < /openlane/scripts/magic/wrapper.tcl |& tee /dev/null /openlane/designs/compute_core/runs/run_4*4/logs/signoff/34-spice.log"

Mon Jul 20 10:08:47 UTC 2026 - Executing "openroad -exit -no_init -python /openlane/scripts/odbpy/power_utils.py write_powered_def --output /openlane/designs/compute_core/runs/run_4*4/tmp/signoff/34-compute_core.p.def --input-lef /openlane/designs/compute_core/runs/run_4*4/tmp/merged.nom.lef --power-port VPWR --ground-port VGND --powered-netlist {} /openlane/designs/compute_core/runs/run_4*4/results/routing/compute_core.def |& tee /dev/null /openlane/designs/compute_core/runs/run_4*4/logs/signoff/35-write_powered_def.log"

Mon Jul 20 10:08:49 UTC 2026 - Executing "openroad -exit /openlane/scripts/openroad/write_views.tcl |& tee /dev/null /openlane/designs/compute_core/runs/run_4*4/logs/signoff/35-write_powered_verilog.log"

Mon Jul 20 10:08:52 UTC 2026 - Executing "sed -i.bak -e {s/\(set ::env(CURRENT_NETLIST)\).*/\1 \/openlane\/designs\/compute_core\/runs\/run_4*4\/tmp\/signoff\/34-compute_core.nl.v/} /openlane/designs/compute_core/runs/run_4*4/config.tcl"

Mon Jul 20 10:08:52 UTC 2026 - Executing "netgen -batch source /openlane/designs/compute_core/runs/run_4*4/tmp/signoff/37-setup_file.lef.lvs |& tee /dev/null /openlane/designs/compute_core/runs/run_4*4/logs/signoff/37-lvs.lef.log"

Mon Jul 20 10:09:05 UTC 2026 - Executing "magic -noconsole -dnull -rcfile /root/.ciel/sky130A/libs.tech/magic/sky130A.magicrc < /openlane/scripts/magic/wrapper.tcl |& tee /dev/null /openlane/designs/compute_core/runs/run_4*4/logs/signoff/38-drc.log"

Mon Jul 20 10:09:16 UTC 2026 - Executing "python3 /openlane/scripts/drc_rosetta.py magic to_tcl -o /openlane/designs/compute_core/runs/run_4*4/reports/signoff/drc.tcl /openlane/designs/compute_core/runs/run_4*4/reports/signoff/drc.rpt"

Mon Jul 20 10:09:16 UTC 2026 - Executing "python3 /openlane/scripts/drc_rosetta.py magic to_tr -o /openlane/designs/compute_core/runs/run_4*4/reports/signoff/drc.tr /openlane/designs/compute_core/runs/run_4*4/reports/signoff/drc.rpt"

Mon Jul 20 10:09:16 UTC 2026 - Executing "python3 /openlane/scripts/drc_rosetta.py tr to_klayout -o /openlane/designs/compute_core/runs/run_4*4/reports/signoff/drc.klayout.xml --design-name compute_core /openlane/designs/compute_core/runs/run_4*4/reports/signoff/drc.tr"

Mon Jul 20 10:09:16 UTC 2026 - Executing "python3 /openlane/scripts/drc_rosetta.py magic to_rdb -o /openlane/designs/compute_core/runs/run_4*4/reports/signoff/drc.rdb /openlane/designs/compute_core/runs/run_4*4/reports/signoff/drc.rpt"

Mon Jul 20 10:09:16 UTC 2026 - Executing "openroad -exit /openlane/scripts/openroad/antenna_check.tcl |& tee /dev/null /openlane/designs/compute_core/runs/run_4*4/logs/signoff/39-arc.log"

Mon Jul 20 10:09:21 UTC 2026 - Executing "python3 /openlane/scripts/extract_antenna_violators.py --output /openlane/designs/compute_core/runs/run_4*4/reports/signoff/39-antenna_violators.rpt --plain-out /openlane/designs/compute_core/runs/run_4*4/reports/signoff/39-antenna_violators_pins.txt /openlane/designs/compute_core/runs/run_4*4/logs/signoff/39-arc.log"

