OpenROAD 41a51eaf4ca2171c92ff38afb91eb37bbd3f36da 
This program is licensed under the BSD-3 license. See the LICENSE file for details.
Components of this program may be licensed under more restrictive licenses which must be honored.
[INFO]: Reading ODB at '/openlane/designs/compute_core/runs/run_4*4/results/floorplan/compute_core.odb'…
define_corners Typical
read_liberty -corner Typical /root/.ciel/sky130A/libs.ref/sky130_fd_sc_hd/lib/sky130_fd_sc_hd__tt_025C_1v80.lib
Using 1e-12 for capacitance...
Using 1e+03 for resistance...
Using 1e-09 for time...
Using 1e+00 for voltage...
Using 1e-03 for current...
Using 1e-09 for power...
Using 1e-06 for distance...
Reading design constraints file at '/openlane/designs/compute_core/runs/run_4*4/tmp/floorplan/3-initial_fp.sdc'…
[INFO]: Setting RC values...
[INFO]: Setting signal min routing layer to: met1 and clock min routing layer to met3. 
[INFO]: Setting signal max routing layer to: met5 and clock max routing layer to met5. 
[INFO GPL-0002] DBU: 1000
[INFO GPL-0003] SiteSize: 460 2720
[INFO GPL-0004] CoreAreaLxLy: 5520 10880
[INFO GPL-0005] CoreAreaUxUy: 761760 767040
[INFO GPL-0006] NumInstances: 30351
[INFO GPL-0007] NumPlaceInstances: 21675
[INFO GPL-0008] NumFixedInstances: 8676
[INFO GPL-0009] NumDummyInstances: 0
[INFO GPL-0010] NumNets: 21874
[INFO GPL-0011] NumPins: 75778
[INFO GPL-0012] DieAreaLxLy: 0 0
[INFO GPL-0013] DieAreaUxUy: 767425 778145
[INFO GPL-0014] CoreAreaLxLy: 5520 10880
[INFO GPL-0015] CoreAreaUxUy: 761760 767040
[INFO GPL-0016] CoreArea: 571838438400
[INFO GPL-0017] NonPlaceInstsArea: 12246745600
[INFO GPL-0018] PlaceInstsArea: 228848233600
[INFO GPL-0019] Util(%): 40.90
[INFO GPL-0020] StdInstsArea: 228848233600
[INFO GPL-0021] MacroInstsArea: 0
[InitialPlace]  Iter: 1 CG residual: 0.00018037 HPWL: 381542965
[InitialPlace]  Iter: 2 CG residual: 0.00005096 HPWL: 344809275
[InitialPlace]  Iter: 3 CG residual: 0.00006710 HPWL: 345091102
[InitialPlace]  Iter: 4 CG residual: 0.00002869 HPWL: 346387930
[InitialPlace]  Iter: 5 CG residual: 0.00003750 HPWL: 345867701
[InitialPlace]  Iter: 6 CG residual: 0.00002637 HPWL: 346631483
[InitialPlace]  Iter: 7 CG residual: 0.00003971 HPWL: 345991742
[InitialPlace]  Iter: 8 CG residual: 0.00003406 HPWL: 346712839
[InitialPlace]  Iter: 9 CG residual: 0.00003426 HPWL: 346088521
[InitialPlace]  Iter: 10 CG residual: 0.00002224 HPWL: 346709174
[InitialPlace]  Iter: 11 CG residual: 0.00003674 HPWL: 346090423
[InitialPlace]  Iter: 12 CG residual: 0.00002135 HPWL: 346758622
[InitialPlace]  Iter: 13 CG residual: 0.00003356 HPWL: 346134717
[InitialPlace]  Iter: 14 CG residual: 0.00002152 HPWL: 346739159
[InitialPlace]  Iter: 15 CG residual: 0.00002926 HPWL: 346089605
[InitialPlace]  Iter: 16 CG residual: 0.00002110 HPWL: 346776778
[InitialPlace]  Iter: 17 CG residual: 0.00003339 HPWL: 346129221
[InitialPlace]  Iter: 18 CG residual: 0.00002090 HPWL: 346756000
[InitialPlace]  Iter: 19 CG residual: 0.00002748 HPWL: 346124254
[InitialPlace]  Iter: 20 CG residual: 0.00002279 HPWL: 346762071
[INFO GPL-0031] FillerInit: NumGCells: 23942
[INFO GPL-0032] FillerInit: NumGNets: 21874
[INFO GPL-0033] FillerInit: NumGPins: 75778
[INFO GPL-0023] TargetDensity: 0.45
[INFO GPL-0024] AveragePlaceInstArea: 10558165
[INFO GPL-0025] IdealBinArea: 23462590
[INFO GPL-0026] IdealBinCnt: 24372
[INFO GPL-0027] TotalBinArea: 571838438400
[INFO GPL-0028] BinCnt: 128 128
[INFO GPL-0029] BinSize: 5909 5908
[INFO GPL-0030] NumBins: 16384
[NesterovSolve] Iter: 1 overflow: 0.979868 HPWL: 242218611
[NesterovSolve] Iter: 10 overflow: 0.956846 HPWL: 305558639
[NesterovSolve] Iter: 20 overflow: 0.949242 HPWL: 312683281
[NesterovSolve] Iter: 30 overflow: 0.946369 HPWL: 315723536
[NesterovSolve] Iter: 40 overflow: 0.944957 HPWL: 315889827
[NesterovSolve] Iter: 50 overflow: 0.943247 HPWL: 315696808
[NesterovSolve] Iter: 60 overflow: 0.94166 HPWL: 316475607
[NesterovSolve] Iter: 70 overflow: 0.940456 HPWL: 317614210
[NesterovSolve] Iter: 80 overflow: 0.939709 HPWL: 318371389
[NesterovSolve] Iter: 90 overflow: 0.939352 HPWL: 318712011
[NesterovSolve] Iter: 100 overflow: 0.939295 HPWL: 319002761
[NesterovSolve] Iter: 110 overflow: 0.939358 HPWL: 319449551
[NesterovSolve] Iter: 120 overflow: 0.939334 HPWL: 320128324
[NesterovSolve] Iter: 130 overflow: 0.939184 HPWL: 321196007
[NesterovSolve] Iter: 140 overflow: 0.938769 HPWL: 323130528
[NesterovSolve] Iter: 150 overflow: 0.937836 HPWL: 326522092
[NesterovSolve] Iter: 160 overflow: 0.936269 HPWL: 331886137
[NesterovSolve] Iter: 170 overflow: 0.933818 HPWL: 339647205
[NesterovSolve] Iter: 180 overflow: 0.929095 HPWL: 349940290
[NesterovSolve] Iter: 190 overflow: 0.921228 HPWL: 363166219
[NesterovSolve] Iter: 200 overflow: 0.908719 HPWL: 379289498
[NesterovSolve] Iter: 210 overflow: 0.89059 HPWL: 397735952
[NesterovSolve] Iter: 220 overflow: 0.865834 HPWL: 417501720
[NesterovSolve] Iter: 230 overflow: 0.840196 HPWL: 437274864
[NesterovSolve] Iter: 240 overflow: 0.810828 HPWL: 458376091
[INFO GPL-0100] worst slack 4.33e-10
[INFO GPL-0103] Weighted 2186 nets.
[NesterovSolve] Iter: 250 overflow: 0.779229 HPWL: 478731834
[NesterovSolve] Iter: 260 overflow: 0.746807 HPWL: 497198412
[NesterovSolve] Iter: 270 overflow: 0.721983 HPWL: 516145225
[NesterovSolve] Iter: 280 overflow: 0.697079 HPWL: 535332781
[NesterovSolve] Iter: 290 overflow: 0.665321 HPWL: 552825757
[NesterovSolve] Iter: 300 overflow: 0.636049 HPWL: 566200474
[INFO GPL-0100] worst slack 2.46e-10
[INFO GPL-0103] Weighted 2182 nets.
[NesterovSolve] Iter: 310 overflow: 0.601319 HPWL: 576361626
[NesterovSolve] Snapshot saved at iter = 310
[NesterovSolve] Iter: 320 overflow: 0.569331 HPWL: 581645520
[NesterovSolve] Iter: 330 overflow: 0.527173 HPWL: 585702660
[NesterovSolve] Iter: 340 overflow: 0.488834 HPWL: 590640898
[INFO GPL-0100] worst slack 2.06e-10
[INFO GPL-0103] Weighted 2186 nets.
[NesterovSolve] Iter: 350 overflow: 0.44355 HPWL: 594643895
[NesterovSolve] Iter: 360 overflow: 0.399891 HPWL: 594550124
[NesterovSolve] Iter: 370 overflow: 0.355031 HPWL: 596158938
[NesterovSolve] Iter: 380 overflow: 0.316088 HPWL: 598976072
[NesterovSolve] Iter: 390 overflow: 0.284562 HPWL: 600090629
[INFO GPL-0100] worst slack 3.48e-10
[INFO GPL-0103] Weighted 2187 nets.
[NesterovSolve] Iter: 400 overflow: 0.252491 HPWL: 602213826
[NesterovSolve] Iter: 410 overflow: 0.224593 HPWL: 604060748
[INFO GPL-0100] worst slack 4.29e-10
[INFO GPL-0103] Weighted 2187 nets.
[NesterovSolve] Iter: 420 overflow: 0.197169 HPWL: 606487491
[INFO GPL-0075] Routability numCall: 1 inflationIterCnt: 1 bloatIterCnt: 0
[INFO GPL-0036] TileLxLy: 0 0
[INFO GPL-0037] TileSize: 6900 6900
[INFO GPL-0038] TileCnt: 111 112
[INFO GPL-0039] numRoutingLayers: 6
[INFO GPL-0040] NumTiles: 12432
[INFO GPL-0063] TotalRouteOverflowH2: 0.0
[INFO GPL-0064] TotalRouteOverflowV2: 0.06666672229766846
[INFO GPL-0065] OverflowTileCnt2: 1
[INFO GPL-0066] 0.5%RC: 1.0005509646470883
[INFO GPL-0067] 1.0%RC: 1.0002766254037248
[INFO GPL-0068] 2.0%RC: 1.0
[INFO GPL-0069] 5.0%RC: 0.9591428474017551
[INFO GPL-0070] 0.5rcK: 1.0
[INFO GPL-0071] 1.0rcK: 1.0
[INFO GPL-0072] 2.0rcK: 0.0
[INFO GPL-0073] 5.0rcK: 0.0
[INFO GPL-0074] FinalRC: 1.0004138
[NesterovSolve] Iter: 430 overflow: 0.171288 HPWL: 608080862
[NesterovSolve] Iter: 440 overflow: 0.149569 HPWL: 609518513
[INFO GPL-0100] worst slack 4.93e-10
[INFO GPL-0103] Weighted 2187 nets.
[NesterovSolve] Iter: 450 overflow: 0.131136 HPWL: 611018556
[NesterovSolve] Iter: 460 overflow: 0.115027 HPWL: 612552914
[NesterovSolve] Finished with Overflow: 0.099341
Setting global connections for newly added cells…
Writing OpenROAD database to '/openlane/designs/compute_core/runs/run_4*4/tmp/placement/7-global.odb'…
Writing netlist to '/openlane/designs/compute_core/runs/run_4*4/tmp/placement/7-global.nl.v'…
Writing powered netlist to '/openlane/designs/compute_core/runs/run_4*4/tmp/placement/7-global.pnl.v'…
Writing layout to '/openlane/designs/compute_core/runs/run_4*4/tmp/placement/7-global.def'…
